<?xml version="1.0" encoding="UTF-8"?>
<coverage generated="1646428890486" clover="3.2.0">
  <project timestamp="1646428890486" name="All files">
    <metrics statements="738" coveredstatements="738" conditionals="213" coveredconditionals="199" methods="71" coveredmethods="71" elements="1022" coveredelements="1008" complexity="0" loc="738" ncloc="738" packages="1" files="2" classes="2"/>
    <file name="ChoiceSelection.js" path="C:\xampp\htdocs\chinamax\public\js\ChoiceSelection.js">
      <metrics statements="254" coveredstatements="254" conditionals="110" coveredconditionals="97" methods="31" coveredmethods="31"/>
      <line num="12" count="26" type="stmt"/>
      <line num="13" count="26" type="stmt"/>
      <line num="14" count="26" type="stmt"/>
      <line num="15" count="26" type="stmt"/>
      <line num="16" count="26" type="stmt"/>
      <line num="17" count="26" type="stmt"/>
      <line num="18" count="26" type="cond" truecount="2" falsecount="0"/>
      <line num="19" count="16" type="stmt"/>
      <line num="20" count="16" type="stmt"/>
      <line num="21" count="16" type="stmt"/>
      <line num="28" count="26" type="cond" truecount="2" falsecount="0"/>
      <line num="29" count="23" type="cond" truecount="2" falsecount="0"/>
      <line num="30" count="10" type="cond" truecount="2" falsecount="0"/>
      <line num="31" count="4" type="stmt"/>
      <line num="32" count="6" type="cond" truecount="2" falsecount="0"/>
      <line num="33" count="2" type="stmt"/>
      <line num="34" count="4" type="cond" truecount="1" falsecount="1"/>
      <line num="35" count="4" type="stmt"/>
      <line num="37" count="13" type="cond" truecount="2" falsecount="0"/>
      <line num="38" count="5" type="stmt"/>
      <line num="39" count="8" type="cond" truecount="1" falsecount="1"/>
      <line num="40" count="8" type="stmt"/>
      <line num="42" count="3" type="cond" truecount="2" falsecount="0"/>
      <line num="43" count="2" type="cond" truecount="2" falsecount="0"/>
      <line num="44" count="1" type="stmt"/>
      <line num="45" count="1" type="stmt"/>
      <line num="48" count="1" type="cond" truecount="1" falsecount="1"/>
      <line num="49" count="1" type="stmt"/>
      <line num="50" count="1" type="stmt"/>
      <line num="51" count="1" type="cond" truecount="1" falsecount="1"/>
      <line num="52" count="1" type="stmt"/>
      <line num="53" count="1" type="stmt"/>
      <line num="55" count="1" type="stmt"/>
      <line num="56" count="1" type="stmt"/>
      <line num="62" count="5" type="stmt"/>
      <line num="63" count="5" type="stmt"/>
      <line num="67" count="3" type="stmt"/>
      <line num="68" count="3" type="stmt"/>
      <line num="69" count="3" type="stmt"/>
      <line num="70" count="3" type="stmt"/>
      <line num="71" count="11" type="stmt"/>
      <line num="72" count="11" type="stmt"/>
      <line num="73" count="11" type="stmt"/>
      <line num="75" count="3" type="cond" truecount="2" falsecount="0"/>
      <line num="76" count="1" type="stmt"/>
      <line num="78" count="2" type="stmt"/>
      <line num="86" count="4" type="cond" truecount="2" falsecount="0"/>
      <line num="87" count="1" type="stmt"/>
      <line num="88" count="1" type="stmt"/>
      <line num="89" count="3" type="cond" truecount="2" falsecount="0"/>
      <line num="90" count="2" type="cond" truecount="2" falsecount="0"/>
      <line num="91" count="1" type="stmt"/>
      <line num="92" count="1" type="stmt"/>
      <line num="93" count="1" type="stmt"/>
      <line num="95" count="1" type="stmt"/>
      <line num="96" count="1" type="stmt"/>
      <line num="98" count="1" type="cond" truecount="1" falsecount="1"/>
      <line num="99" count="1" type="stmt"/>
      <line num="100" count="1" type="stmt"/>
      <line num="101" count="1" type="stmt"/>
      <line num="102" count="1" type="stmt"/>
      <line num="126" count="2" type="cond" truecount="2" falsecount="0"/>
      <line num="127" count="1" type="stmt"/>
      <line num="128" count="1" type="stmt"/>
      <line num="131" count="1" type="stmt"/>
      <line num="132" count="1" type="stmt"/>
      <line num="134" count="1" type="stmt"/>
      <line num="135" count="1" type="stmt"/>
      <line num="140" count="2" type="stmt"/>
      <line num="141" count="2" type="stmt"/>
      <line num="142" count="2" type="stmt"/>
      <line num="143" count="2" type="stmt"/>
      <line num="144" count="2" type="stmt"/>
      <line num="145" count="6" type="stmt"/>
      <line num="146" count="6" type="stmt"/>
      <line num="147" count="6" type="cond" truecount="2" falsecount="0"/>
      <line num="148" count="1" type="stmt"/>
      <line num="149" count="1" type="stmt"/>
      <line num="152" count="2" type="stmt"/>
      <line num="170" count="1" type="stmt"/>
      <line num="171" count="1" type="stmt"/>
      <line num="172" count="1" type="stmt"/>
      <line num="173" count="1" type="stmt"/>
      <line num="174" count="3" type="stmt"/>
      <line num="175" count="3" type="stmt"/>
      <line num="176" count="3" type="cond" truecount="2" falsecount="0"/>
      <line num="177" count="1" type="stmt"/>
      <line num="192" count="1" type="stmt"/>
      <line num="193" count="1" type="stmt"/>
      <line num="194" count="1" type="stmt"/>
      <line num="195" count="1" type="stmt"/>
      <line num="196" count="3" type="stmt"/>
      <line num="197" count="3" type="stmt"/>
      <line num="198" count="3" type="cond" truecount="2" falsecount="0"/>
      <line num="199" count="1" type="stmt"/>
      <line num="200" count="1" type="stmt"/>
      <line num="206" count="4" type="stmt"/>
      <line num="207" count="4" type="cond" truecount="2" falsecount="0"/>
      <line num="208" count="2" type="cond" truecount="2" falsecount="0"/>
      <line num="209" count="1" type="cond" truecount="1" falsecount="1"/>
      <line num="210" count="1" type="stmt"/>
      <line num="211" count="1" type="stmt"/>
      <line num="214" count="1" type="stmt"/>
      <line num="215" count="1" type="stmt"/>
      <line num="218" count="2" type="cond" truecount="2" falsecount="0"/>
      <line num="220" count="1" type="stmt"/>
      <line num="221" count="1" type="stmt"/>
      <line num="222" count="1" type="stmt"/>
      <line num="223" count="1" type="stmt"/>
      <line num="225" count="1" type="stmt"/>
      <line num="226" count="1" type="stmt"/>
      <line num="229" count="1" type="stmt"/>
      <line num="230" count="1" type="stmt"/>
      <line num="231" count="1" type="stmt"/>
      <line num="232" count="1" type="stmt"/>
      <line num="234" count="1" type="stmt"/>
      <line num="235" count="1" type="stmt"/>
      <line num="248" count="5" type="cond" truecount="2" falsecount="0"/>
      <line num="250" count="3" type="cond" truecount="2" falsecount="0"/>
      <line num="251" count="1" type="stmt"/>
      <line num="252" count="1" type="stmt"/>
      <line num="253" count="1" type="stmt"/>
      <line num="254" count="2" type="cond" truecount="2" falsecount="0"/>
      <line num="255" count="1" type="stmt"/>
      <line num="256" count="1" type="stmt"/>
      <line num="257" count="1" type="stmt"/>
      <line num="258" count="1" type="stmt"/>
      <line num="259" count="1" type="cond" truecount="1" falsecount="1"/>
      <line num="260" count="1" type="stmt"/>
      <line num="261" count="1" type="stmt"/>
      <line num="262" count="1" type="stmt"/>
      <line num="263" count="1" type="cond" truecount="1" falsecount="1"/>
      <line num="264" count="1" type="stmt"/>
      <line num="267" count="2" type="cond" truecount="1" falsecount="1"/>
      <line num="268" count="2" type="stmt"/>
      <line num="269" count="2" type="stmt"/>
      <line num="270" count="2" type="stmt"/>
      <line num="271" count="2" type="stmt"/>
      <line num="272" count="2" type="cond" truecount="2" falsecount="0"/>
      <line num="273" count="1" type="stmt"/>
      <line num="274" count="1" type="stmt"/>
      <line num="280" count="2" type="stmt"/>
      <line num="281" count="2" type="stmt"/>
      <line num="282" count="2" type="stmt"/>
      <line num="283" count="2" type="stmt"/>
      <line num="284" count="6" type="stmt"/>
      <line num="285" count="6" type="stmt"/>
      <line num="286" count="6" type="cond" truecount="2" falsecount="0"/>
      <line num="287" count="1" type="stmt"/>
      <line num="288" count="1" type="stmt"/>
      <line num="291" count="2" type="stmt"/>
      <line num="301" count="8" type="cond" truecount="2" falsecount="0"/>
      <line num="303" count="6" type="cond" truecount="2" falsecount="0"/>
      <line num="304" count="1" type="stmt"/>
      <line num="305" count="1" type="stmt"/>
      <line num="306" count="1" type="stmt"/>
      <line num="307" count="5" type="cond" truecount="2" falsecount="0"/>
      <line num="308" count="1" type="stmt"/>
      <line num="309" count="1" type="stmt"/>
      <line num="310" count="1" type="stmt"/>
      <line num="311" count="4" type="cond" truecount="2" falsecount="0"/>
      <line num="312" count="1" type="stmt"/>
      <line num="313" count="1" type="stmt"/>
      <line num="314" count="1" type="stmt"/>
      <line num="315" count="1" type="stmt"/>
      <line num="316" count="3" type="cond" truecount="2" falsecount="0"/>
      <line num="319" count="1" type="stmt"/>
      <line num="320" count="1" type="stmt"/>
      <line num="321" count="1" type="stmt"/>
      <line num="322" count="1" type="stmt"/>
      <line num="327" count="2" type="stmt"/>
      <line num="328" count="2" type="stmt"/>
      <line num="329" count="2" type="stmt"/>
      <line num="331" count="2" type="cond" truecount="1" falsecount="1"/>
      <line num="332" count="2" type="stmt"/>
      <line num="333" count="2" type="stmt"/>
      <line num="334" count="2" type="stmt"/>
      <line num="335" count="2" type="stmt"/>
      <line num="336" count="2" type="cond" truecount="1" falsecount="1"/>
      <line num="337" count="2" type="stmt"/>
      <line num="339" count="2" type="cond" truecount="1" falsecount="1"/>
      <line num="340" count="2" type="stmt"/>
      <line num="371" count="9" type="stmt"/>
      <line num="372" count="9" type="stmt"/>
      <line num="373" count="9" type="stmt"/>
      <line num="374" count="9" type="stmt"/>
      <line num="375" count="33" type="stmt"/>
      <line num="376" count="33" type="stmt"/>
      <line num="377" count="33" type="cond" truecount="2" falsecount="0"/>
      <line num="378" count="9" type="stmt"/>
      <line num="381" count="9" type="stmt"/>
      <line num="385" count="5" type="stmt"/>
      <line num="386" count="5" type="stmt"/>
      <line num="387" count="5" type="stmt"/>
      <line num="388" count="5" type="stmt"/>
      <line num="389" count="20" type="stmt"/>
      <line num="390" count="20" type="stmt"/>
      <line num="391" count="20" type="cond" truecount="2" falsecount="0"/>
      <line num="392" count="1" type="stmt"/>
      <line num="393" count="1" type="stmt"/>
      <line num="396" count="5" type="stmt"/>
      <line num="400" count="4" type="stmt"/>
      <line num="401" count="4" type="stmt"/>
      <line num="402" count="4" type="stmt"/>
      <line num="403" count="4" type="stmt"/>
      <line num="404" count="4" type="stmt"/>
      <line num="405" count="4" type="stmt"/>
      <line num="406" count="16" type="stmt"/>
      <line num="407" count="16" type="stmt"/>
      <line num="408" count="16" type="cond" truecount="2" falsecount="0"/>
      <line num="409" count="4" type="stmt"/>
      <line num="411" count="16" type="cond" truecount="2" falsecount="0"/>
      <line num="412" count="2" type="stmt"/>
      <line num="413" count="2" type="stmt"/>
      <line num="416" count="4" type="cond" truecount="4" falsecount="0"/>
      <line num="417" count="1" type="stmt"/>
      <line num="419" count="4" type="cond" truecount="2" falsecount="0"/>
      <line num="423" count="3" type="stmt"/>
      <line num="424" count="3" type="stmt"/>
      <line num="425" count="3" type="stmt"/>
      <line num="426" count="3" type="stmt"/>
      <line num="427" count="12" type="stmt"/>
      <line num="428" count="12" type="stmt"/>
      <line num="429" count="12" type="cond" truecount="2" falsecount="0"/>
      <line num="430" count="3" type="stmt"/>
      <line num="432" count="12" type="cond" truecount="2" falsecount="0"/>
      <line num="433" count="1" type="stmt"/>
      <line num="436" count="3" type="cond" truecount="2" falsecount="0"/>
      <line num="437" count="1" type="stmt"/>
      <line num="439" count="2" type="stmt"/>
      <line num="444" count="4" type="stmt"/>
      <line num="445" count="4" type="stmt"/>
      <line num="446" count="4" type="stmt"/>
      <line num="447" count="4" type="stmt"/>
      <line num="448" count="15" type="stmt"/>
      <line num="449" count="15" type="stmt"/>
      <line num="450" count="15" type="cond" truecount="4" falsecount="0"/>
      <line num="451" count="4" type="stmt"/>
      <line num="452" count="4" type="stmt"/>
      <line num="453" count="4" type="stmt"/>
      <line num="459" count="4" type="stmt"/>
      <line num="460" count="4" type="stmt"/>
      <line num="461" count="4" type="stmt"/>
      <line num="462" count="4" type="stmt"/>
      <line num="463" count="14" type="stmt"/>
      <line num="464" count="14" type="stmt"/>
      <line num="465" count="14" type="cond" truecount="2" falsecount="0"/>
      <line num="466" count="4" type="stmt"/>
      <line num="467" count="4" type="stmt"/>
      <line num="477" count="139" type="stmt"/>
      <line num="478" count="139" type="stmt"/>
      <line num="479" count="139" type="stmt"/>
      <line num="480" count="139" type="stmt"/>
      <line num="484" count="1" type="cond" truecount="1" falsecount="1"/>
    </file>
    <file name="common.js" path="C:\xampp\htdocs\chinamax\public\js\common.js">
      <metrics statements="484" coveredstatements="484" conditionals="103" coveredconditionals="102" methods="40" coveredmethods="40"/>
      <line num="6" count="15" type="stmt"/>
      <line num="7" count="15" type="stmt"/>
      <line num="8" count="15" type="stmt"/>
      <line num="9" count="15" type="stmt"/>
      <line num="15" count="1" type="stmt"/>
      <line num="16" count="1" type="stmt"/>
      <line num="17" count="1" type="stmt"/>
      <line num="18" count="1" type="stmt"/>
      <line num="19" count="1" type="stmt"/>
      <line num="20" count="1" type="stmt"/>
      <line num="26" count="1" type="stmt"/>
      <line num="27" count="1" type="stmt"/>
      <line num="28" count="1" type="stmt"/>
      <line num="29" count="1" type="stmt"/>
      <line num="30" count="1" type="stmt"/>
      <line num="31" count="1" type="stmt"/>
      <line num="37" count="2" type="cond" truecount="2" falsecount="0"/>
      <line num="38" count="2" type="stmt"/>
      <line num="39" count="2" type="stmt"/>
      <line num="40" count="2" type="stmt"/>
      <line num="41" count="2" type="stmt"/>
      <line num="42" count="2" type="stmt"/>
      <line num="43" count="2" type="stmt"/>
      <line num="44" count="2" type="stmt"/>
      <line num="45" count="2" type="stmt"/>
      <line num="46" count="2" type="stmt"/>
      <line num="47" count="2" type="stmt"/>
      <line num="48" count="2" type="stmt"/>
      <line num="49" count="2" type="stmt"/>
      <line num="50" count="2" type="stmt"/>
      <line num="51" count="2" type="stmt"/>
      <line num="52" count="2" type="stmt"/>
      <line num="53" count="2" type="stmt"/>
      <line num="54" count="2" type="stmt"/>
      <line num="55" count="2" type="stmt"/>
      <line num="56" count="2" type="stmt"/>
      <line num="57" count="2" type="stmt"/>
      <line num="58" count="2" type="stmt"/>
      <line num="60" count="2" type="stmt"/>
      <line num="66" count="1" type="stmt"/>
      <line num="68" count="1" type="stmt"/>
      <line num="74" count="2" type="cond" truecount="4" falsecount="0"/>
      <line num="76" count="2" type="stmt"/>
      <line num="83" count="6" type="stmt"/>
      <line num="84" count="6" type="stmt"/>
      <line num="85" count="6" type="stmt"/>
      <line num="86" count="6" type="stmt"/>
      <line num="87" count="6" type="stmt"/>
      <line num="88" count="6" type="stmt"/>
      <line num="90" count="6" type="stmt"/>
      <line num="93" count="6" type="stmt"/>
      <line num="112" count="6" type="stmt"/>
      <line num="113" count="6" type="stmt"/>
      <line num="114" count="6" type="stmt"/>
      <line num="115" count="6" type="cond" truecount="2" falsecount="0"/>
      <line num="116" count="1" type="stmt"/>
      <line num="118" count="5" type="stmt"/>
      <line num="122" count="6" type="stmt"/>
      <line num="123" count="6" type="cond" truecount="2" falsecount="0"/>
      <line num="124" count="3" type="stmt"/>
      <line num="127" count="6" type="stmt"/>
      <line num="128" count="6" type="stmt"/>
      <line num="129" count="6" type="stmt"/>
      <line num="130" count="6" type="stmt"/>
      <line num="131" count="6" type="stmt"/>
      <line num="132" count="6" type="stmt"/>
      <line num="133" count="6" type="stmt"/>
      <line num="134" count="6" type="stmt"/>
      <line num="135" count="6" type="stmt"/>
      <line num="136" count="6" type="stmt"/>
      <line num="137" count="6" type="stmt"/>
      <line num="138" count="6" type="stmt"/>
      <line num="139" count="6" type="stmt"/>
      <line num="140" count="6" type="stmt"/>
      <line num="141" count="6" type="stmt"/>
      <line num="142" count="6" type="stmt"/>
      <line num="143" count="6" type="stmt"/>
      <line num="144" count="6" type="stmt"/>
      <line num="145" count="6" type="stmt"/>
      <line num="146" count="6" type="stmt"/>
      <line num="147" count="6" type="stmt"/>
      <line num="148" count="6" type="stmt"/>
      <line num="149" count="6" type="stmt"/>
      <line num="150" count="6" type="stmt"/>
      <line num="151" count="6" type="stmt"/>
      <line num="152" count="6" type="stmt"/>
      <line num="153" count="6" type="stmt"/>
      <line num="158" count="7" type="stmt"/>
      <line num="159" count="7" type="stmt"/>
      <line num="160" count="7" type="stmt"/>
      <line num="161" count="7" type="stmt"/>
      <line num="162" count="7" type="stmt"/>
      <line num="164" count="7" type="stmt"/>
      <line num="169" count="11" type="stmt"/>
      <line num="170" count="11" type="stmt"/>
      <line num="171" count="11" type="stmt"/>
      <line num="173" count="11" type="cond" truecount="2" falsecount="0"/>
      <line num="174" count="3" type="stmt"/>
      <line num="176" count="11" type="cond" truecount="2" falsecount="0"/>
      <line num="177" count="4" type="cond" truecount="2" falsecount="0"/>
      <line num="178" count="3" type="stmt"/>
      <line num="180" count="1" type="stmt"/>
      <line num="183" count="11" type="cond" truecount="2" falsecount="0"/>
      <line num="184" count="3" type="cond" truecount="2" falsecount="0"/>
      <line num="185" count="2" type="stmt"/>
      <line num="187" count="1" type="stmt"/>
      <line num="191" count="11" type="cond" truecount="2" falsecount="0"/>
      <line num="192" count="2" type="stmt"/>
      <line num="194" count="2" type="cond" truecount="2" falsecount="0"/>
      <line num="196" count="1" type="stmt"/>
      <line num="197" count="1" type="stmt"/>
      <line num="199" count="2" type="cond" truecount="2" falsecount="0"/>
      <line num="200" count="1" type="stmt"/>
      <line num="202" count="1" type="stmt"/>
      <line num="205" count="11" type="cond" truecount="2" falsecount="0"/>
      <line num="206" count="2" type="stmt"/>
      <line num="208" count="2" type="cond" truecount="2" falsecount="0"/>
      <line num="210" count="1" type="stmt"/>
      <line num="211" count="1" type="stmt"/>
      <line num="212" count="1" type="stmt"/>
      <line num="217" count="7" type="cond" truecount="2" falsecount="0"/>
      <line num="218" count="3" type="stmt"/>
      <line num="220" count="7" type="cond" truecount="2" falsecount="0"/>
      <line num="221" count="3" type="stmt"/>
      <line num="223" count="7" type="cond" truecount="2" falsecount="0"/>
      <line num="224" count="2" type="stmt"/>
      <line num="226" count="7" type="cond" truecount="2" falsecount="0"/>
      <line num="227" count="1" type="stmt"/>
      <line num="230" count="7" type="stmt"/>
      <line num="235" count="6" type="stmt"/>
      <line num="238" count="6" type="stmt"/>
      <line num="242" count="10" type="stmt"/>
      <line num="243" count="10" type="stmt"/>
      <line num="244" count="10" type="stmt"/>
      <line num="246" count="10" type="cond" truecount="2" falsecount="0"/>
      <line num="247" count="2" type="cond" truecount="2" falsecount="0"/>
      <line num="248" count="1" type="stmt"/>
      <line num="252" count="6" type="stmt"/>
      <line num="261" count="4" type="stmt"/>
      <line num="271" count="4" type="cond" truecount="4" falsecount="0"/>
      <line num="272" count="3" type="stmt"/>
      <line num="273" count="3" type="stmt"/>
      <line num="274" count="3" type="stmt"/>
      <line num="277" count="4" type="stmt"/>
      <line num="303" count="5" type="stmt"/>
      <line num="304" count="5" type="cond" truecount="2" falsecount="0"/>
      <line num="305" count="1" type="stmt"/>
      <line num="306" count="1" type="stmt"/>
      <line num="308" count="1" type="stmt"/>
      <line num="312" count="4" type="stmt"/>
      <line num="315" count="4" type="stmt"/>
      <line num="317" count="4" type="cond" truecount="2" falsecount="0"/>
      <line num="318" count="2" type="cond" truecount="4" falsecount="0"/>
      <line num="319" count="1" type="stmt"/>
      <line num="320" count="1" type="stmt"/>
      <line num="321" count="1" type="stmt"/>
      <line num="323" count="1" type="stmt"/>
      <line num="324" count="1" type="stmt"/>
      <line num="325" count="1" type="stmt"/>
      <line num="329" count="2" type="stmt"/>
      <line num="331" count="2" type="cond" truecount="5" falsecount="0"/>
      <line num="332" count="1" type="stmt"/>
      <line num="333" count="1" type="stmt"/>
      <line num="334" count="1" type="stmt"/>
      <line num="336" count="1" type="stmt"/>
      <line num="337" count="1" type="stmt"/>
      <line num="338" count="1" type="stmt"/>
      <line num="344" count="3" type="stmt"/>
      <line num="345" count="3" type="stmt"/>
      <line num="346" count="3" type="stmt"/>
      <line num="347" count="6" type="stmt"/>
      <line num="348" count="6" type="stmt"/>
      <line num="349" count="6" type="cond" truecount="2" falsecount="0"/>
      <line num="350" count="2" type="stmt"/>
      <line num="351" count="4" type="cond" truecount="2" falsecount="0"/>
      <line num="352" count="1" type="stmt"/>
      <line num="353" count="3" type="cond" truecount="2" falsecount="0"/>
      <line num="354" count="2" type="stmt"/>
      <line num="357" count="3" type="stmt"/>
      <line num="361" count="2" type="stmt"/>
      <line num="362" count="2" type="stmt"/>
      <line num="363" count="2" type="stmt"/>
      <line num="364" count="4" type="stmt"/>
      <line num="365" count="4" type="stmt"/>
      <line num="366" count="4" type="cond" truecount="2" falsecount="0"/>
      <line num="367" count="1" type="stmt"/>
      <line num="368" count="3" type="cond" truecount="2" falsecount="0"/>
      <line num="369" count="2" type="stmt"/>
      <line num="372" count="2" type="stmt"/>
      <line num="376" count="2" type="stmt"/>
      <line num="377" count="2" type="stmt"/>
      <line num="378" count="2" type="stmt"/>
      <line num="379" count="2" type="stmt"/>
      <line num="380" count="2" type="cond" truecount="2" falsecount="0"/>
      <line num="381" count="1" type="stmt"/>
      <line num="384" count="2" type="stmt"/>
      <line num="385" count="2" type="stmt"/>
      <line num="386" count="2" type="stmt"/>
      <line num="387" count="2" type="cond" truecount="2" falsecount="0"/>
      <line num="388" count="1" type="stmt"/>
      <line num="391" count="2" type="stmt"/>
      <line num="395" count="5" type="cond" truecount="2" falsecount="0"/>
      <line num="396" count="2" type="cond" truecount="2" falsecount="0"/>
      <line num="397" count="1" type="stmt"/>
      <line num="399" count="1" type="stmt"/>
      <line num="402" count="3" type="cond" truecount="2" falsecount="0"/>
      <line num="403" count="2" type="cond" truecount="2" falsecount="0"/>
      <line num="404" count="1" type="stmt"/>
      <line num="406" count="1" type="stmt"/>
      <line num="409" count="1" type="stmt"/>
      <line num="415" count="1" type="stmt"/>
      <line num="416" count="1" type="stmt"/>
      <line num="417" count="1" type="stmt"/>
      <line num="418" count="1" type="stmt"/>
      <line num="419" count="1" type="stmt"/>
      <line num="420" count="1" type="stmt"/>
      <line num="421" count="1" type="stmt"/>
      <line num="422" count="1" type="stmt"/>
      <line num="423" count="1" type="stmt"/>
      <line num="424" count="1" type="stmt"/>
      <line num="425" count="1" type="stmt"/>
      <line num="426" count="1" type="stmt"/>
      <line num="427" count="1" type="stmt"/>
      <line num="428" count="1" type="stmt"/>
      <line num="429" count="1" type="stmt"/>
      <line num="430" count="1" type="stmt"/>
      <line num="431" count="1" type="stmt"/>
      <line num="432" count="1" type="stmt"/>
      <line num="433" count="1" type="stmt"/>
      <line num="434" count="1" type="stmt"/>
      <line num="435" count="1" type="stmt"/>
      <line num="436" count="1" type="stmt"/>
      <line num="437" count="1" type="stmt"/>
      <line num="441" count="1" type="stmt"/>
      <line num="442" count="1" type="stmt"/>
      <line num="443" count="1" type="stmt"/>
      <line num="444" count="1" type="stmt"/>
      <line num="445" count="1" type="stmt"/>
      <line num="446" count="1" type="stmt"/>
      <line num="447" count="1" type="stmt"/>
      <line num="448" count="1" type="stmt"/>
      <line num="449" count="1" type="stmt"/>
      <line num="450" count="1" type="stmt"/>
      <line num="451" count="1" type="stmt"/>
      <line num="452" count="1" type="stmt"/>
      <line num="453" count="1" type="stmt"/>
      <line num="454" count="1" type="stmt"/>
      <line num="455" count="1" type="stmt"/>
      <line num="456" count="1" type="stmt"/>
      <line num="457" count="1" type="stmt"/>
      <line num="458" count="1" type="stmt"/>
      <line num="459" count="1" type="stmt"/>
      <line num="460" count="1" type="stmt"/>
      <line num="461" count="1" type="stmt"/>
      <line num="462" count="1" type="stmt"/>
      <line num="463" count="1" type="stmt"/>
      <line num="464" count="1" type="stmt"/>
      <line num="468" count="2" type="stmt"/>
      <line num="469" count="2" type="stmt"/>
      <line num="470" count="4" type="stmt"/>
      <line num="473" count="2" type="stmt"/>
      <line num="474" count="2" type="stmt"/>
      <line num="475" count="2" type="stmt"/>
      <line num="476" count="2" type="stmt"/>
      <line num="477" count="2" type="stmt"/>
      <line num="478" count="2" type="stmt"/>
      <line num="479" count="2" type="stmt"/>
      <line num="481" count="2" type="cond" truecount="2" falsecount="0"/>
      <line num="482" count="1" type="stmt"/>
      <line num="484" count="1" type="stmt"/>
      <line num="487" count="2" type="stmt"/>
      <line num="488" count="2" type="stmt"/>
      <line num="490" count="2" type="stmt"/>
      <line num="491" count="12" type="cond" truecount="2" falsecount="0"/>
      <line num="493" count="2" type="stmt"/>
      <line num="494" count="2" type="stmt"/>
      <line num="496" count="2" type="cond" truecount="2" falsecount="0"/>
      <line num="497" count="1" type="stmt"/>
      <line num="498" count="1" type="stmt"/>
      <line num="499" count="1" type="stmt"/>
      <line num="500" count="3" type="cond" truecount="2" falsecount="0"/>
      <line num="502" count="1" type="stmt"/>
      <line num="503" count="1" type="stmt"/>
      <line num="506" count="2" type="stmt"/>
      <line num="507" count="2" type="stmt"/>
      <line num="508" count="2" type="stmt"/>
      <line num="509" count="2" type="stmt"/>
      <line num="510" count="2" type="stmt"/>
      <line num="511" count="2" type="stmt"/>
      <line num="512" count="2" type="stmt"/>
      <line num="513" count="2" type="stmt"/>
      <line num="514" count="2" type="stmt"/>
      <line num="515" count="2" type="stmt"/>
      <line num="516" count="2" type="stmt"/>
      <line num="517" count="2" type="stmt"/>
      <line num="518" count="2" type="stmt"/>
      <line num="522" count="2" type="stmt"/>
      <line num="523" count="2" type="stmt"/>
      <line num="524" count="2" type="stmt"/>
      <line num="525" count="2" type="stmt"/>
      <line num="526" count="2" type="cond" truecount="2" falsecount="0"/>
      <line num="527" count="1" type="stmt"/>
      <line num="529" count="1" type="stmt"/>
      <line num="531" count="2" type="stmt"/>
      <line num="532" count="2" type="stmt"/>
      <line num="533" count="2" type="stmt"/>
      <line num="534" count="2" type="stmt"/>
      <line num="535" count="2" type="stmt"/>
      <line num="536" count="2" type="stmt"/>
      <line num="537" count="6" type="cond" truecount="2" falsecount="0"/>
      <line num="539" count="2" type="stmt"/>
      <line num="540" count="2" type="stmt"/>
      <line num="541" count="2" type="stmt"/>
      <line num="542" count="2" type="stmt"/>
      <line num="543" count="2" type="stmt"/>
      <line num="544" count="2" type="stmt"/>
      <line num="545" count="2" type="stmt"/>
      <line num="546" count="2" type="stmt"/>
      <line num="547" count="2" type="stmt"/>
      <line num="548" count="2" type="stmt"/>
      <line num="549" count="2" type="stmt"/>
      <line num="550" count="2" type="stmt"/>
      <line num="552" count="2" type="stmt"/>
      <line num="556" count="2" type="stmt"/>
      <line num="557" count="2" type="stmt"/>
      <line num="558" count="2" type="cond" truecount="2" falsecount="0"/>
      <line num="559" count="1" type="stmt"/>
      <line num="561" count="1" type="stmt"/>
      <line num="563" count="2" type="cond" truecount="2" falsecount="0"/>
      <line num="564" count="1" type="stmt"/>
      <line num="567" count="2" type="stmt"/>
      <line num="568" count="2" type="stmt"/>
      <line num="570" count="2" type="stmt"/>
      <line num="571" count="2" type="stmt"/>
      <line num="573" count="2" type="stmt"/>
      <line num="574" count="2" type="stmt"/>
      <line num="575" count="2" type="stmt"/>
      <line num="576" count="2" type="stmt"/>
      <line num="577" count="2" type="stmt"/>
      <line num="578" count="6" type="stmt"/>
      <line num="579" count="6" type="stmt"/>
      <line num="580" count="6" type="stmt"/>
      <line num="581" count="6" type="stmt"/>
      <line num="582" count="6" type="stmt"/>
      <line num="583" count="6" type="stmt"/>
      <line num="584" count="6" type="stmt"/>
      <line num="585" count="6" type="stmt"/>
      <line num="586" count="6" type="stmt"/>
      <line num="587" count="6" type="stmt"/>
      <line num="588" count="6" type="stmt"/>
      <line num="589" count="6" type="stmt"/>
      <line num="590" count="6" type="stmt"/>
      <line num="591" count="6" type="stmt"/>
      <line num="592" count="6" type="stmt"/>
      <line num="595" count="2" type="stmt"/>
      <line num="596" count="2" type="stmt"/>
      <line num="597" count="2" type="stmt"/>
      <line num="598" count="2" type="stmt"/>
      <line num="599" count="2" type="stmt"/>
      <line num="600" count="2" type="stmt"/>
      <line num="601" count="2" type="stmt"/>
      <line num="602" count="2" type="stmt"/>
      <line num="603" count="18" type="stmt"/>
      <line num="604" count="18" type="stmt"/>
      <line num="605" count="18" type="stmt"/>
      <line num="606" count="18" type="stmt"/>
      <line num="607" count="18" type="stmt"/>
      <line num="608" count="18" type="stmt"/>
      <line num="609" count="18" type="stmt"/>
      <line num="610" count="18" type="stmt"/>
      <line num="611" count="18" type="stmt"/>
      <line num="612" count="18" type="stmt"/>
      <line num="613" count="18" type="stmt"/>
      <line num="614" count="18" type="stmt"/>
      <line num="615" count="18" type="stmt"/>
      <line num="616" count="18" type="stmt"/>
      <line num="617" count="18" type="stmt"/>
      <line num="618" count="18" type="stmt"/>
      <line num="621" count="2" type="stmt"/>
      <line num="622" count="2" type="stmt"/>
      <line num="623" count="2" type="stmt"/>
      <line num="624" count="2" type="stmt"/>
      <line num="625" count="2" type="stmt"/>
      <line num="626" count="6" type="stmt"/>
      <line num="627" count="6" type="stmt"/>
      <line num="628" count="6" type="stmt"/>
      <line num="629" count="6" type="stmt"/>
      <line num="630" count="6" type="stmt"/>
      <line num="631" count="6" type="stmt"/>
      <line num="632" count="6" type="stmt"/>
      <line num="633" count="6" type="stmt"/>
      <line num="634" count="6" type="stmt"/>
      <line num="635" count="6" type="stmt"/>
      <line num="636" count="6" type="stmt"/>
      <line num="637" count="6" type="stmt"/>
      <line num="638" count="6" type="stmt"/>
      <line num="639" count="6" type="stmt"/>
      <line num="640" count="6" type="stmt"/>
      <line num="641" count="6" type="stmt"/>
      <line num="644" count="2" type="stmt"/>
      <line num="645" count="2" type="stmt"/>
      <line num="646" count="2" type="stmt"/>
      <line num="647" count="2" type="stmt"/>
      <line num="648" count="2" type="stmt"/>
      <line num="649" count="4" type="stmt"/>
      <line num="650" count="4" type="stmt"/>
      <line num="651" count="4" type="stmt"/>
      <line num="652" count="4" type="stmt"/>
      <line num="653" count="4" type="stmt"/>
      <line num="654" count="4" type="stmt"/>
      <line num="655" count="4" type="stmt"/>
      <line num="656" count="4" type="stmt"/>
      <line num="657" count="4" type="stmt"/>
      <line num="658" count="4" type="stmt"/>
      <line num="659" count="4" type="stmt"/>
      <line num="660" count="4" type="stmt"/>
      <line num="661" count="4" type="stmt"/>
      <line num="662" count="4" type="stmt"/>
      <line num="663" count="4" type="stmt"/>
      <line num="664" count="4" type="stmt"/>
      <line num="667" count="2" type="cond" truecount="2" falsecount="0"/>
      <line num="668" count="1" type="stmt"/>
      <line num="669" count="1" type="stmt"/>
      <line num="670" count="1" type="stmt"/>
      <line num="671" count="1" type="stmt"/>
      <line num="672" count="1" type="stmt"/>
      <line num="673" count="1" type="stmt"/>
      <line num="674" count="1" type="stmt"/>
      <line num="675" count="1" type="stmt"/>
      <line num="676" count="2" type="cond" truecount="2" falsecount="0"/>
      <line num="677" count="1" type="stmt"/>
      <line num="678" count="1" type="stmt"/>
      <line num="679" count="1" type="stmt"/>
      <line num="680" count="1" type="stmt"/>
      <line num="681" count="1" type="stmt"/>
      <line num="682" count="1" type="stmt"/>
      <line num="683" count="1" type="stmt"/>
      <line num="690" count="1" type="stmt"/>
      <line num="691" count="1" type="stmt"/>
      <line num="692" count="8" type="stmt"/>
      <line num="694" count="1" type="stmt"/>
      <line num="695" count="1" type="stmt"/>
      <line num="696" count="1" type="stmt"/>
      <line num="697" count="1" type="stmt"/>
      <line num="698" count="1" type="stmt"/>
      <line num="699" count="1" type="stmt"/>
      <line num="700" count="1" type="stmt"/>
      <line num="702" count="1" type="stmt"/>
      <line num="703" count="1" type="stmt"/>
      <line num="704" count="1" type="stmt"/>
      <line num="705" count="1" type="stmt"/>
      <line num="707" count="1" type="stmt"/>
      <line num="708" count="1" type="stmt"/>
      <line num="709" count="1" type="stmt"/>
      <line num="710" count="1" type="stmt"/>
      <line num="711" count="1" type="stmt"/>
      <line num="712" count="1" type="stmt"/>
      <line num="713" count="1" type="stmt"/>
      <line num="718" count="2" type="stmt"/>
      <line num="719" count="2" type="stmt"/>
      <line num="720" count="2" type="stmt"/>
      <line num="721" count="2" type="stmt"/>
      <line num="722" count="2" type="stmt"/>
      <line num="723" count="2" type="stmt"/>
      <line num="724" count="2" type="stmt"/>
      <line num="726" count="2" type="stmt"/>
      <line num="727" count="2" type="stmt"/>
      <line num="728" count="2" type="stmt"/>
      <line num="729" count="2" type="stmt"/>
      <line num="730" count="2" type="stmt"/>
      <line num="731" count="2" type="stmt"/>
      <line num="732" count="2" type="stmt"/>
      <line num="733" count="2" type="stmt"/>
      <line num="737" count="1" type="stmt"/>
      <line num="738" count="1" type="stmt"/>
      <line num="739" count="1" type="stmt"/>
      <line num="740" count="1" type="stmt"/>
      <line num="741" count="1" type="stmt"/>
      <line num="742" count="1" type="stmt"/>
      <line num="743" count="1" type="stmt"/>
      <line num="744" count="1" type="stmt"/>
      <line num="745" count="1" type="stmt"/>
      <line num="746" count="1" type="stmt"/>
      <line num="749" count="1" type="cond" truecount="1" falsecount="1"/>
    </file>
  </project>
</coverage>
