<?xml version="1.0" encoding="UTF-8"?>
<coverage generated="1652026656833" clover="3.2.0">
  <project timestamp="1652026656833" name="All files">
    <metrics statements="854" coveredstatements="849" conditionals="255" coveredconditionals="233" methods="95" coveredmethods="94" elements="1204" coveredelements="1176" complexity="0" loc="854" ncloc="854" packages="1" files="6" classes="6"/>
    <file name="ChoiceSelection.js" path="C:\xampp\htdocs\chinamax\public\js\ChoiceSelection.js">
      <metrics statements="254" coveredstatements="254" conditionals="110" coveredconditionals="97" methods="31" coveredmethods="31"/>
      <line num="12" count="26" type="stmt"/>
      <line num="13" count="26" type="stmt"/>
      <line num="14" count="26" type="stmt"/>
      <line num="15" count="26" type="stmt"/>
      <line num="16" count="26" type="stmt"/>
      <line num="17" count="26" type="stmt"/>
      <line num="18" count="26" type="cond" truecount="2" falsecount="0"/>
      <line num="19" count="16" type="stmt"/>
      <line num="20" count="16" type="stmt"/>
      <line num="21" count="16" type="stmt"/>
      <line num="28" count="26" type="cond" truecount="2" falsecount="0"/>
      <line num="29" count="23" type="cond" truecount="2" falsecount="0"/>
      <line num="30" count="10" type="cond" truecount="2" falsecount="0"/>
      <line num="31" count="4" type="stmt"/>
      <line num="32" count="6" type="cond" truecount="2" falsecount="0"/>
      <line num="33" count="2" type="stmt"/>
      <line num="34" count="4" type="cond" truecount="1" falsecount="1"/>
      <line num="35" count="4" type="stmt"/>
      <line num="37" count="13" type="cond" truecount="2" falsecount="0"/>
      <line num="38" count="5" type="stmt"/>
      <line num="39" count="8" type="cond" truecount="1" falsecount="1"/>
      <line num="40" count="8" type="stmt"/>
      <line num="42" count="3" type="cond" truecount="2" falsecount="0"/>
      <line num="43" count="2" type="cond" truecount="2" falsecount="0"/>
      <line num="44" count="1" type="stmt"/>
      <line num="45" count="1" type="stmt"/>
      <line num="48" count="1" type="cond" truecount="1" falsecount="1"/>
      <line num="49" count="1" type="stmt"/>
      <line num="50" count="1" type="stmt"/>
      <line num="51" count="1" type="cond" truecount="1" falsecount="1"/>
      <line num="52" count="1" type="stmt"/>
      <line num="53" count="1" type="stmt"/>
      <line num="55" count="1" type="stmt"/>
      <line num="56" count="1" type="stmt"/>
      <line num="62" count="5" type="stmt"/>
      <line num="63" count="5" type="stmt"/>
      <line num="67" count="3" type="stmt"/>
      <line num="68" count="3" type="stmt"/>
      <line num="69" count="3" type="stmt"/>
      <line num="70" count="3" type="stmt"/>
      <line num="71" count="11" type="stmt"/>
      <line num="72" count="11" type="stmt"/>
      <line num="73" count="11" type="stmt"/>
      <line num="75" count="3" type="cond" truecount="2" falsecount="0"/>
      <line num="76" count="1" type="stmt"/>
      <line num="78" count="2" type="stmt"/>
      <line num="86" count="4" type="cond" truecount="2" falsecount="0"/>
      <line num="87" count="1" type="stmt"/>
      <line num="88" count="1" type="stmt"/>
      <line num="89" count="3" type="cond" truecount="2" falsecount="0"/>
      <line num="90" count="2" type="cond" truecount="2" falsecount="0"/>
      <line num="91" count="1" type="stmt"/>
      <line num="92" count="1" type="stmt"/>
      <line num="93" count="1" type="stmt"/>
      <line num="95" count="1" type="stmt"/>
      <line num="96" count="1" type="stmt"/>
      <line num="98" count="1" type="cond" truecount="1" falsecount="1"/>
      <line num="99" count="1" type="stmt"/>
      <line num="100" count="1" type="stmt"/>
      <line num="101" count="1" type="stmt"/>
      <line num="102" count="1" type="stmt"/>
      <line num="107" count="2" type="cond" truecount="2" falsecount="0"/>
      <line num="108" count="1" type="stmt"/>
      <line num="109" count="1" type="stmt"/>
      <line num="112" count="1" type="stmt"/>
      <line num="113" count="1" type="stmt"/>
      <line num="115" count="1" type="stmt"/>
      <line num="116" count="1" type="stmt"/>
      <line num="121" count="2" type="stmt"/>
      <line num="122" count="2" type="stmt"/>
      <line num="123" count="2" type="stmt"/>
      <line num="124" count="2" type="stmt"/>
      <line num="125" count="2" type="stmt"/>
      <line num="126" count="6" type="stmt"/>
      <line num="127" count="6" type="stmt"/>
      <line num="128" count="6" type="cond" truecount="2" falsecount="0"/>
      <line num="129" count="1" type="stmt"/>
      <line num="130" count="1" type="stmt"/>
      <line num="133" count="2" type="stmt"/>
      <line num="137" count="1" type="stmt"/>
      <line num="138" count="1" type="stmt"/>
      <line num="139" count="1" type="stmt"/>
      <line num="140" count="1" type="stmt"/>
      <line num="141" count="3" type="stmt"/>
      <line num="142" count="3" type="stmt"/>
      <line num="143" count="3" type="cond" truecount="2" falsecount="0"/>
      <line num="144" count="1" type="stmt"/>
      <line num="150" count="1" type="stmt"/>
      <line num="151" count="1" type="stmt"/>
      <line num="152" count="1" type="stmt"/>
      <line num="153" count="1" type="stmt"/>
      <line num="154" count="3" type="stmt"/>
      <line num="155" count="3" type="stmt"/>
      <line num="156" count="3" type="cond" truecount="2" falsecount="0"/>
      <line num="157" count="1" type="stmt"/>
      <line num="158" count="1" type="stmt"/>
      <line num="164" count="4" type="stmt"/>
      <line num="165" count="4" type="cond" truecount="2" falsecount="0"/>
      <line num="166" count="2" type="cond" truecount="2" falsecount="0"/>
      <line num="167" count="1" type="cond" truecount="1" falsecount="1"/>
      <line num="168" count="1" type="stmt"/>
      <line num="169" count="1" type="stmt"/>
      <line num="172" count="1" type="stmt"/>
      <line num="173" count="1" type="stmt"/>
      <line num="176" count="2" type="cond" truecount="2" falsecount="0"/>
      <line num="178" count="1" type="stmt"/>
      <line num="179" count="1" type="stmt"/>
      <line num="180" count="1" type="stmt"/>
      <line num="181" count="1" type="stmt"/>
      <line num="183" count="1" type="stmt"/>
      <line num="184" count="1" type="stmt"/>
      <line num="187" count="1" type="stmt"/>
      <line num="188" count="1" type="stmt"/>
      <line num="189" count="1" type="stmt"/>
      <line num="190" count="1" type="stmt"/>
      <line num="192" count="1" type="stmt"/>
      <line num="193" count="1" type="stmt"/>
      <line num="206" count="5" type="cond" truecount="2" falsecount="0"/>
      <line num="208" count="3" type="cond" truecount="2" falsecount="0"/>
      <line num="209" count="1" type="stmt"/>
      <line num="210" count="1" type="stmt"/>
      <line num="211" count="1" type="stmt"/>
      <line num="212" count="2" type="cond" truecount="2" falsecount="0"/>
      <line num="213" count="1" type="stmt"/>
      <line num="214" count="1" type="stmt"/>
      <line num="215" count="1" type="stmt"/>
      <line num="216" count="1" type="stmt"/>
      <line num="217" count="1" type="cond" truecount="1" falsecount="1"/>
      <line num="218" count="1" type="stmt"/>
      <line num="219" count="1" type="stmt"/>
      <line num="220" count="1" type="stmt"/>
      <line num="221" count="1" type="cond" truecount="1" falsecount="1"/>
      <line num="222" count="1" type="stmt"/>
      <line num="225" count="2" type="cond" truecount="1" falsecount="1"/>
      <line num="226" count="2" type="stmt"/>
      <line num="227" count="2" type="stmt"/>
      <line num="228" count="2" type="stmt"/>
      <line num="229" count="2" type="stmt"/>
      <line num="230" count="2" type="cond" truecount="2" falsecount="0"/>
      <line num="231" count="1" type="stmt"/>
      <line num="232" count="1" type="stmt"/>
      <line num="238" count="2" type="stmt"/>
      <line num="239" count="2" type="stmt"/>
      <line num="240" count="2" type="stmt"/>
      <line num="241" count="2" type="stmt"/>
      <line num="242" count="6" type="stmt"/>
      <line num="243" count="6" type="stmt"/>
      <line num="244" count="6" type="cond" truecount="2" falsecount="0"/>
      <line num="245" count="1" type="stmt"/>
      <line num="246" count="1" type="stmt"/>
      <line num="249" count="2" type="stmt"/>
      <line num="259" count="8" type="cond" truecount="2" falsecount="0"/>
      <line num="261" count="6" type="cond" truecount="2" falsecount="0"/>
      <line num="262" count="1" type="stmt"/>
      <line num="263" count="1" type="stmt"/>
      <line num="264" count="1" type="stmt"/>
      <line num="265" count="5" type="cond" truecount="2" falsecount="0"/>
      <line num="266" count="1" type="stmt"/>
      <line num="267" count="1" type="stmt"/>
      <line num="268" count="1" type="stmt"/>
      <line num="269" count="4" type="cond" truecount="2" falsecount="0"/>
      <line num="270" count="1" type="stmt"/>
      <line num="271" count="1" type="stmt"/>
      <line num="272" count="1" type="stmt"/>
      <line num="273" count="1" type="stmt"/>
      <line num="274" count="3" type="cond" truecount="2" falsecount="0"/>
      <line num="277" count="1" type="stmt"/>
      <line num="278" count="1" type="stmt"/>
      <line num="279" count="1" type="stmt"/>
      <line num="280" count="1" type="stmt"/>
      <line num="285" count="2" type="stmt"/>
      <line num="286" count="2" type="stmt"/>
      <line num="287" count="2" type="stmt"/>
      <line num="289" count="2" type="cond" truecount="1" falsecount="1"/>
      <line num="290" count="2" type="stmt"/>
      <line num="291" count="2" type="stmt"/>
      <line num="292" count="2" type="stmt"/>
      <line num="293" count="2" type="stmt"/>
      <line num="294" count="2" type="cond" truecount="1" falsecount="1"/>
      <line num="295" count="2" type="stmt"/>
      <line num="297" count="2" type="cond" truecount="1" falsecount="1"/>
      <line num="298" count="2" type="stmt"/>
      <line num="304" count="9" type="stmt"/>
      <line num="305" count="9" type="stmt"/>
      <line num="306" count="9" type="stmt"/>
      <line num="307" count="9" type="stmt"/>
      <line num="308" count="33" type="stmt"/>
      <line num="309" count="33" type="stmt"/>
      <line num="310" count="33" type="cond" truecount="2" falsecount="0"/>
      <line num="311" count="9" type="stmt"/>
      <line num="314" count="9" type="stmt"/>
      <line num="318" count="5" type="stmt"/>
      <line num="319" count="5" type="stmt"/>
      <line num="320" count="5" type="stmt"/>
      <line num="321" count="5" type="stmt"/>
      <line num="322" count="20" type="stmt"/>
      <line num="323" count="20" type="stmt"/>
      <line num="324" count="20" type="cond" truecount="2" falsecount="0"/>
      <line num="325" count="1" type="stmt"/>
      <line num="326" count="1" type="stmt"/>
      <line num="329" count="5" type="stmt"/>
      <line num="333" count="4" type="stmt"/>
      <line num="334" count="4" type="stmt"/>
      <line num="335" count="4" type="stmt"/>
      <line num="336" count="4" type="stmt"/>
      <line num="337" count="4" type="stmt"/>
      <line num="338" count="4" type="stmt"/>
      <line num="339" count="16" type="stmt"/>
      <line num="340" count="16" type="stmt"/>
      <line num="341" count="16" type="cond" truecount="2" falsecount="0"/>
      <line num="342" count="4" type="stmt"/>
      <line num="344" count="16" type="cond" truecount="2" falsecount="0"/>
      <line num="345" count="2" type="stmt"/>
      <line num="346" count="2" type="stmt"/>
      <line num="349" count="4" type="cond" truecount="4" falsecount="0"/>
      <line num="350" count="1" type="stmt"/>
      <line num="352" count="4" type="cond" truecount="2" falsecount="0"/>
      <line num="356" count="3" type="stmt"/>
      <line num="357" count="3" type="stmt"/>
      <line num="358" count="3" type="stmt"/>
      <line num="359" count="3" type="stmt"/>
      <line num="360" count="12" type="stmt"/>
      <line num="361" count="12" type="stmt"/>
      <line num="362" count="12" type="cond" truecount="2" falsecount="0"/>
      <line num="363" count="3" type="stmt"/>
      <line num="365" count="12" type="cond" truecount="2" falsecount="0"/>
      <line num="366" count="1" type="stmt"/>
      <line num="369" count="3" type="cond" truecount="2" falsecount="0"/>
      <line num="370" count="1" type="stmt"/>
      <line num="372" count="2" type="stmt"/>
      <line num="377" count="4" type="stmt"/>
      <line num="378" count="4" type="stmt"/>
      <line num="379" count="4" type="stmt"/>
      <line num="380" count="4" type="stmt"/>
      <line num="381" count="15" type="stmt"/>
      <line num="382" count="15" type="stmt"/>
      <line num="383" count="15" type="cond" truecount="4" falsecount="0"/>
      <line num="384" count="4" type="stmt"/>
      <line num="385" count="4" type="stmt"/>
      <line num="386" count="4" type="stmt"/>
      <line num="392" count="4" type="stmt"/>
      <line num="393" count="4" type="stmt"/>
      <line num="394" count="4" type="stmt"/>
      <line num="395" count="4" type="stmt"/>
      <line num="396" count="14" type="stmt"/>
      <line num="397" count="14" type="stmt"/>
      <line num="398" count="14" type="cond" truecount="2" falsecount="0"/>
      <line num="399" count="4" type="stmt"/>
      <line num="400" count="4" type="stmt"/>
      <line num="410" count="139" type="stmt"/>
      <line num="411" count="139" type="stmt"/>
      <line num="412" count="139" type="stmt"/>
      <line num="413" count="139" type="stmt"/>
      <line num="417" count="2" type="cond" truecount="1" falsecount="1"/>
    </file>
    <file name="ajax.js" path="C:\xampp\htdocs\chinamax\public\js\ajax.js">
      <metrics statements="16" coveredstatements="16" conditionals="0" coveredconditionals="0" methods="5" coveredmethods="5"/>
      <line num="1" count="1" type="stmt"/>
      <line num="2" count="1" type="stmt"/>
      <line num="3" count="1" type="stmt"/>
      <line num="4" count="1" type="stmt"/>
      <line num="5" count="1" type="stmt"/>
      <line num="12" count="1" type="stmt"/>
      <line num="13" count="1" type="stmt"/>
      <line num="15" count="1" type="stmt"/>
      <line num="16" count="1" type="stmt"/>
      <line num="17" count="1" type="stmt"/>
      <line num="18" count="1" type="stmt"/>
      <line num="20" count="1" type="stmt"/>
      <line num="21" count="1" type="stmt"/>
      <line num="23" count="1" type="stmt"/>
      <line num="29" count="1" type="stmt"/>
      <line num="32" count="1" type="stmt"/>
    </file>
    <file name="ajaxAddNewItemToCart.js" path="C:\xampp\htdocs\chinamax\public\js\ajaxAddNewItemToCart.js">
      <metrics statements="18" coveredstatements="18" conditionals="4" coveredconditionals="3" methods="5" coveredmethods="5"/>
      <line num="1" count="1" type="stmt"/>
      <line num="2" count="1" type="stmt"/>
      <line num="3" count="1" type="stmt"/>
      <line num="4" count="1" type="stmt"/>
      <line num="13" count="1" type="stmt"/>
      <line num="14" count="1" type="stmt"/>
      <line num="16" count="1" type="stmt"/>
      <line num="17" count="2" type="stmt"/>
      <line num="18" count="2" type="stmt"/>
      <line num="20" count="1" type="stmt"/>
      <line num="21" count="2" type="cond" truecount="2" falsecount="0"/>
      <line num="22" count="1" type="stmt"/>
      <line num="25" count="1" type="stmt"/>
      <line num="29" count="1" type="stmt"/>
      <line num="32" count="1" type="stmt"/>
      <line num="38" count="1" type="stmt"/>
      <line num="62" count="1" type="cond" truecount="1" falsecount="1"/>
      <line num="63" count="1" type="stmt"/>
    </file>
    <file name="ajaxRetrieveChoices.js" path="C:\xampp\htdocs\chinamax\public\js\ajaxRetrieveChoices.js">
      <metrics statements="15" coveredstatements="15" conditionals="2" coveredconditionals="1" methods="5" coveredmethods="5"/>
      <line num="1" count="1" type="stmt"/>
      <line num="2" count="1" type="stmt"/>
      <line num="3" count="1" type="stmt"/>
      <line num="4" count="1" type="stmt"/>
      <line num="12" count="1" type="stmt"/>
      <line num="13" count="1" type="stmt"/>
      <line num="15" count="1" type="stmt"/>
      <line num="16" count="1" type="stmt"/>
      <line num="17" count="1" type="stmt"/>
      <line num="19" count="1" type="stmt"/>
      <line num="21" count="1" type="stmt"/>
      <line num="23" count="1" type="stmt"/>
      <line num="29" count="1" type="stmt"/>
      <line num="43" count="1" type="cond" truecount="1" falsecount="1"/>
      <line num="44" count="1" type="stmt"/>
    </file>
    <file name="choiceitem.js" path="C:\xampp\htdocs\chinamax\public\js\choiceitem.js">
      <metrics statements="19" coveredstatements="14" conditionals="12" coveredconditionals="7" methods="3" coveredmethods="2"/>
      <line num="4" count="2" type="cond" truecount="3" falsecount="1"/>
      <line num="5" count="2" type="stmt"/>
      <line num="13" count="2" type="stmt"/>
      <line num="15" count="2" type="stmt"/>
      <line num="16" count="2" type="stmt"/>
      <line num="17" count="2" type="stmt"/>
      <line num="23" count="0" type="cond" truecount="0" falsecount="2"/>
      <line num="24" count="0" type="stmt"/>
      <line num="25" count="0" type="stmt"/>
      <line num="28" count="0" type="stmt"/>
      <line num="29" count="0" type="stmt"/>
      <line num="36" count="2" type="cond" truecount="3" falsecount="1"/>
      <line num="37" count="2" type="stmt"/>
      <line num="45" count="2" type="stmt"/>
      <line num="47" count="2" type="stmt"/>
      <line num="48" count="2" type="stmt"/>
      <line num="49" count="2" type="stmt"/>
      <line num="54" count="1" type="cond" truecount="1" falsecount="1"/>
      <line num="55" count="1" type="stmt"/>
    </file>
    <file name="common.js" path="C:\xampp\htdocs\chinamax\public\js\common.js">
      <metrics statements="532" coveredstatements="532" conditionals="127" coveredconditionals="125" methods="46" coveredmethods="46"/>
      <line num="6" count="29" type="stmt"/>
      <line num="7" count="29" type="stmt"/>
      <line num="8" count="29" type="stmt"/>
      <line num="9" count="29" type="stmt"/>
      <line num="15" count="1" type="stmt"/>
      <line num="16" count="1" type="stmt"/>
      <line num="17" count="1" type="stmt"/>
      <line num="18" count="1" type="stmt"/>
      <line num="19" count="1" type="stmt"/>
      <line num="20" count="1" type="stmt"/>
      <line num="26" count="1" type="stmt"/>
      <line num="27" count="1" type="stmt"/>
      <line num="28" count="1" type="stmt"/>
      <line num="29" count="1" type="stmt"/>
      <line num="30" count="1" type="stmt"/>
      <line num="31" count="1" type="stmt"/>
      <line num="37" count="2" type="cond" truecount="2" falsecount="0"/>
      <line num="38" count="2" type="stmt"/>
      <line num="39" count="2" type="stmt"/>
      <line num="40" count="2" type="stmt"/>
      <line num="41" count="2" type="stmt"/>
      <line num="42" count="2" type="stmt"/>
      <line num="43" count="2" type="stmt"/>
      <line num="44" count="2" type="stmt"/>
      <line num="45" count="2" type="stmt"/>
      <line num="46" count="2" type="stmt"/>
      <line num="47" count="2" type="stmt"/>
      <line num="48" count="2" type="stmt"/>
      <line num="49" count="2" type="stmt"/>
      <line num="50" count="2" type="stmt"/>
      <line num="51" count="2" type="stmt"/>
      <line num="52" count="2" type="stmt"/>
      <line num="53" count="2" type="stmt"/>
      <line num="54" count="2" type="stmt"/>
      <line num="55" count="2" type="stmt"/>
      <line num="56" count="2" type="stmt"/>
      <line num="57" count="2" type="stmt"/>
      <line num="58" count="2" type="stmt"/>
      <line num="60" count="2" type="stmt"/>
      <line num="66" count="1" type="stmt"/>
      <line num="68" count="1" type="stmt"/>
      <line num="74" count="2" type="cond" truecount="4" falsecount="0"/>
      <line num="76" count="2" type="stmt"/>
      <line num="83" count="6" type="stmt"/>
      <line num="84" count="6" type="stmt"/>
      <line num="85" count="6" type="stmt"/>
      <line num="86" count="6" type="stmt"/>
      <line num="87" count="6" type="stmt"/>
      <line num="88" count="6" type="stmt"/>
      <line num="90" count="6" type="stmt"/>
      <line num="93" count="6" type="stmt"/>
      <line num="112" count="6" type="stmt"/>
      <line num="113" count="6" type="stmt"/>
      <line num="114" count="6" type="stmt"/>
      <line num="115" count="6" type="cond" truecount="2" falsecount="0"/>
      <line num="116" count="1" type="stmt"/>
      <line num="118" count="5" type="stmt"/>
      <line num="122" count="6" type="stmt"/>
      <line num="123" count="6" type="cond" truecount="2" falsecount="0"/>
      <line num="124" count="3" type="stmt"/>
      <line num="127" count="6" type="stmt"/>
      <line num="128" count="6" type="stmt"/>
      <line num="129" count="6" type="stmt"/>
      <line num="130" count="6" type="stmt"/>
      <line num="131" count="6" type="stmt"/>
      <line num="132" count="6" type="stmt"/>
      <line num="133" count="6" type="stmt"/>
      <line num="134" count="6" type="stmt"/>
      <line num="135" count="6" type="stmt"/>
      <line num="136" count="6" type="stmt"/>
      <line num="137" count="6" type="stmt"/>
      <line num="138" count="6" type="stmt"/>
      <line num="139" count="6" type="stmt"/>
      <line num="140" count="6" type="stmt"/>
      <line num="141" count="6" type="stmt"/>
      <line num="142" count="6" type="stmt"/>
      <line num="143" count="6" type="stmt"/>
      <line num="144" count="6" type="stmt"/>
      <line num="145" count="6" type="stmt"/>
      <line num="146" count="6" type="stmt"/>
      <line num="147" count="6" type="stmt"/>
      <line num="148" count="6" type="stmt"/>
      <line num="149" count="6" type="stmt"/>
      <line num="150" count="6" type="stmt"/>
      <line num="151" count="6" type="stmt"/>
      <line num="152" count="6" type="stmt"/>
      <line num="153" count="6" type="stmt"/>
      <line num="158" count="7" type="stmt"/>
      <line num="159" count="7" type="stmt"/>
      <line num="160" count="7" type="stmt"/>
      <line num="161" count="7" type="stmt"/>
      <line num="162" count="7" type="stmt"/>
      <line num="164" count="7" type="stmt"/>
      <line num="169" count="11" type="stmt"/>
      <line num="170" count="11" type="stmt"/>
      <line num="171" count="11" type="stmt"/>
      <line num="173" count="11" type="cond" truecount="2" falsecount="0"/>
      <line num="174" count="3" type="stmt"/>
      <line num="176" count="11" type="cond" truecount="2" falsecount="0"/>
      <line num="177" count="4" type="cond" truecount="2" falsecount="0"/>
      <line num="178" count="3" type="stmt"/>
      <line num="180" count="1" type="stmt"/>
      <line num="183" count="11" type="cond" truecount="2" falsecount="0"/>
      <line num="184" count="3" type="cond" truecount="2" falsecount="0"/>
      <line num="185" count="2" type="stmt"/>
      <line num="187" count="1" type="stmt"/>
      <line num="191" count="11" type="cond" truecount="2" falsecount="0"/>
      <line num="192" count="2" type="stmt"/>
      <line num="194" count="2" type="cond" truecount="2" falsecount="0"/>
      <line num="196" count="1" type="stmt"/>
      <line num="197" count="1" type="stmt"/>
      <line num="199" count="2" type="cond" truecount="2" falsecount="0"/>
      <line num="200" count="1" type="stmt"/>
      <line num="202" count="1" type="stmt"/>
      <line num="205" count="11" type="cond" truecount="2" falsecount="0"/>
      <line num="206" count="2" type="stmt"/>
      <line num="208" count="2" type="cond" truecount="2" falsecount="0"/>
      <line num="210" count="1" type="stmt"/>
      <line num="211" count="1" type="stmt"/>
      <line num="212" count="1" type="stmt"/>
      <line num="217" count="7" type="cond" truecount="2" falsecount="0"/>
      <line num="218" count="3" type="stmt"/>
      <line num="220" count="7" type="cond" truecount="2" falsecount="0"/>
      <line num="221" count="3" type="stmt"/>
      <line num="223" count="7" type="cond" truecount="2" falsecount="0"/>
      <line num="224" count="2" type="stmt"/>
      <line num="226" count="7" type="cond" truecount="2" falsecount="0"/>
      <line num="227" count="1" type="stmt"/>
      <line num="230" count="7" type="stmt"/>
      <line num="235" count="6" type="stmt"/>
      <line num="238" count="6" type="stmt"/>
      <line num="242" count="10" type="stmt"/>
      <line num="243" count="10" type="stmt"/>
      <line num="244" count="10" type="stmt"/>
      <line num="246" count="10" type="cond" truecount="2" falsecount="0"/>
      <line num="247" count="2" type="cond" truecount="2" falsecount="0"/>
      <line num="248" count="1" type="stmt"/>
      <line num="252" count="6" type="stmt"/>
      <line num="261" count="4" type="stmt"/>
      <line num="271" count="4" type="cond" truecount="4" falsecount="0"/>
      <line num="272" count="3" type="stmt"/>
      <line num="273" count="3" type="stmt"/>
      <line num="274" count="3" type="stmt"/>
      <line num="277" count="4" type="stmt"/>
      <line num="303" count="5" type="stmt"/>
      <line num="304" count="5" type="cond" truecount="2" falsecount="0"/>
      <line num="305" count="1" type="stmt"/>
      <line num="306" count="1" type="stmt"/>
      <line num="308" count="1" type="stmt"/>
      <line num="312" count="4" type="stmt"/>
      <line num="315" count="4" type="stmt"/>
      <line num="317" count="4" type="cond" truecount="2" falsecount="0"/>
      <line num="318" count="2" type="cond" truecount="4" falsecount="0"/>
      <line num="319" count="1" type="stmt"/>
      <line num="320" count="1" type="stmt"/>
      <line num="321" count="1" type="stmt"/>
      <line num="323" count="1" type="stmt"/>
      <line num="324" count="1" type="stmt"/>
      <line num="325" count="1" type="stmt"/>
      <line num="329" count="2" type="stmt"/>
      <line num="331" count="2" type="cond" truecount="5" falsecount="0"/>
      <line num="332" count="1" type="stmt"/>
      <line num="333" count="1" type="stmt"/>
      <line num="334" count="1" type="stmt"/>
      <line num="336" count="1" type="stmt"/>
      <line num="337" count="1" type="stmt"/>
      <line num="338" count="1" type="stmt"/>
      <line num="344" count="3" type="stmt"/>
      <line num="345" count="3" type="stmt"/>
      <line num="346" count="3" type="stmt"/>
      <line num="347" count="6" type="stmt"/>
      <line num="348" count="6" type="stmt"/>
      <line num="349" count="6" type="cond" truecount="2" falsecount="0"/>
      <line num="350" count="2" type="stmt"/>
      <line num="351" count="4" type="cond" truecount="2" falsecount="0"/>
      <line num="352" count="1" type="stmt"/>
      <line num="353" count="3" type="cond" truecount="2" falsecount="0"/>
      <line num="354" count="2" type="stmt"/>
      <line num="357" count="3" type="stmt"/>
      <line num="361" count="2" type="stmt"/>
      <line num="362" count="2" type="stmt"/>
      <line num="363" count="2" type="stmt"/>
      <line num="364" count="4" type="stmt"/>
      <line num="365" count="4" type="stmt"/>
      <line num="366" count="4" type="cond" truecount="2" falsecount="0"/>
      <line num="367" count="1" type="stmt"/>
      <line num="368" count="3" type="cond" truecount="2" falsecount="0"/>
      <line num="369" count="2" type="stmt"/>
      <line num="372" count="2" type="stmt"/>
      <line num="376" count="2" type="stmt"/>
      <line num="377" count="2" type="stmt"/>
      <line num="378" count="2" type="stmt"/>
      <line num="379" count="1" type="stmt"/>
      <line num="380" count="1" type="cond" truecount="1" falsecount="1"/>
      <line num="381" count="1" type="stmt"/>
      <line num="384" count="2" type="stmt"/>
      <line num="385" count="2" type="stmt"/>
      <line num="386" count="3" type="stmt"/>
      <line num="387" count="3" type="cond" truecount="2" falsecount="0"/>
      <line num="388" count="1" type="stmt"/>
      <line num="391" count="2" type="stmt"/>
      <line num="395" count="5" type="cond" truecount="2" falsecount="0"/>
      <line num="396" count="2" type="cond" truecount="2" falsecount="0"/>
      <line num="397" count="1" type="stmt"/>
      <line num="399" count="1" type="stmt"/>
      <line num="402" count="3" type="cond" truecount="2" falsecount="0"/>
      <line num="403" count="2" type="cond" truecount="2" falsecount="0"/>
      <line num="404" count="1" type="stmt"/>
      <line num="406" count="1" type="stmt"/>
      <line num="409" count="1" type="stmt"/>
      <line num="415" count="5" type="cond" truecount="2" falsecount="0"/>
      <line num="416" count="2" type="cond" truecount="2" falsecount="0"/>
      <line num="417" count="1" type="stmt"/>
      <line num="419" count="1" type="stmt"/>
      <line num="422" count="3" type="cond" truecount="2" falsecount="0"/>
      <line num="423" count="2" type="cond" truecount="2" falsecount="0"/>
      <line num="424" count="1" type="stmt"/>
      <line num="426" count="1" type="stmt"/>
      <line num="429" count="1" type="stmt"/>
      <line num="435" count="1" type="stmt"/>
      <line num="436" count="1" type="stmt"/>
      <line num="437" count="1" type="stmt"/>
      <line num="438" count="1" type="stmt"/>
      <line num="439" count="1" type="stmt"/>
      <line num="440" count="1" type="stmt"/>
      <line num="441" count="1" type="stmt"/>
      <line num="442" count="1" type="stmt"/>
      <line num="443" count="1" type="stmt"/>
      <line num="444" count="1" type="stmt"/>
      <line num="445" count="1" type="stmt"/>
      <line num="446" count="1" type="stmt"/>
      <line num="447" count="1" type="stmt"/>
      <line num="448" count="1" type="stmt"/>
      <line num="449" count="1" type="stmt"/>
      <line num="450" count="1" type="stmt"/>
      <line num="451" count="1" type="stmt"/>
      <line num="452" count="1" type="stmt"/>
      <line num="453" count="1" type="stmt"/>
      <line num="454" count="1" type="stmt"/>
      <line num="455" count="1" type="stmt"/>
      <line num="456" count="1" type="stmt"/>
      <line num="457" count="1" type="stmt"/>
      <line num="461" count="1" type="stmt"/>
      <line num="462" count="1" type="stmt"/>
      <line num="463" count="1" type="stmt"/>
      <line num="464" count="1" type="stmt"/>
      <line num="465" count="1" type="stmt"/>
      <line num="466" count="1" type="stmt"/>
      <line num="467" count="1" type="stmt"/>
      <line num="468" count="1" type="stmt"/>
      <line num="469" count="1" type="stmt"/>
      <line num="470" count="1" type="stmt"/>
      <line num="471" count="1" type="stmt"/>
      <line num="472" count="1" type="stmt"/>
      <line num="473" count="1" type="stmt"/>
      <line num="474" count="1" type="stmt"/>
      <line num="475" count="1" type="stmt"/>
      <line num="476" count="1" type="stmt"/>
      <line num="477" count="1" type="stmt"/>
      <line num="478" count="1" type="stmt"/>
      <line num="479" count="1" type="stmt"/>
      <line num="480" count="1" type="stmt"/>
      <line num="481" count="1" type="stmt"/>
      <line num="482" count="1" type="stmt"/>
      <line num="483" count="1" type="stmt"/>
      <line num="484" count="1" type="stmt"/>
      <line num="488" count="2" type="stmt"/>
      <line num="489" count="2" type="stmt"/>
      <line num="490" count="4" type="stmt"/>
      <line num="493" count="2" type="stmt"/>
      <line num="494" count="2" type="stmt"/>
      <line num="495" count="2" type="stmt"/>
      <line num="496" count="2" type="stmt"/>
      <line num="497" count="2" type="stmt"/>
      <line num="498" count="2" type="stmt"/>
      <line num="499" count="2" type="stmt"/>
      <line num="501" count="2" type="cond" truecount="2" falsecount="0"/>
      <line num="502" count="1" type="stmt"/>
      <line num="504" count="1" type="stmt"/>
      <line num="507" count="2" type="stmt"/>
      <line num="508" count="2" type="stmt"/>
      <line num="510" count="2" type="stmt"/>
      <line num="511" count="12" type="cond" truecount="2" falsecount="0"/>
      <line num="513" count="2" type="stmt"/>
      <line num="514" count="2" type="stmt"/>
      <line num="516" count="2" type="cond" truecount="2" falsecount="0"/>
      <line num="517" count="1" type="stmt"/>
      <line num="518" count="1" type="stmt"/>
      <line num="519" count="1" type="stmt"/>
      <line num="520" count="3" type="cond" truecount="2" falsecount="0"/>
      <line num="522" count="1" type="stmt"/>
      <line num="523" count="1" type="stmt"/>
      <line num="526" count="2" type="stmt"/>
      <line num="527" count="2" type="stmt"/>
      <line num="528" count="2" type="stmt"/>
      <line num="529" count="2" type="stmt"/>
      <line num="530" count="2" type="stmt"/>
      <line num="531" count="2" type="stmt"/>
      <line num="532" count="2" type="stmt"/>
      <line num="533" count="2" type="stmt"/>
      <line num="534" count="2" type="stmt"/>
      <line num="535" count="2" type="stmt"/>
      <line num="536" count="2" type="stmt"/>
      <line num="537" count="2" type="stmt"/>
      <line num="538" count="2" type="stmt"/>
      <line num="542" count="2" type="stmt"/>
      <line num="543" count="2" type="stmt"/>
      <line num="544" count="2" type="stmt"/>
      <line num="545" count="2" type="stmt"/>
      <line num="546" count="2" type="cond" truecount="2" falsecount="0"/>
      <line num="547" count="1" type="stmt"/>
      <line num="549" count="1" type="stmt"/>
      <line num="551" count="2" type="stmt"/>
      <line num="552" count="2" type="stmt"/>
      <line num="553" count="2" type="stmt"/>
      <line num="554" count="2" type="stmt"/>
      <line num="555" count="2" type="stmt"/>
      <line num="556" count="2" type="stmt"/>
      <line num="557" count="6" type="cond" truecount="2" falsecount="0"/>
      <line num="559" count="2" type="stmt"/>
      <line num="560" count="2" type="stmt"/>
      <line num="561" count="2" type="stmt"/>
      <line num="562" count="2" type="stmt"/>
      <line num="563" count="2" type="stmt"/>
      <line num="564" count="2" type="stmt"/>
      <line num="565" count="2" type="stmt"/>
      <line num="566" count="2" type="stmt"/>
      <line num="567" count="2" type="stmt"/>
      <line num="568" count="2" type="stmt"/>
      <line num="569" count="2" type="stmt"/>
      <line num="570" count="2" type="stmt"/>
      <line num="572" count="2" type="stmt"/>
      <line num="576" count="2" type="stmt"/>
      <line num="577" count="2" type="stmt"/>
      <line num="578" count="2" type="cond" truecount="2" falsecount="0"/>
      <line num="579" count="1" type="stmt"/>
      <line num="581" count="1" type="stmt"/>
      <line num="583" count="2" type="cond" truecount="2" falsecount="0"/>
      <line num="584" count="1" type="stmt"/>
      <line num="587" count="2" type="stmt"/>
      <line num="588" count="2" type="stmt"/>
      <line num="590" count="2" type="stmt"/>
      <line num="591" count="2" type="stmt"/>
      <line num="593" count="2" type="stmt"/>
      <line num="594" count="2" type="stmt"/>
      <line num="595" count="2" type="stmt"/>
      <line num="596" count="2" type="stmt"/>
      <line num="597" count="2" type="stmt"/>
      <line num="598" count="6" type="stmt"/>
      <line num="599" count="6" type="stmt"/>
      <line num="600" count="6" type="stmt"/>
      <line num="601" count="6" type="stmt"/>
      <line num="602" count="6" type="stmt"/>
      <line num="603" count="6" type="stmt"/>
      <line num="604" count="6" type="stmt"/>
      <line num="605" count="6" type="stmt"/>
      <line num="606" count="6" type="stmt"/>
      <line num="607" count="6" type="stmt"/>
      <line num="608" count="6" type="stmt"/>
      <line num="609" count="6" type="stmt"/>
      <line num="610" count="6" type="stmt"/>
      <line num="611" count="6" type="stmt"/>
      <line num="612" count="6" type="stmt"/>
      <line num="615" count="2" type="stmt"/>
      <line num="616" count="2" type="stmt"/>
      <line num="617" count="2" type="stmt"/>
      <line num="618" count="2" type="stmt"/>
      <line num="619" count="2" type="stmt"/>
      <line num="620" count="2" type="stmt"/>
      <line num="621" count="2" type="stmt"/>
      <line num="622" count="2" type="stmt"/>
      <line num="623" count="18" type="stmt"/>
      <line num="624" count="18" type="stmt"/>
      <line num="625" count="18" type="stmt"/>
      <line num="626" count="18" type="stmt"/>
      <line num="627" count="18" type="stmt"/>
      <line num="628" count="18" type="stmt"/>
      <line num="629" count="18" type="stmt"/>
      <line num="630" count="18" type="stmt"/>
      <line num="631" count="18" type="stmt"/>
      <line num="632" count="18" type="stmt"/>
      <line num="633" count="18" type="stmt"/>
      <line num="634" count="18" type="stmt"/>
      <line num="635" count="18" type="stmt"/>
      <line num="636" count="18" type="stmt"/>
      <line num="637" count="18" type="stmt"/>
      <line num="638" count="18" type="stmt"/>
      <line num="641" count="2" type="stmt"/>
      <line num="642" count="2" type="stmt"/>
      <line num="643" count="2" type="stmt"/>
      <line num="644" count="2" type="stmt"/>
      <line num="645" count="2" type="stmt"/>
      <line num="646" count="6" type="stmt"/>
      <line num="647" count="6" type="stmt"/>
      <line num="648" count="6" type="stmt"/>
      <line num="649" count="6" type="stmt"/>
      <line num="650" count="6" type="stmt"/>
      <line num="651" count="6" type="stmt"/>
      <line num="652" count="6" type="stmt"/>
      <line num="653" count="6" type="stmt"/>
      <line num="654" count="6" type="stmt"/>
      <line num="655" count="6" type="stmt"/>
      <line num="656" count="6" type="stmt"/>
      <line num="657" count="6" type="stmt"/>
      <line num="658" count="6" type="stmt"/>
      <line num="659" count="6" type="stmt"/>
      <line num="660" count="6" type="stmt"/>
      <line num="661" count="6" type="stmt"/>
      <line num="664" count="2" type="stmt"/>
      <line num="665" count="2" type="stmt"/>
      <line num="666" count="2" type="stmt"/>
      <line num="667" count="2" type="stmt"/>
      <line num="668" count="2" type="stmt"/>
      <line num="669" count="4" type="stmt"/>
      <line num="670" count="4" type="stmt"/>
      <line num="671" count="4" type="stmt"/>
      <line num="672" count="4" type="stmt"/>
      <line num="673" count="4" type="stmt"/>
      <line num="674" count="4" type="stmt"/>
      <line num="675" count="4" type="stmt"/>
      <line num="676" count="4" type="stmt"/>
      <line num="677" count="4" type="stmt"/>
      <line num="678" count="4" type="stmt"/>
      <line num="679" count="4" type="stmt"/>
      <line num="680" count="4" type="stmt"/>
      <line num="681" count="4" type="stmt"/>
      <line num="682" count="4" type="stmt"/>
      <line num="683" count="4" type="stmt"/>
      <line num="684" count="4" type="stmt"/>
      <line num="687" count="2" type="cond" truecount="2" falsecount="0"/>
      <line num="688" count="1" type="stmt"/>
      <line num="689" count="1" type="stmt"/>
      <line num="690" count="1" type="stmt"/>
      <line num="691" count="1" type="stmt"/>
      <line num="692" count="1" type="stmt"/>
      <line num="693" count="1" type="stmt"/>
      <line num="694" count="1" type="stmt"/>
      <line num="695" count="1" type="stmt"/>
      <line num="696" count="2" type="cond" truecount="2" falsecount="0"/>
      <line num="697" count="1" type="stmt"/>
      <line num="698" count="1" type="stmt"/>
      <line num="699" count="1" type="stmt"/>
      <line num="700" count="1" type="stmt"/>
      <line num="701" count="1" type="stmt"/>
      <line num="702" count="1" type="stmt"/>
      <line num="703" count="1" type="stmt"/>
      <line num="710" count="1" type="stmt"/>
      <line num="711" count="1" type="stmt"/>
      <line num="712" count="8" type="stmt"/>
      <line num="714" count="1" type="stmt"/>
      <line num="715" count="1" type="stmt"/>
      <line num="716" count="1" type="stmt"/>
      <line num="717" count="1" type="stmt"/>
      <line num="718" count="1" type="stmt"/>
      <line num="719" count="1" type="stmt"/>
      <line num="720" count="1" type="stmt"/>
      <line num="722" count="1" type="stmt"/>
      <line num="723" count="1" type="stmt"/>
      <line num="724" count="1" type="stmt"/>
      <line num="725" count="1" type="stmt"/>
      <line num="727" count="1" type="stmt"/>
      <line num="728" count="1" type="stmt"/>
      <line num="729" count="1" type="stmt"/>
      <line num="730" count="1" type="stmt"/>
      <line num="731" count="1" type="stmt"/>
      <line num="732" count="1" type="stmt"/>
      <line num="733" count="1" type="stmt"/>
      <line num="738" count="2" type="stmt"/>
      <line num="739" count="2" type="stmt"/>
      <line num="740" count="2" type="stmt"/>
      <line num="741" count="2" type="stmt"/>
      <line num="742" count="2" type="stmt"/>
      <line num="743" count="2" type="stmt"/>
      <line num="744" count="2" type="stmt"/>
      <line num="746" count="2" type="stmt"/>
      <line num="747" count="2" type="stmt"/>
      <line num="748" count="2" type="stmt"/>
      <line num="749" count="2" type="stmt"/>
      <line num="750" count="2" type="stmt"/>
      <line num="751" count="2" type="stmt"/>
      <line num="752" count="2" type="stmt"/>
      <line num="753" count="2" type="stmt"/>
      <line num="757" count="1" type="stmt"/>
      <line num="758" count="1" type="stmt"/>
      <line num="759" count="1" type="stmt"/>
      <line num="760" count="1" type="stmt"/>
      <line num="761" count="1" type="stmt"/>
      <line num="762" count="1" type="stmt"/>
      <line num="763" count="1" type="stmt"/>
      <line num="764" count="1" type="stmt"/>
      <line num="765" count="1" type="stmt"/>
      <line num="766" count="1" type="stmt"/>
      <line num="770" count="7" type="stmt"/>
      <line num="773" count="7" type="stmt"/>
      <line num="774" count="7" type="stmt"/>
      <line num="775" count="6" type="stmt"/>
      <line num="776" count="6" type="stmt"/>
      <line num="777" count="6" type="cond" truecount="2" falsecount="0"/>
      <line num="778" count="2" type="stmt"/>
      <line num="779" count="2" type="stmt"/>
      <line num="780" count="4" type="cond" truecount="2" falsecount="0"/>
      <line num="781" count="1" type="stmt"/>
      <line num="782" count="1" type="stmt"/>
      <line num="783" count="3" type="cond" truecount="2" falsecount="0"/>
      <line num="784" count="2" type="stmt"/>
      <line num="785" count="2" type="stmt"/>
      <line num="790" count="7" type="stmt"/>
      <line num="791" count="7" type="stmt"/>
      <line num="792" count="4" type="stmt"/>
      <line num="793" count="4" type="stmt"/>
      <line num="794" count="4" type="cond" truecount="2" falsecount="0"/>
      <line num="795" count="1" type="stmt"/>
      <line num="796" count="1" type="stmt"/>
      <line num="797" count="3" type="cond" truecount="2" falsecount="0"/>
      <line num="798" count="2" type="stmt"/>
      <line num="799" count="2" type="stmt"/>
      <line num="804" count="7" type="cond" truecount="2" falsecount="0"/>
      <line num="805" count="2" type="stmt"/>
      <line num="806" count="2" type="stmt"/>
      <line num="807" count="2" type="stmt"/>
      <line num="808" count="2" type="cond" truecount="2" falsecount="0"/>
      <line num="809" count="1" type="stmt"/>
      <line num="810" count="1" type="stmt"/>
      <line num="813" count="2" type="stmt"/>
      <line num="814" count="2" type="stmt"/>
      <line num="815" count="2" type="stmt"/>
      <line num="816" count="2" type="cond" truecount="2" falsecount="0"/>
      <line num="817" count="1" type="stmt"/>
      <line num="818" count="1" type="stmt"/>
      <line num="819" count="1" type="stmt"/>
      <line num="823" count="7" type="stmt"/>
      <line num="826" count="1" type="cond" truecount="1" falsecount="1"/>
    </file>
  </project>
</coverage>
