{"C:\\xampp\\htdocs\\chinamax\\public\\js\\ChoiceSelection.js": {"path":"C:\\xampp\\htdocs\\chinamax\\public\\js\\ChoiceSelection.js","statementMap":{"0":{"start":{"line":12,"column":8},"end":{"line":12,"column":33}},"1":{"start":{"line":13,"column":8},"end":{"line":13,"column":47}},"2":{"start":{"line":14,"column":8},"end":{"line":14,"column":53}},"3":{"start":{"line":15,"column":8},"end":{"line":15,"column":21}},"4":{"start":{"line":16,"column":8},"end":{"line":16,"column":33}},"5":{"start":{"line":17,"column":8},"end":{"line":17,"column":39}},"6":{"start":{"line":18,"column":8},"end":{"line":22,"column":9}},"7":{"start":{"line":19,"column":12},"end":{"line":19,"column":65}},"8":{"start":{"line":20,"column":12},"end":{"line":20,"column":49}},"9":{"start":{"line":21,"column":12},"end":{"line":21,"column":51}},"10":{"start":{"line":28,"column":8},"end":{"line":57,"column":9}},"11":{"start":{"line":29,"column":12},"end":{"line":41,"column":13}},"12":{"start":{"line":30,"column":16},"end":{"line":36,"column":17}},"13":{"start":{"line":31,"column":20},"end":{"line":31,"column":53}},"14":{"start":{"line":32,"column":23},"end":{"line":36,"column":17}},"15":{"start":{"line":33,"column":20},"end":{"line":33,"column":55}},"16":{"start":{"line":34,"column":23},"end":{"line":36,"column":17}},"17":{"start":{"line":35,"column":20},"end":{"line":35,"column":54}},"18":{"start":{"line":37,"column":19},"end":{"line":41,"column":13}},"19":{"start":{"line":38,"column":16},"end":{"line":38,"column":42}},"20":{"start":{"line":39,"column":19},"end":{"line":41,"column":13}},"21":{"start":{"line":40,"column":16},"end":{"line":40,"column":44}},"22":{"start":{"line":42,"column":15},"end":{"line":57,"column":9}},"23":{"start":{"line":43,"column":12},"end":{"line":46,"column":13}},"24":{"start":{"line":44,"column":36},"end":{"line":44,"column":89}},"25":{"start":{"line":45,"column":16},"end":{"line":45,"column":79}},"26":{"start":{"line":48,"column":15},"end":{"line":57,"column":9}},"27":{"start":{"line":49,"column":32},"end":{"line":49,"column":85}},"28":{"start":{"line":50,"column":12},"end":{"line":50,"column":74}},"29":{"start":{"line":51,"column":12},"end":{"line":54,"column":13}},"30":{"start":{"line":52,"column":16},"end":{"line":52,"column":95}},"31":{"start":{"line":53,"column":16},"end":{"line":53,"column":76}},"32":{"start":{"line":55,"column":12},"end":{"line":55,"column":57}},"33":{"start":{"line":56,"column":12},"end":{"line":56,"column":37}},"34":{"start":{"line":62,"column":8},"end":{"line":62,"column":65}},"35":{"start":{"line":63,"column":8},"end":{"line":63,"column":74}},"36":{"start":{"line":67,"column":28},"end":{"line":67,"column":29}},"37":{"start":{"line":68,"column":26},"end":{"line":68,"column":46}},"38":{"start":{"line":69,"column":29},"end":{"line":69,"column":68}},"39":{"start":{"line":70,"column":8},"end":{"line":74,"column":11}},"40":{"start":{"line":71,"column":33},"end":{"line":71,"column":53}},"41":{"start":{"line":72,"column":27},"end":{"line":72,"column":83}},"42":{"start":{"line":73,"column":12},"end":{"line":73,"column":75}},"43":{"start":{"line":75,"column":8},"end":{"line":79,"column":9}},"44":{"start":{"line":76,"column":12},"end":{"line":76,"column":24}},"45":{"start":{"line":78,"column":12},"end":{"line":78,"column":25}},"46":{"start":{"line":86,"column":8},"end":{"line":103,"column":9}},"47":{"start":{"line":87,"column":12},"end":{"line":87,"column":61}},"48":{"start":{"line":88,"column":12},"end":{"line":88,"column":91}},"49":{"start":{"line":89,"column":15},"end":{"line":103,"column":9}},"50":{"start":{"line":90,"column":12},"end":{"line":97,"column":13}},"51":{"start":{"line":91,"column":16},"end":{"line":91,"column":78}},"52":{"start":{"line":92,"column":16},"end":{"line":92,"column":89}},"53":{"start":{"line":93,"column":16},"end":{"line":93,"column":49}},"54":{"start":{"line":95,"column":16},"end":{"line":95,"column":77}},"55":{"start":{"line":96,"column":16},"end":{"line":96,"column":89}},"56":{"start":{"line":98,"column":15},"end":{"line":103,"column":9}},"57":{"start":{"line":99,"column":12},"end":{"line":99,"column":61}},"58":{"start":{"line":100,"column":12},"end":{"line":100,"column":91}},"59":{"start":{"line":101,"column":12},"end":{"line":101,"column":52}},"60":{"start":{"line":102,"column":12},"end":{"line":102,"column":37}},"61":{"start":{"line":126,"column":8},"end":{"line":136,"column":9}},"62":{"start":{"line":127,"column":12},"end":{"line":127,"column":61}},"63":{"start":{"line":128,"column":12},"end":{"line":128,"column":92}},"64":{"start":{"line":131,"column":12},"end":{"line":131,"column":51}},"65":{"start":{"line":132,"column":12},"end":{"line":132,"column":82}},"66":{"start":{"line":134,"column":12},"end":{"line":134,"column":73}},"67":{"start":{"line":135,"column":12},"end":{"line":135,"column":86}},"68":{"start":{"line":140,"column":28},"end":{"line":140,"column":33}},"69":{"start":{"line":141,"column":27},"end":{"line":141,"column":69}},"70":{"start":{"line":142,"column":29},"end":{"line":142,"column":52}},"71":{"start":{"line":143,"column":26},"end":{"line":143,"column":46}},"72":{"start":{"line":144,"column":8},"end":{"line":151,"column":11}},"73":{"start":{"line":145,"column":33},"end":{"line":145,"column":53}},"74":{"start":{"line":146,"column":25},"end":{"line":146,"column":82}},"75":{"start":{"line":147,"column":12},"end":{"line":150,"column":13}},"76":{"start":{"line":148,"column":16},"end":{"line":148,"column":68}},"77":{"start":{"line":149,"column":16},"end":{"line":149,"column":37}},"78":{"start":{"line":152,"column":8},"end":{"line":152,"column":29}},"79":{"start":{"line":170,"column":27},"end":{"line":170,"column":69}},"80":{"start":{"line":171,"column":29},"end":{"line":171,"column":52}},"81":{"start":{"line":172,"column":26},"end":{"line":172,"column":46}},"82":{"start":{"line":173,"column":8},"end":{"line":179,"column":11}},"83":{"start":{"line":174,"column":33},"end":{"line":174,"column":53}},"84":{"start":{"line":175,"column":25},"end":{"line":175,"column":82}},"85":{"start":{"line":176,"column":12},"end":{"line":178,"column":13}},"86":{"start":{"line":177,"column":16},"end":{"line":177,"column":67}},"87":{"start":{"line":192,"column":27},"end":{"line":192,"column":69}},"88":{"start":{"line":193,"column":29},"end":{"line":193,"column":52}},"89":{"start":{"line":194,"column":26},"end":{"line":194,"column":46}},"90":{"start":{"line":195,"column":8},"end":{"line":202,"column":11}},"91":{"start":{"line":196,"column":33},"end":{"line":196,"column":53}},"92":{"start":{"line":197,"column":25},"end":{"line":197,"column":82}},"93":{"start":{"line":198,"column":12},"end":{"line":201,"column":13}},"94":{"start":{"line":199,"column":16},"end":{"line":199,"column":72}},"95":{"start":{"line":200,"column":16},"end":{"line":200,"column":86}},"96":{"start":{"line":206,"column":20},"end":{"line":206,"column":65}},"97":{"start":{"line":207,"column":8},"end":{"line":238,"column":9}},"98":{"start":{"line":208,"column":12},"end":{"line":216,"column":13}},"99":{"start":{"line":209,"column":16},"end":{"line":212,"column":17}},"100":{"start":{"line":210,"column":20},"end":{"line":210,"column":69}},"101":{"start":{"line":211,"column":20},"end":{"line":211,"column":100}},"102":{"start":{"line":214,"column":16},"end":{"line":214,"column":65}},"103":{"start":{"line":215,"column":16},"end":{"line":215,"column":96}},"104":{"start":{"line":218,"column":12},"end":{"line":236,"column":13}},"105":{"start":{"line":220,"column":54},"end":{"line":220,"column":94}},"106":{"start":{"line":221,"column":16},"end":{"line":221,"column":55}},"107":{"start":{"line":222,"column":16},"end":{"line":222,"column":86}},"108":{"start":{"line":223,"column":16},"end":{"line":223,"column":94}},"109":{"start":{"line":225,"column":16},"end":{"line":225,"column":77}},"110":{"start":{"line":226,"column":16},"end":{"line":226,"column":90}},"111":{"start":{"line":229,"column":16},"end":{"line":229,"column":55}},"112":{"start":{"line":230,"column":16},"end":{"line":230,"column":86}},"113":{"start":{"line":231,"column":16},"end":{"line":231,"column":101}},"114":{"start":{"line":232,"column":16},"end":{"line":232,"column":40}},"115":{"start":{"line":234,"column":16},"end":{"line":234,"column":77}},"116":{"start":{"line":235,"column":16},"end":{"line":235,"column":90}},"117":{"start":{"line":248,"column":8},"end":{"line":276,"column":9}},"118":{"start":{"line":250,"column":12},"end":{"line":266,"column":13}},"119":{"start":{"line":251,"column":16},"end":{"line":251,"column":77}},"120":{"start":{"line":252,"column":16},"end":{"line":252,"column":78}},"121":{"start":{"line":253,"column":16},"end":{"line":253,"column":90}},"122":{"start":{"line":254,"column":19},"end":{"line":266,"column":13}},"123":{"start":{"line":255,"column":16},"end":{"line":255,"column":77}},"124":{"start":{"line":256,"column":16},"end":{"line":256,"column":63}},"125":{"start":{"line":257,"column":16},"end":{"line":257,"column":90}},"126":{"start":{"line":258,"column":16},"end":{"line":258,"column":45}},"127":{"start":{"line":259,"column":19},"end":{"line":266,"column":13}},"128":{"start":{"line":260,"column":16},"end":{"line":260,"column":77}},"129":{"start":{"line":261,"column":16},"end":{"line":261,"column":63}},"130":{"start":{"line":262,"column":16},"end":{"line":262,"column":90}},"131":{"start":{"line":263,"column":16},"end":{"line":265,"column":17}},"132":{"start":{"line":264,"column":20},"end":{"line":264,"column":49}},"133":{"start":{"line":267,"column":15},"end":{"line":276,"column":9}},"134":{"start":{"line":268,"column":33},"end":{"line":268,"column":86}},"135":{"start":{"line":269,"column":12},"end":{"line":269,"column":72}},"136":{"start":{"line":270,"column":12},"end":{"line":270,"column":59}},"137":{"start":{"line":271,"column":12},"end":{"line":271,"column":92}},"138":{"start":{"line":272,"column":12},"end":{"line":275,"column":13}},"139":{"start":{"line":273,"column":16},"end":{"line":273,"column":74}},"140":{"start":{"line":274,"column":16},"end":{"line":274,"column":41}},"141":{"start":{"line":280,"column":21},"end":{"line":280,"column":26}},"142":{"start":{"line":281,"column":26},"end":{"line":281,"column":46}},"143":{"start":{"line":282,"column":27},"end":{"line":282,"column":66}},"144":{"start":{"line":283,"column":8},"end":{"line":290,"column":11}},"145":{"start":{"line":284,"column":33},"end":{"line":284,"column":53}},"146":{"start":{"line":285,"column":25},"end":{"line":285,"column":79}},"147":{"start":{"line":286,"column":12},"end":{"line":289,"column":13}},"148":{"start":{"line":287,"column":16},"end":{"line":287,"column":53}},"149":{"start":{"line":288,"column":16},"end":{"line":288,"column":30}},"150":{"start":{"line":291,"column":8},"end":{"line":291,"column":22}},"151":{"start":{"line":301,"column":8},"end":{"line":342,"column":9}},"152":{"start":{"line":303,"column":12},"end":{"line":330,"column":13}},"153":{"start":{"line":304,"column":16},"end":{"line":304,"column":77}},"154":{"start":{"line":305,"column":16},"end":{"line":305,"column":78}},"155":{"start":{"line":306,"column":16},"end":{"line":306,"column":90}},"156":{"start":{"line":307,"column":19},"end":{"line":330,"column":13}},"157":{"start":{"line":308,"column":16},"end":{"line":308,"column":77}},"158":{"start":{"line":309,"column":16},"end":{"line":309,"column":63}},"159":{"start":{"line":310,"column":16},"end":{"line":310,"column":90}},"160":{"start":{"line":311,"column":19},"end":{"line":330,"column":13}},"161":{"start":{"line":312,"column":16},"end":{"line":312,"column":77}},"162":{"start":{"line":313,"column":16},"end":{"line":313,"column":63}},"163":{"start":{"line":314,"column":16},"end":{"line":314,"column":90}},"164":{"start":{"line":315,"column":16},"end":{"line":315,"column":45}},"165":{"start":{"line":316,"column":19},"end":{"line":330,"column":13}},"166":{"start":{"line":319,"column":16},"end":{"line":319,"column":77}},"167":{"start":{"line":320,"column":16},"end":{"line":320,"column":63}},"168":{"start":{"line":321,"column":16},"end":{"line":321,"column":90}},"169":{"start":{"line":322,"column":16},"end":{"line":322,"column":45}},"170":{"start":{"line":327,"column":16},"end":{"line":327,"column":77}},"171":{"start":{"line":328,"column":16},"end":{"line":328,"column":63}},"172":{"start":{"line":329,"column":16},"end":{"line":329,"column":90}},"173":{"start":{"line":331,"column":15},"end":{"line":342,"column":9}},"174":{"start":{"line":332,"column":33},"end":{"line":332,"column":86}},"175":{"start":{"line":333,"column":12},"end":{"line":333,"column":72}},"176":{"start":{"line":334,"column":12},"end":{"line":334,"column":59}},"177":{"start":{"line":335,"column":12},"end":{"line":335,"column":92}},"178":{"start":{"line":336,"column":12},"end":{"line":338,"column":13}},"179":{"start":{"line":337,"column":16},"end":{"line":337,"column":74}},"180":{"start":{"line":339,"column":12},"end":{"line":341,"column":13}},"181":{"start":{"line":340,"column":16},"end":{"line":340,"column":41}},"182":{"start":{"line":371,"column":24},"end":{"line":371,"column":28}},"183":{"start":{"line":372,"column":26},"end":{"line":372,"column":46}},"184":{"start":{"line":373,"column":27},"end":{"line":373,"column":66}},"185":{"start":{"line":374,"column":8},"end":{"line":380,"column":11}},"186":{"start":{"line":375,"column":33},"end":{"line":375,"column":53}},"187":{"start":{"line":376,"column":25},"end":{"line":376,"column":79}},"188":{"start":{"line":377,"column":12},"end":{"line":379,"column":13}},"189":{"start":{"line":378,"column":16},"end":{"line":378,"column":34}},"190":{"start":{"line":381,"column":8},"end":{"line":381,"column":25}},"191":{"start":{"line":385,"column":21},"end":{"line":385,"column":26}},"192":{"start":{"line":386,"column":26},"end":{"line":386,"column":46}},"193":{"start":{"line":387,"column":27},"end":{"line":387,"column":66}},"194":{"start":{"line":388,"column":8},"end":{"line":395,"column":11}},"195":{"start":{"line":389,"column":33},"end":{"line":389,"column":53}},"196":{"start":{"line":390,"column":25},"end":{"line":390,"column":79}},"197":{"start":{"line":391,"column":12},"end":{"line":394,"column":13}},"198":{"start":{"line":392,"column":16},"end":{"line":392,"column":53}},"199":{"start":{"line":393,"column":16},"end":{"line":393,"column":30}},"200":{"start":{"line":396,"column":8},"end":{"line":396,"column":22}},"201":{"start":{"line":400,"column":24},"end":{"line":400,"column":29}},"202":{"start":{"line":401,"column":24},"end":{"line":401,"column":29}},"203":{"start":{"line":402,"column":26},"end":{"line":402,"column":27}},"204":{"start":{"line":403,"column":26},"end":{"line":403,"column":46}},"205":{"start":{"line":404,"column":27},"end":{"line":404,"column":66}},"206":{"start":{"line":405,"column":8},"end":{"line":415,"column":11}},"207":{"start":{"line":406,"column":33},"end":{"line":406,"column":53}},"208":{"start":{"line":407,"column":25},"end":{"line":407,"column":79}},"209":{"start":{"line":408,"column":12},"end":{"line":410,"column":13}},"210":{"start":{"line":409,"column":16},"end":{"line":409,"column":33}},"211":{"start":{"line":411,"column":12},"end":{"line":414,"column":13}},"212":{"start":{"line":412,"column":16},"end":{"line":412,"column":33}},"213":{"start":{"line":413,"column":16},"end":{"line":413,"column":37}},"214":{"start":{"line":416,"column":8},"end":{"line":418,"column":9}},"215":{"start":{"line":417,"column":12},"end":{"line":417,"column":63}},"216":{"start":{"line":419,"column":8},"end":{"line":419,"column":38}},"217":{"start":{"line":423,"column":30},"end":{"line":423,"column":31}},"218":{"start":{"line":424,"column":26},"end":{"line":424,"column":46}},"219":{"start":{"line":425,"column":27},"end":{"line":425,"column":66}},"220":{"start":{"line":426,"column":8},"end":{"line":435,"column":11}},"221":{"start":{"line":427,"column":33},"end":{"line":427,"column":53}},"222":{"start":{"line":428,"column":25},"end":{"line":428,"column":79}},"223":{"start":{"line":429,"column":12},"end":{"line":431,"column":13}},"224":{"start":{"line":430,"column":15},"end":{"line":430,"column":33}},"225":{"start":{"line":432,"column":12},"end":{"line":434,"column":13}},"226":{"start":{"line":433,"column":16},"end":{"line":433,"column":29}},"227":{"start":{"line":436,"column":8},"end":{"line":440,"column":9}},"228":{"start":{"line":437,"column":12},"end":{"line":437,"column":24}},"229":{"start":{"line":439,"column":12},"end":{"line":439,"column":25}},"230":{"start":{"line":444,"column":33},"end":{"line":444,"column":47}},"231":{"start":{"line":445,"column":26},"end":{"line":445,"column":46}},"232":{"start":{"line":446,"column":29},"end":{"line":446,"column":68}},"233":{"start":{"line":447,"column":8},"end":{"line":455,"column":11}},"234":{"start":{"line":448,"column":33},"end":{"line":448,"column":53}},"235":{"start":{"line":449,"column":27},"end":{"line":449,"column":83}},"236":{"start":{"line":450,"column":12},"end":{"line":454,"column":13}},"237":{"start":{"line":451,"column":39},"end":{"line":451,"column":76}},"238":{"start":{"line":452,"column":16},"end":{"line":452,"column":107}},"239":{"start":{"line":453,"column":16},"end":{"line":453,"column":39}},"240":{"start":{"line":459,"column":29},"end":{"line":459,"column":71}},"241":{"start":{"line":460,"column":29},"end":{"line":460,"column":52}},"242":{"start":{"line":461,"column":26},"end":{"line":461,"column":46}},"243":{"start":{"line":462,"column":8},"end":{"line":469,"column":11}},"244":{"start":{"line":463,"column":33},"end":{"line":463,"column":53}},"245":{"start":{"line":464,"column":27},"end":{"line":464,"column":86}},"246":{"start":{"line":465,"column":12},"end":{"line":468,"column":13}},"247":{"start":{"line":466,"column":16},"end":{"line":466,"column":74}},"248":{"start":{"line":467,"column":16},"end":{"line":467,"column":88}},"249":{"start":{"line":477,"column":26},"end":{"line":477,"column":45}},"250":{"start":{"line":478,"column":28},"end":{"line":478,"column":49}},"251":{"start":{"line":479,"column":17},"end":{"line":479,"column":80}},"252":{"start":{"line":480,"column":8},"end":{"line":480,"column":18}},"253":{"start":{"line":484,"column":0},"end":{"line":487,"column":2}},"254":{"start":{"line":484,"column":35},"end":{"line":487,"column":2}}},"fnMap":{"0":{"name":"(anonymous_0)","decl":{"start":{"line":4,"column":4},"end":{"line":4,"column":5}},"loc":{"start":{"line":4,"column":90},"end":{"line":24,"column":5}},"line":4},"1":{"name":"(anonymous_1)","decl":{"start":{"line":26,"column":4},"end":{"line":26,"column":5}},"loc":{"start":{"line":26,"column":20},"end":{"line":58,"column":5}},"line":26},"2":{"name":"(anonymous_2)","decl":{"start":{"line":61,"column":4},"end":{"line":61,"column":5}},"loc":{"start":{"line":61,"column":24},"end":{"line":64,"column":5}},"line":61},"3":{"name":"(anonymous_3)","decl":{"start":{"line":66,"column":4},"end":{"line":66,"column":5}},"loc":{"start":{"line":66,"column":24},"end":{"line":80,"column":5}},"line":66},"4":{"name":"(anonymous_4)","decl":{"start":{"line":70,"column":31},"end":{"line":70,"column":32}},"loc":{"start":{"line":70,"column":55},"end":{"line":74,"column":9}},"line":70},"5":{"name":"(anonymous_5)","decl":{"start":{"line":85,"column":4},"end":{"line":85,"column":5}},"loc":{"start":{"line":85,"column":32},"end":{"line":123,"column":5}},"line":85},"6":{"name":"(anonymous_6)","decl":{"start":{"line":125,"column":4},"end":{"line":125,"column":5}},"loc":{"start":{"line":125,"column":34},"end":{"line":137,"column":5}},"line":125},"7":{"name":"(anonymous_7)","decl":{"start":{"line":139,"column":4},"end":{"line":139,"column":5}},"loc":{"start":{"line":139,"column":42},"end":{"line":153,"column":5}},"line":139},"8":{"name":"(anonymous_8)","decl":{"start":{"line":144,"column":29},"end":{"line":144,"column":30}},"loc":{"start":{"line":144,"column":51},"end":{"line":151,"column":9}},"line":144},"9":{"name":"(anonymous_9)","decl":{"start":{"line":169,"column":4},"end":{"line":169,"column":5}},"loc":{"start":{"line":169,"column":39},"end":{"line":189,"column":5}},"line":169},"10":{"name":"(anonymous_10)","decl":{"start":{"line":173,"column":29},"end":{"line":173,"column":30}},"loc":{"start":{"line":173,"column":51},"end":{"line":179,"column":9}},"line":173},"11":{"name":"(anonymous_11)","decl":{"start":{"line":191,"column":4},"end":{"line":191,"column":5}},"loc":{"start":{"line":191,"column":32},"end":{"line":203,"column":5}},"line":191},"12":{"name":"(anonymous_12)","decl":{"start":{"line":195,"column":29},"end":{"line":195,"column":30}},"loc":{"start":{"line":195,"column":51},"end":{"line":202,"column":9}},"line":195},"13":{"name":"(anonymous_13)","decl":{"start":{"line":205,"column":4},"end":{"line":205,"column":5}},"loc":{"start":{"line":205,"column":33},"end":{"line":239,"column":5}},"line":205},"14":{"name":"(anonymous_14)","decl":{"start":{"line":247,"column":4},"end":{"line":247,"column":5}},"loc":{"start":{"line":247,"column":25},"end":{"line":277,"column":5}},"line":247},"15":{"name":"(anonymous_15)","decl":{"start":{"line":279,"column":4},"end":{"line":279,"column":5}},"loc":{"start":{"line":279,"column":28},"end":{"line":292,"column":5}},"line":279},"16":{"name":"(anonymous_16)","decl":{"start":{"line":283,"column":29},"end":{"line":283,"column":30}},"loc":{"start":{"line":283,"column":51},"end":{"line":290,"column":9}},"line":283},"17":{"name":"(anonymous_17)","decl":{"start":{"line":300,"column":4},"end":{"line":300,"column":5}},"loc":{"start":{"line":300,"column":27},"end":{"line":368,"column":5}},"line":300},"18":{"name":"(anonymous_18)","decl":{"start":{"line":370,"column":4},"end":{"line":370,"column":5}},"loc":{"start":{"line":370,"column":25},"end":{"line":382,"column":5}},"line":370},"19":{"name":"(anonymous_19)","decl":{"start":{"line":374,"column":29},"end":{"line":374,"column":30}},"loc":{"start":{"line":374,"column":51},"end":{"line":380,"column":9}},"line":374},"20":{"name":"(anonymous_20)","decl":{"start":{"line":384,"column":4},"end":{"line":384,"column":5}},"loc":{"start":{"line":384,"column":30},"end":{"line":397,"column":5}},"line":384},"21":{"name":"(anonymous_21)","decl":{"start":{"line":388,"column":29},"end":{"line":388,"column":30}},"loc":{"start":{"line":388,"column":51},"end":{"line":395,"column":9}},"line":388},"22":{"name":"(anonymous_22)","decl":{"start":{"line":399,"column":4},"end":{"line":399,"column":5}},"loc":{"start":{"line":399,"column":47},"end":{"line":420,"column":5}},"line":399},"23":{"name":"(anonymous_23)","decl":{"start":{"line":405,"column":29},"end":{"line":405,"column":30}},"loc":{"start":{"line":405,"column":51},"end":{"line":415,"column":9}},"line":405},"24":{"name":"(anonymous_24)","decl":{"start":{"line":422,"column":4},"end":{"line":422,"column":5}},"loc":{"start":{"line":422,"column":47},"end":{"line":441,"column":5}},"line":422},"25":{"name":"(anonymous_25)","decl":{"start":{"line":426,"column":29},"end":{"line":426,"column":30}},"loc":{"start":{"line":426,"column":51},"end":{"line":435,"column":9}},"line":426},"26":{"name":"(anonymous_26)","decl":{"start":{"line":443,"column":4},"end":{"line":443,"column":5}},"loc":{"start":{"line":443,"column":59},"end":{"line":456,"column":5}},"line":443},"27":{"name":"(anonymous_27)","decl":{"start":{"line":447,"column":31},"end":{"line":447,"column":32}},"loc":{"start":{"line":447,"column":55},"end":{"line":455,"column":9}},"line":447},"28":{"name":"(anonymous_28)","decl":{"start":{"line":458,"column":4},"end":{"line":458,"column":5}},"loc":{"start":{"line":458,"column":28},"end":{"line":470,"column":5}},"line":458},"29":{"name":"(anonymous_29)","decl":{"start":{"line":462,"column":31},"end":{"line":462,"column":32}},"loc":{"start":{"line":462,"column":55},"end":{"line":469,"column":9}},"line":462},"30":{"name":"(anonymous_30)","decl":{"start":{"line":475,"column":4},"end":{"line":475,"column":5}},"loc":{"start":{"line":475,"column":45},"end":{"line":481,"column":5}},"line":475}},"branchMap":{"0":{"loc":{"start":{"line":18,"column":8},"end":{"line":22,"column":9}},"type":"if","locations":[{"start":{"line":18,"column":8},"end":{"line":22,"column":9}},{"start":{},"end":{}}],"line":18},"1":{"loc":{"start":{"line":28,"column":8},"end":{"line":57,"column":9}},"type":"if","locations":[{"start":{"line":28,"column":8},"end":{"line":57,"column":9}},{"start":{"line":42,"column":15},"end":{"line":57,"column":9}}],"line":28},"2":{"loc":{"start":{"line":29,"column":12},"end":{"line":41,"column":13}},"type":"if","locations":[{"start":{"line":29,"column":12},"end":{"line":41,"column":13}},{"start":{"line":37,"column":19},"end":{"line":41,"column":13}}],"line":29},"3":{"loc":{"start":{"line":30,"column":16},"end":{"line":36,"column":17}},"type":"if","locations":[{"start":{"line":30,"column":16},"end":{"line":36,"column":17}},{"start":{"line":32,"column":23},"end":{"line":36,"column":17}}],"line":30},"4":{"loc":{"start":{"line":32,"column":23},"end":{"line":36,"column":17}},"type":"if","locations":[{"start":{"line":32,"column":23},"end":{"line":36,"column":17}},{"start":{"line":34,"column":23},"end":{"line":36,"column":17}}],"line":32},"5":{"loc":{"start":{"line":34,"column":23},"end":{"line":36,"column":17}},"type":"if","locations":[{"start":{"line":34,"column":23},"end":{"line":36,"column":17}},{"start":{},"end":{}}],"line":34},"6":{"loc":{"start":{"line":37,"column":19},"end":{"line":41,"column":13}},"type":"if","locations":[{"start":{"line":37,"column":19},"end":{"line":41,"column":13}},{"start":{"line":39,"column":19},"end":{"line":41,"column":13}}],"line":37},"7":{"loc":{"start":{"line":39,"column":19},"end":{"line":41,"column":13}},"type":"if","locations":[{"start":{"line":39,"column":19},"end":{"line":41,"column":13}},{"start":{},"end":{}}],"line":39},"8":{"loc":{"start":{"line":42,"column":15},"end":{"line":57,"column":9}},"type":"if","locations":[{"start":{"line":42,"column":15},"end":{"line":57,"column":9}},{"start":{"line":48,"column":15},"end":{"line":57,"column":9}}],"line":42},"9":{"loc":{"start":{"line":43,"column":12},"end":{"line":46,"column":13}},"type":"if","locations":[{"start":{"line":43,"column":12},"end":{"line":46,"column":13}},{"start":{},"end":{}}],"line":43},"10":{"loc":{"start":{"line":48,"column":15},"end":{"line":57,"column":9}},"type":"if","locations":[{"start":{"line":48,"column":15},"end":{"line":57,"column":9}},{"start":{},"end":{}}],"line":48},"11":{"loc":{"start":{"line":51,"column":12},"end":{"line":54,"column":13}},"type":"if","locations":[{"start":{"line":51,"column":12},"end":{"line":54,"column":13}},{"start":{},"end":{}}],"line":51},"12":{"loc":{"start":{"line":75,"column":8},"end":{"line":79,"column":9}},"type":"if","locations":[{"start":{"line":75,"column":8},"end":{"line":79,"column":9}},{"start":{"line":77,"column":15},"end":{"line":79,"column":9}}],"line":75},"13":{"loc":{"start":{"line":86,"column":8},"end":{"line":103,"column":9}},"type":"if","locations":[{"start":{"line":86,"column":8},"end":{"line":103,"column":9}},{"start":{"line":89,"column":15},"end":{"line":103,"column":9}}],"line":86},"14":{"loc":{"start":{"line":89,"column":15},"end":{"line":103,"column":9}},"type":"if","locations":[{"start":{"line":89,"column":15},"end":{"line":103,"column":9}},{"start":{"line":98,"column":15},"end":{"line":103,"column":9}}],"line":89},"15":{"loc":{"start":{"line":90,"column":12},"end":{"line":97,"column":13}},"type":"if","locations":[{"start":{"line":90,"column":12},"end":{"line":97,"column":13}},{"start":{"line":94,"column":19},"end":{"line":97,"column":13}}],"line":90},"16":{"loc":{"start":{"line":98,"column":15},"end":{"line":103,"column":9}},"type":"if","locations":[{"start":{"line":98,"column":15},"end":{"line":103,"column":9}},{"start":{},"end":{}}],"line":98},"17":{"loc":{"start":{"line":126,"column":8},"end":{"line":136,"column":9}},"type":"if","locations":[{"start":{"line":126,"column":8},"end":{"line":136,"column":9}},{"start":{"line":129,"column":15},"end":{"line":136,"column":9}}],"line":126},"18":{"loc":{"start":{"line":147,"column":12},"end":{"line":150,"column":13}},"type":"if","locations":[{"start":{"line":147,"column":12},"end":{"line":150,"column":13}},{"start":{},"end":{}}],"line":147},"19":{"loc":{"start":{"line":176,"column":12},"end":{"line":178,"column":13}},"type":"if","locations":[{"start":{"line":176,"column":12},"end":{"line":178,"column":13}},{"start":{},"end":{}}],"line":176},"20":{"loc":{"start":{"line":198,"column":12},"end":{"line":201,"column":13}},"type":"if","locations":[{"start":{"line":198,"column":12},"end":{"line":201,"column":13}},{"start":{},"end":{}}],"line":198},"21":{"loc":{"start":{"line":207,"column":8},"end":{"line":238,"column":9}},"type":"if","locations":[{"start":{"line":207,"column":8},"end":{"line":238,"column":9}},{"start":{"line":217,"column":15},"end":{"line":238,"column":9}}],"line":207},"22":{"loc":{"start":{"line":208,"column":12},"end":{"line":216,"column":13}},"type":"if","locations":[{"start":{"line":208,"column":12},"end":{"line":216,"column":13}},{"start":{"line":213,"column":19},"end":{"line":216,"column":13}}],"line":208},"23":{"loc":{"start":{"line":209,"column":16},"end":{"line":212,"column":17}},"type":"if","locations":[{"start":{"line":209,"column":16},"end":{"line":212,"column":17}},{"start":{},"end":{}}],"line":209},"24":{"loc":{"start":{"line":218,"column":12},"end":{"line":236,"column":13}},"type":"if","locations":[{"start":{"line":218,"column":12},"end":{"line":236,"column":13}},{"start":{"line":227,"column":19},"end":{"line":236,"column":13}}],"line":218},"25":{"loc":{"start":{"line":248,"column":8},"end":{"line":276,"column":9}},"type":"if","locations":[{"start":{"line":248,"column":8},"end":{"line":276,"column":9}},{"start":{"line":267,"column":15},"end":{"line":276,"column":9}}],"line":248},"26":{"loc":{"start":{"line":250,"column":12},"end":{"line":266,"column":13}},"type":"if","locations":[{"start":{"line":250,"column":12},"end":{"line":266,"column":13}},{"start":{"line":254,"column":19},"end":{"line":266,"column":13}}],"line":250},"27":{"loc":{"start":{"line":254,"column":19},"end":{"line":266,"column":13}},"type":"if","locations":[{"start":{"line":254,"column":19},"end":{"line":266,"column":13}},{"start":{"line":259,"column":19},"end":{"line":266,"column":13}}],"line":254},"28":{"loc":{"start":{"line":259,"column":19},"end":{"line":266,"column":13}},"type":"if","locations":[{"start":{"line":259,"column":19},"end":{"line":266,"column":13}},{"start":{},"end":{}}],"line":259},"29":{"loc":{"start":{"line":263,"column":16},"end":{"line":265,"column":17}},"type":"if","locations":[{"start":{"line":263,"column":16},"end":{"line":265,"column":17}},{"start":{},"end":{}}],"line":263},"30":{"loc":{"start":{"line":267,"column":15},"end":{"line":276,"column":9}},"type":"if","locations":[{"start":{"line":267,"column":15},"end":{"line":276,"column":9}},{"start":{},"end":{}}],"line":267},"31":{"loc":{"start":{"line":272,"column":12},"end":{"line":275,"column":13}},"type":"if","locations":[{"start":{"line":272,"column":12},"end":{"line":275,"column":13}},{"start":{},"end":{}}],"line":272},"32":{"loc":{"start":{"line":286,"column":12},"end":{"line":289,"column":13}},"type":"if","locations":[{"start":{"line":286,"column":12},"end":{"line":289,"column":13}},{"start":{},"end":{}}],"line":286},"33":{"loc":{"start":{"line":301,"column":8},"end":{"line":342,"column":9}},"type":"if","locations":[{"start":{"line":301,"column":8},"end":{"line":342,"column":9}},{"start":{"line":331,"column":15},"end":{"line":342,"column":9}}],"line":301},"34":{"loc":{"start":{"line":303,"column":12},"end":{"line":330,"column":13}},"type":"if","locations":[{"start":{"line":303,"column":12},"end":{"line":330,"column":13}},{"start":{"line":307,"column":19},"end":{"line":330,"column":13}}],"line":303},"35":{"loc":{"start":{"line":307,"column":19},"end":{"line":330,"column":13}},"type":"if","locations":[{"start":{"line":307,"column":19},"end":{"line":330,"column":13}},{"start":{"line":311,"column":19},"end":{"line":330,"column":13}}],"line":307},"36":{"loc":{"start":{"line":311,"column":19},"end":{"line":330,"column":13}},"type":"if","locations":[{"start":{"line":311,"column":19},"end":{"line":330,"column":13}},{"start":{"line":316,"column":19},"end":{"line":330,"column":13}}],"line":311},"37":{"loc":{"start":{"line":316,"column":19},"end":{"line":330,"column":13}},"type":"if","locations":[{"start":{"line":316,"column":19},"end":{"line":330,"column":13}},{"start":{"line":323,"column":19},"end":{"line":330,"column":13}}],"line":316},"38":{"loc":{"start":{"line":331,"column":15},"end":{"line":342,"column":9}},"type":"if","locations":[{"start":{"line":331,"column":15},"end":{"line":342,"column":9}},{"start":{},"end":{}}],"line":331},"39":{"loc":{"start":{"line":336,"column":12},"end":{"line":338,"column":13}},"type":"if","locations":[{"start":{"line":336,"column":12},"end":{"line":338,"column":13}},{"start":{},"end":{}}],"line":336},"40":{"loc":{"start":{"line":339,"column":12},"end":{"line":341,"column":13}},"type":"if","locations":[{"start":{"line":339,"column":12},"end":{"line":341,"column":13}},{"start":{},"end":{}}],"line":339},"41":{"loc":{"start":{"line":377,"column":12},"end":{"line":379,"column":13}},"type":"if","locations":[{"start":{"line":377,"column":12},"end":{"line":379,"column":13}},{"start":{},"end":{}}],"line":377},"42":{"loc":{"start":{"line":391,"column":12},"end":{"line":394,"column":13}},"type":"if","locations":[{"start":{"line":391,"column":12},"end":{"line":394,"column":13}},{"start":{},"end":{}}],"line":391},"43":{"loc":{"start":{"line":408,"column":12},"end":{"line":410,"column":13}},"type":"if","locations":[{"start":{"line":408,"column":12},"end":{"line":410,"column":13}},{"start":{},"end":{}}],"line":408},"44":{"loc":{"start":{"line":411,"column":12},"end":{"line":414,"column":13}},"type":"if","locations":[{"start":{"line":411,"column":12},"end":{"line":414,"column":13}},{"start":{},"end":{}}],"line":411},"45":{"loc":{"start":{"line":416,"column":8},"end":{"line":418,"column":9}},"type":"if","locations":[{"start":{"line":416,"column":8},"end":{"line":418,"column":9}},{"start":{},"end":{}}],"line":416},"46":{"loc":{"start":{"line":416,"column":12},"end":{"line":416,"column":34}},"type":"binary-expr","locations":[{"start":{"line":416,"column":12},"end":{"line":416,"column":21}},{"start":{"line":416,"column":25},"end":{"line":416,"column":34}}],"line":416},"47":{"loc":{"start":{"line":419,"column":15},"end":{"line":419,"column":37}},"type":"binary-expr","locations":[{"start":{"line":419,"column":15},"end":{"line":419,"column":24}},{"start":{"line":419,"column":28},"end":{"line":419,"column":37}}],"line":419},"48":{"loc":{"start":{"line":429,"column":12},"end":{"line":431,"column":13}},"type":"if","locations":[{"start":{"line":429,"column":12},"end":{"line":431,"column":13}},{"start":{},"end":{}}],"line":429},"49":{"loc":{"start":{"line":432,"column":12},"end":{"line":434,"column":13}},"type":"if","locations":[{"start":{"line":432,"column":12},"end":{"line":434,"column":13}},{"start":{},"end":{}}],"line":432},"50":{"loc":{"start":{"line":436,"column":8},"end":{"line":440,"column":9}},"type":"if","locations":[{"start":{"line":436,"column":8},"end":{"line":440,"column":9}},{"start":{"line":438,"column":15},"end":{"line":440,"column":9}}],"line":436},"51":{"loc":{"start":{"line":450,"column":12},"end":{"line":454,"column":13}},"type":"if","locations":[{"start":{"line":450,"column":12},"end":{"line":454,"column":13}},{"start":{},"end":{}}],"line":450},"52":{"loc":{"start":{"line":450,"column":16},"end":{"line":450,"column":87}},"type":"binary-expr","locations":[{"start":{"line":450,"column":17},"end":{"line":450,"column":59}},{"start":{"line":450,"column":65},"end":{"line":450,"column":86}}],"line":450},"53":{"loc":{"start":{"line":465,"column":12},"end":{"line":468,"column":13}},"type":"if","locations":[{"start":{"line":465,"column":12},"end":{"line":468,"column":13}},{"start":{},"end":{}}],"line":465},"54":{"loc":{"start":{"line":484,"column":0},"end":{"line":487,"column":2}},"type":"if","locations":[{"start":{"line":484,"column":0},"end":{"line":487,"column":2}},{"start":{},"end":{}}],"line":484}},"s":{"0":26,"1":26,"2":26,"3":26,"4":26,"5":26,"6":26,"7":16,"8":16,"9":16,"10":26,"11":23,"12":10,"13":4,"14":6,"15":2,"16":4,"17":4,"18":13,"19":5,"20":8,"21":8,"22":3,"23":2,"24":1,"25":1,"26":1,"27":1,"28":1,"29":1,"30":1,"31":1,"32":1,"33":1,"34":5,"35":5,"36":3,"37":3,"38":3,"39":3,"40":11,"41":11,"42":11,"43":3,"44":1,"45":2,"46":4,"47":1,"48":1,"49":3,"50":2,"51":1,"52":1,"53":1,"54":1,"55":1,"56":1,"57":1,"58":1,"59":1,"60":1,"61":2,"62":1,"63":1,"64":1,"65":1,"66":1,"67":1,"68":2,"69":2,"70":2,"71":2,"72":2,"73":6,"74":6,"75":6,"76":1,"77":1,"78":2,"79":1,"80":1,"81":1,"82":1,"83":3,"84":3,"85":3,"86":1,"87":1,"88":1,"89":1,"90":1,"91":3,"92":3,"93":3,"94":1,"95":1,"96":4,"97":4,"98":2,"99":1,"100":1,"101":1,"102":1,"103":1,"104":2,"105":1,"106":1,"107":1,"108":1,"109":1,"110":1,"111":1,"112":1,"113":1,"114":1,"115":1,"116":1,"117":5,"118":3,"119":1,"120":1,"121":1,"122":2,"123":1,"124":1,"125":1,"126":1,"127":1,"128":1,"129":1,"130":1,"131":1,"132":1,"133":2,"134":2,"135":2,"136":2,"137":2,"138":2,"139":1,"140":1,"141":2,"142":2,"143":2,"144":2,"145":6,"146":6,"147":6,"148":1,"149":1,"150":2,"151":8,"152":6,"153":1,"154":1,"155":1,"156":5,"157":1,"158":1,"159":1,"160":4,"161":1,"162":1,"163":1,"164":1,"165":3,"166":1,"167":1,"168":1,"169":1,"170":2,"171":2,"172":2,"173":2,"174":2,"175":2,"176":2,"177":2,"178":2,"179":2,"180":2,"181":2,"182":9,"183":9,"184":9,"185":9,"186":33,"187":33,"188":33,"189":9,"190":9,"191":5,"192":5,"193":5,"194":5,"195":20,"196":20,"197":20,"198":1,"199":1,"200":5,"201":4,"202":4,"203":4,"204":4,"205":4,"206":4,"207":16,"208":16,"209":16,"210":4,"211":16,"212":2,"213":2,"214":4,"215":1,"216":4,"217":3,"218":3,"219":3,"220":3,"221":12,"222":12,"223":12,"224":3,"225":12,"226":1,"227":3,"228":1,"229":2,"230":4,"231":4,"232":4,"233":4,"234":15,"235":15,"236":15,"237":4,"238":4,"239":4,"240":4,"241":4,"242":4,"243":4,"244":14,"245":14,"246":14,"247":4,"248":4,"249":139,"250":139,"251":139,"252":139,"253":1,"254":1},"f":{"0":26,"1":26,"2":5,"3":3,"4":11,"5":4,"6":2,"7":2,"8":6,"9":1,"10":3,"11":1,"12":3,"13":4,"14":5,"15":2,"16":6,"17":8,"18":9,"19":33,"20":5,"21":20,"22":4,"23":16,"24":3,"25":12,"26":4,"27":15,"28":4,"29":14,"30":139},"b":{"0":[16,10],"1":[23,3],"2":[10,13],"3":[4,6],"4":[2,4],"5":[4,0],"6":[5,8],"7":[8,0],"8":[2,1],"9":[1,1],"10":[1,0],"11":[1,0],"12":[1,2],"13":[1,3],"14":[2,1],"15":[1,1],"16":[1,0],"17":[1,1],"18":[1,5],"19":[1,2],"20":[1,2],"21":[2,2],"22":[1,1],"23":[1,0],"24":[1,1],"25":[3,2],"26":[1,2],"27":[1,1],"28":[1,0],"29":[1,0],"30":[2,0],"31":[1,1],"32":[1,5],"33":[6,2],"34":[1,5],"35":[1,4],"36":[1,3],"37":[1,2],"38":[2,0],"39":[2,0],"40":[2,0],"41":[9,24],"42":[1,19],"43":[4,12],"44":[2,14],"45":[1,3],"46":[4,3],"47":[4,3],"48":[3,9],"49":[1,11],"50":[1,2],"51":[4,11],"52":[15,4],"53":[4,10],"54":[1,0]},"_coverageSchema":"1a1c01bbd47fc00a2c39e90264f33305004495a9","hash":"33b9a1d59984a41672423f57a8bebfd1636d550d"}
,"C:\\xampp\\htdocs\\chinamax\\public\\js\\common.js": {"path":"C:\\xampp\\htdocs\\chinamax\\public\\js\\common.js","statementMap":{"0":{"start":{"line":6,"column":22},"end":{"line":6,"column":41}},"1":{"start":{"line":7,"column":24},"end":{"line":7,"column":45}},"2":{"start":{"line":8,"column":13},"end":{"line":8,"column":76}},"3":{"start":{"line":9,"column":4},"end":{"line":9,"column":14}},"4":{"start":{"line":15,"column":22},"end":{"line":15,"column":41}},"5":{"start":{"line":16,"column":24},"end":{"line":16,"column":45}},"6":{"start":{"line":17,"column":35},"end":{"line":17,"column":98}},"7":{"start":{"line":18,"column":17},"end":{"line":18,"column":56}},"8":{"start":{"line":19,"column":20},"end":{"line":19,"column":113}},"9":{"start":{"line":20,"column":4},"end":{"line":20,"column":21}},"10":{"start":{"line":26,"column":22},"end":{"line":26,"column":41}},"11":{"start":{"line":27,"column":24},"end":{"line":27,"column":45}},"12":{"start":{"line":28,"column":35},"end":{"line":28,"column":98}},"13":{"start":{"line":29,"column":17},"end":{"line":29,"column":56}},"14":{"start":{"line":30,"column":23},"end":{"line":30,"column":65}},"15":{"start":{"line":31,"column":4},"end":{"line":31,"column":24}},"16":{"start":{"line":37,"column":24},"end":{"line":37,"column":70}},"17":{"start":{"line":38,"column":15},"end":{"line":38,"column":38}},"18":{"start":{"line":39,"column":4},"end":{"line":39,"column":19}},"19":{"start":{"line":40,"column":4},"end":{"line":40,"column":37}},"20":{"start":{"line":41,"column":4},"end":{"line":41,"column":52}},"21":{"start":{"line":42,"column":4},"end":{"line":42,"column":81}},"22":{"start":{"line":43,"column":4},"end":{"line":43,"column":34}},"23":{"start":{"line":44,"column":4},"end":{"line":44,"column":26}},"24":{"start":{"line":45,"column":4},"end":{"line":45,"column":42}},"25":{"start":{"line":46,"column":4},"end":{"line":46,"column":25}},"26":{"start":{"line":47,"column":4},"end":{"line":47,"column":50}},"27":{"start":{"line":48,"column":4},"end":{"line":48,"column":65}},"28":{"start":{"line":49,"column":4},"end":{"line":49,"column":58}},"29":{"start":{"line":50,"column":4},"end":{"line":50,"column":26}},"30":{"start":{"line":51,"column":4},"end":{"line":51,"column":60}},"31":{"start":{"line":52,"column":4},"end":{"line":52,"column":25}},"32":{"start":{"line":53,"column":4},"end":{"line":53,"column":21}},"33":{"start":{"line":54,"column":4},"end":{"line":54,"column":19}},"34":{"start":{"line":55,"column":4},"end":{"line":55,"column":40}},"35":{"start":{"line":56,"column":4},"end":{"line":56,"column":136}},"36":{"start":{"line":57,"column":4},"end":{"line":57,"column":116}},"37":{"start":{"line":58,"column":4},"end":{"line":58,"column":21}},"38":{"start":{"line":60,"column":4},"end":{"line":60,"column":16}},"39":{"start":{"line":66,"column":15},"end":{"line":66,"column":92}},"40":{"start":{"line":68,"column":4},"end":{"line":68,"column":16}},"41":{"start":{"line":74,"column":15},"end":{"line":74,"column":166}},"42":{"start":{"line":76,"column":4},"end":{"line":76,"column":16}},"43":{"start":{"line":83,"column":15},"end":{"line":83,"column":17}},"44":{"start":{"line":84,"column":4},"end":{"line":92,"column":7}},"45":{"start":{"line":85,"column":8},"end":{"line":85,"column":44}},"46":{"start":{"line":86,"column":8},"end":{"line":86,"column":42}},"47":{"start":{"line":87,"column":8},"end":{"line":87,"column":42}},"48":{"start":{"line":88,"column":8},"end":{"line":88,"column":74}},"49":{"start":{"line":90,"column":8},"end":{"line":90,"column":93}},"50":{"start":{"line":93,"column":4},"end":{"line":93,"column":16}},"51":{"start":{"line":112,"column":23},"end":{"line":112,"column":48}},"52":{"start":{"line":113,"column":22},"end":{"line":113,"column":51}},"53":{"start":{"line":114,"column":28},"end":{"line":114,"column":30}},"54":{"start":{"line":115,"column":4},"end":{"line":119,"column":5}},"55":{"start":{"line":116,"column":8},"end":{"line":116,"column":143}},"56":{"start":{"line":118,"column":8},"end":{"line":118,"column":62}},"57":{"start":{"line":122,"column":16},"end":{"line":122,"column":34}},"58":{"start":{"line":123,"column":4},"end":{"line":125,"column":5}},"59":{"start":{"line":124,"column":8},"end":{"line":124,"column":52}},"60":{"start":{"line":127,"column":15},"end":{"line":127,"column":17}},"61":{"start":{"line":128,"column":4},"end":{"line":128,"column":71}},"62":{"start":{"line":129,"column":4},"end":{"line":129,"column":50}},"63":{"start":{"line":130,"column":4},"end":{"line":130,"column":52}},"64":{"start":{"line":131,"column":4},"end":{"line":131,"column":52}},"65":{"start":{"line":132,"column":4},"end":{"line":132,"column":89}},"66":{"start":{"line":133,"column":4},"end":{"line":133,"column":36}},"67":{"start":{"line":134,"column":4},"end":{"line":134,"column":52}},"68":{"start":{"line":135,"column":4},"end":{"line":135,"column":129}},"69":{"start":{"line":136,"column":4},"end":{"line":136,"column":97}},"70":{"start":{"line":137,"column":4},"end":{"line":137,"column":83}},"71":{"start":{"line":138,"column":4},"end":{"line":138,"column":52}},"72":{"start":{"line":139,"column":4},"end":{"line":139,"column":198}},"73":{"start":{"line":140,"column":4},"end":{"line":140,"column":157}},"74":{"start":{"line":141,"column":4},"end":{"line":141,"column":40}},"75":{"start":{"line":142,"column":4},"end":{"line":142,"column":35}},"76":{"start":{"line":143,"column":4},"end":{"line":143,"column":52}},"77":{"start":{"line":144,"column":4},"end":{"line":144,"column":52}},"78":{"start":{"line":145,"column":4},"end":{"line":145,"column":222}},"79":{"start":{"line":146,"column":4},"end":{"line":146,"column":194}},"80":{"start":{"line":147,"column":4},"end":{"line":147,"column":219}},"81":{"start":{"line":148,"column":4},"end":{"line":148,"column":40}},"82":{"start":{"line":149,"column":4},"end":{"line":149,"column":36}},"83":{"start":{"line":150,"column":4},"end":{"line":150,"column":32}},"84":{"start":{"line":151,"column":4},"end":{"line":151,"column":28}},"85":{"start":{"line":152,"column":4},"end":{"line":152,"column":25}},"86":{"start":{"line":153,"column":4},"end":{"line":153,"column":16}},"87":{"start":{"line":158,"column":18},"end":{"line":158,"column":20}},"88":{"start":{"line":159,"column":15},"end":{"line":159,"column":17}},"89":{"start":{"line":160,"column":17},"end":{"line":160,"column":19}},"90":{"start":{"line":161,"column":16},"end":{"line":161,"column":18}},"91":{"start":{"line":162,"column":20},"end":{"line":162,"column":22}},"92":{"start":{"line":164,"column":4},"end":{"line":215,"column":7}},"93":{"start":{"line":169,"column":8},"end":{"line":169,"column":45}},"94":{"start":{"line":170,"column":8},"end":{"line":170,"column":45}},"95":{"start":{"line":171,"column":8},"end":{"line":171,"column":37}},"96":{"start":{"line":173,"column":8},"end":{"line":175,"column":9}},"97":{"start":{"line":174,"column":12},"end":{"line":174,"column":29}},"98":{"start":{"line":176,"column":8},"end":{"line":182,"column":9}},"99":{"start":{"line":177,"column":12},"end":{"line":181,"column":13}},"100":{"start":{"line":178,"column":16},"end":{"line":178,"column":67}},"101":{"start":{"line":180,"column":16},"end":{"line":180,"column":49}},"102":{"start":{"line":183,"column":8},"end":{"line":190,"column":9}},"103":{"start":{"line":184,"column":12},"end":{"line":188,"column":13}},"104":{"start":{"line":185,"column":16},"end":{"line":185,"column":71}},"105":{"start":{"line":187,"column":16},"end":{"line":187,"column":53}},"106":{"start":{"line":191,"column":8},"end":{"line":204,"column":9}},"107":{"start":{"line":192,"column":37},"end":{"line":192,"column":39}},"108":{"start":{"line":194,"column":12},"end":{"line":198,"column":13}},"109":{"start":{"line":196,"column":34},"end":{"line":196,"column":62}},"110":{"start":{"line":197,"column":16},"end":{"line":197,"column":65}},"111":{"start":{"line":199,"column":12},"end":{"line":203,"column":13}},"112":{"start":{"line":200,"column":16},"end":{"line":200,"column":95}},"113":{"start":{"line":202,"column":16},"end":{"line":202,"column":66}},"114":{"start":{"line":205,"column":8},"end":{"line":214,"column":9}},"115":{"start":{"line":206,"column":37},"end":{"line":206,"column":39}},"116":{"start":{"line":208,"column":12},"end":{"line":213,"column":13}},"117":{"start":{"line":210,"column":35},"end":{"line":210,"column":63}},"118":{"start":{"line":211,"column":42},"end":{"line":211,"column":75}},"119":{"start":{"line":212,"column":17},"end":{"line":212,"column":60}},"120":{"start":{"line":217,"column":4},"end":{"line":219,"column":5}},"121":{"start":{"line":218,"column":8},"end":{"line":218,"column":35}},"122":{"start":{"line":220,"column":4},"end":{"line":222,"column":5}},"123":{"start":{"line":221,"column":8},"end":{"line":221,"column":39}},"124":{"start":{"line":223,"column":4},"end":{"line":225,"column":5}},"125":{"start":{"line":224,"column":8},"end":{"line":224,"column":37}},"126":{"start":{"line":226,"column":4},"end":{"line":228,"column":5}},"127":{"start":{"line":227,"column":8},"end":{"line":227,"column":29}},"128":{"start":{"line":230,"column":4},"end":{"line":230,"column":19}},"129":{"start":{"line":235,"column":22},"end":{"line":235,"column":23}},"130":{"start":{"line":238,"column":4},"end":{"line":251,"column":7}},"131":{"start":{"line":242,"column":8},"end":{"line":242,"column":45}},"132":{"start":{"line":243,"column":8},"end":{"line":243,"column":45}},"133":{"start":{"line":244,"column":8},"end":{"line":244,"column":37}},"134":{"start":{"line":246,"column":8},"end":{"line":250,"column":9}},"135":{"start":{"line":247,"column":12},"end":{"line":249,"column":13}},"136":{"start":{"line":248,"column":16},"end":{"line":248,"column":45}},"137":{"start":{"line":252,"column":4},"end":{"line":252,"column":23}},"138":{"start":{"line":261,"column":16},"end":{"line":261,"column":18}},"139":{"start":{"line":271,"column":4},"end":{"line":276,"column":5}},"140":{"start":{"line":272,"column":8},"end":{"line":275,"column":11}},"141":{"start":{"line":273,"column":12},"end":{"line":273,"column":41}},"142":{"start":{"line":274,"column":12},"end":{"line":274,"column":36}},"143":{"start":{"line":277,"column":4},"end":{"line":277,"column":17}},"144":{"start":{"line":303,"column":24},"end":{"line":303,"column":44}},"145":{"start":{"line":304,"column":4},"end":{"line":309,"column":5}},"146":{"start":{"line":305,"column":8},"end":{"line":305,"column":55}},"147":{"start":{"line":306,"column":8},"end":{"line":306,"column":53}},"148":{"start":{"line":308,"column":8},"end":{"line":308,"column":15}},"149":{"start":{"line":312,"column":28},"end":{"line":312,"column":61}},"150":{"start":{"line":315,"column":30},"end":{"line":315,"column":65}},"151":{"start":{"line":317,"column":4},"end":{"line":340,"column":5}},"152":{"start":{"line":318,"column":8},"end":{"line":326,"column":9}},"153":{"start":{"line":319,"column":12},"end":{"line":319,"column":60}},"154":{"start":{"line":320,"column":12},"end":{"line":320,"column":56}},"155":{"start":{"line":321,"column":12},"end":{"line":321,"column":53}},"156":{"start":{"line":323,"column":12},"end":{"line":323,"column":59}},"157":{"start":{"line":324,"column":12},"end":{"line":324,"column":57}},"158":{"start":{"line":325,"column":12},"end":{"line":325,"column":52}},"159":{"start":{"line":329,"column":33},"end":{"line":329,"column":67}},"160":{"start":{"line":331,"column":8},"end":{"line":339,"column":9}},"161":{"start":{"line":332,"column":12},"end":{"line":332,"column":60}},"162":{"start":{"line":333,"column":12},"end":{"line":333,"column":56}},"163":{"start":{"line":334,"column":12},"end":{"line":334,"column":53}},"164":{"start":{"line":336,"column":12},"end":{"line":336,"column":59}},"165":{"start":{"line":337,"column":12},"end":{"line":337,"column":57}},"166":{"start":{"line":338,"column":12},"end":{"line":338,"column":52}},"167":{"start":{"line":344,"column":28},"end":{"line":344,"column":29}},"168":{"start":{"line":345,"column":23},"end":{"line":345,"column":53}},"169":{"start":{"line":346,"column":4},"end":{"line":356,"column":7}},"170":{"start":{"line":347,"column":21},"end":{"line":347,"column":65}},"171":{"start":{"line":348,"column":28},"end":{"line":348,"column":69}},"172":{"start":{"line":349,"column":8},"end":{"line":355,"column":9}},"173":{"start":{"line":350,"column":12},"end":{"line":350,"column":37}},"174":{"start":{"line":351,"column":15},"end":{"line":355,"column":9}},"175":{"start":{"line":352,"column":12},"end":{"line":352,"column":35}},"176":{"start":{"line":353,"column":15},"end":{"line":355,"column":9}},"177":{"start":{"line":354,"column":12},"end":{"line":354,"column":47}},"178":{"start":{"line":357,"column":4},"end":{"line":357,"column":29}},"179":{"start":{"line":361,"column":30},"end":{"line":361,"column":31}},"180":{"start":{"line":362,"column":25},"end":{"line":362,"column":57}},"181":{"start":{"line":363,"column":4},"end":{"line":371,"column":7}},"182":{"start":{"line":364,"column":23},"end":{"line":364,"column":71}},"183":{"start":{"line":365,"column":28},"end":{"line":365,"column":73}},"184":{"start":{"line":366,"column":8},"end":{"line":370,"column":9}},"185":{"start":{"line":367,"column":12},"end":{"line":367,"column":37}},"186":{"start":{"line":368,"column":15},"end":{"line":370,"column":9}},"187":{"start":{"line":369,"column":12},"end":{"line":369,"column":49}},"188":{"start":{"line":372,"column":4},"end":{"line":372,"column":31}},"189":{"start":{"line":376,"column":29},"end":{"line":376,"column":30}},"190":{"start":{"line":377,"column":24},"end":{"line":377,"column":55}},"191":{"start":{"line":378,"column":4},"end":{"line":383,"column":7}},"192":{"start":{"line":379,"column":22},"end":{"line":379,"column":68}},"193":{"start":{"line":380,"column":8},"end":{"line":382,"column":9}},"194":{"start":{"line":381,"column":12},"end":{"line":381,"column":36}},"195":{"start":{"line":384,"column":34},"end":{"line":384,"column":75}},"196":{"start":{"line":385,"column":4},"end":{"line":390,"column":7}},"197":{"start":{"line":386,"column":22},"end":{"line":386,"column":88}},"198":{"start":{"line":387,"column":8},"end":{"line":389,"column":9}},"199":{"start":{"line":388,"column":12},"end":{"line":388,"column":36}},"200":{"start":{"line":391,"column":4},"end":{"line":391,"column":30}},"201":{"start":{"line":395,"column":4},"end":{"line":411,"column":5}},"202":{"start":{"line":396,"column":8},"end":{"line":400,"column":9}},"203":{"start":{"line":397,"column":12},"end":{"line":397,"column":74}},"204":{"start":{"line":399,"column":12},"end":{"line":399,"column":73}},"205":{"start":{"line":402,"column":8},"end":{"line":410,"column":9}},"206":{"start":{"line":403,"column":12},"end":{"line":407,"column":13}},"207":{"start":{"line":404,"column":16},"end":{"line":404,"column":78}},"208":{"start":{"line":406,"column":16},"end":{"line":406,"column":77}},"209":{"start":{"line":409,"column":12},"end":{"line":409,"column":73}},"210":{"start":{"line":415,"column":15},"end":{"line":415,"column":17}},"211":{"start":{"line":416,"column":4},"end":{"line":416,"column":39}},"212":{"start":{"line":417,"column":4},"end":{"line":417,"column":54}},"213":{"start":{"line":418,"column":4},"end":{"line":418,"column":47}},"214":{"start":{"line":419,"column":4},"end":{"line":419,"column":93}},"215":{"start":{"line":420,"column":4},"end":{"line":420,"column":31}},"216":{"start":{"line":421,"column":4},"end":{"line":421,"column":86}},"217":{"start":{"line":422,"column":4},"end":{"line":422,"column":31}},"218":{"start":{"line":423,"column":4},"end":{"line":423,"column":100}},"219":{"start":{"line":424,"column":4},"end":{"line":424,"column":31}},"220":{"start":{"line":425,"column":4},"end":{"line":425,"column":60}},"221":{"start":{"line":426,"column":4},"end":{"line":426,"column":205}},"222":{"start":{"line":427,"column":4},"end":{"line":427,"column":193}},"223":{"start":{"line":428,"column":4},"end":{"line":428,"column":202}},"224":{"start":{"line":429,"column":4},"end":{"line":429,"column":33}},"225":{"start":{"line":430,"column":4},"end":{"line":430,"column":29}},"226":{"start":{"line":431,"column":4},"end":{"line":431,"column":25}},"227":{"start":{"line":432,"column":4},"end":{"line":432,"column":21}},"228":{"start":{"line":433,"column":4},"end":{"line":433,"column":41}},"229":{"start":{"line":434,"column":4},"end":{"line":434,"column":151}},"230":{"start":{"line":435,"column":4},"end":{"line":435,"column":115}},"231":{"start":{"line":436,"column":4},"end":{"line":436,"column":21}},"232":{"start":{"line":437,"column":4},"end":{"line":437,"column":16}},"233":{"start":{"line":441,"column":15},"end":{"line":441,"column":17}},"234":{"start":{"line":442,"column":4},"end":{"line":442,"column":39}},"235":{"start":{"line":443,"column":4},"end":{"line":443,"column":54}},"236":{"start":{"line":444,"column":4},"end":{"line":444,"column":47}},"237":{"start":{"line":445,"column":4},"end":{"line":445,"column":87}},"238":{"start":{"line":446,"column":4},"end":{"line":446,"column":91}},"239":{"start":{"line":447,"column":4},"end":{"line":447,"column":31}},"240":{"start":{"line":448,"column":4},"end":{"line":448,"column":86}},"241":{"start":{"line":449,"column":4},"end":{"line":449,"column":31}},"242":{"start":{"line":450,"column":4},"end":{"line":450,"column":100}},"243":{"start":{"line":451,"column":4},"end":{"line":451,"column":31}},"244":{"start":{"line":452,"column":4},"end":{"line":452,"column":60}},"245":{"start":{"line":453,"column":4},"end":{"line":453,"column":205}},"246":{"start":{"line":454,"column":4},"end":{"line":454,"column":193}},"247":{"start":{"line":455,"column":4},"end":{"line":455,"column":202}},"248":{"start":{"line":456,"column":4},"end":{"line":456,"column":33}},"249":{"start":{"line":457,"column":4},"end":{"line":457,"column":29}},"250":{"start":{"line":458,"column":4},"end":{"line":458,"column":25}},"251":{"start":{"line":459,"column":4},"end":{"line":459,"column":21}},"252":{"start":{"line":460,"column":4},"end":{"line":460,"column":41}},"253":{"start":{"line":461,"column":4},"end":{"line":461,"column":151}},"254":{"start":{"line":462,"column":4},"end":{"line":462,"column":115}},"255":{"start":{"line":463,"column":4},"end":{"line":463,"column":21}},"256":{"start":{"line":464,"column":4},"end":{"line":464,"column":16}},"257":{"start":{"line":468,"column":15},"end":{"line":468,"column":16}},"258":{"start":{"line":469,"column":4},"end":{"line":471,"column":7}},"259":{"start":{"line":470,"column":8},"end":{"line":470,"column":15}},"260":{"start":{"line":473,"column":15},"end":{"line":473,"column":17}},"261":{"start":{"line":474,"column":4},"end":{"line":474,"column":39}},"262":{"start":{"line":475,"column":4},"end":{"line":475,"column":54}},"263":{"start":{"line":476,"column":4},"end":{"line":476,"column":47}},"264":{"start":{"line":477,"column":4},"end":{"line":477,"column":87}},"265":{"start":{"line":478,"column":4},"end":{"line":478,"column":91}},"266":{"start":{"line":479,"column":4},"end":{"line":479,"column":31}},"267":{"start":{"line":481,"column":24},"end":{"line":485,"column":25}},"268":{"start":{"line":482,"column":4},"end":{"line":482,"column":176}},"269":{"start":{"line":484,"column":4},"end":{"line":484,"column":137}},"270":{"start":{"line":487,"column":4},"end":{"line":487,"column":74}},"271":{"start":{"line":488,"column":4},"end":{"line":488,"column":156}},"272":{"start":{"line":490,"column":36},"end":{"line":492,"column":35}},"273":{"start":{"line":491,"column":4},"end":{"line":491,"column":173}},"274":{"start":{"line":493,"column":4},"end":{"line":493,"column":40}},"275":{"start":{"line":494,"column":4},"end":{"line":494,"column":33}},"276":{"start":{"line":496,"column":24},"end":{"line":504,"column":25}},"277":{"start":{"line":497,"column":4},"end":{"line":497,"column":78}},"278":{"start":{"line":498,"column":4},"end":{"line":498,"column":144}},"279":{"start":{"line":499,"column":36},"end":{"line":501,"column":39}},"280":{"start":{"line":500,"column":4},"end":{"line":500,"column":225}},"281":{"start":{"line":502,"column":4},"end":{"line":502,"column":44}},"282":{"start":{"line":503,"column":4},"end":{"line":503,"column":37}},"283":{"start":{"line":506,"column":4},"end":{"line":506,"column":60}},"284":{"start":{"line":507,"column":4},"end":{"line":507,"column":205}},"285":{"start":{"line":508,"column":4},"end":{"line":508,"column":193}},"286":{"start":{"line":509,"column":4},"end":{"line":509,"column":202}},"287":{"start":{"line":510,"column":4},"end":{"line":510,"column":33}},"288":{"start":{"line":511,"column":4},"end":{"line":511,"column":29}},"289":{"start":{"line":512,"column":4},"end":{"line":512,"column":25}},"290":{"start":{"line":513,"column":4},"end":{"line":513,"column":21}},"291":{"start":{"line":514,"column":4},"end":{"line":514,"column":41}},"292":{"start":{"line":515,"column":4},"end":{"line":515,"column":151}},"293":{"start":{"line":516,"column":4},"end":{"line":516,"column":115}},"294":{"start":{"line":517,"column":4},"end":{"line":517,"column":21}},"295":{"start":{"line":518,"column":4},"end":{"line":518,"column":16}},"296":{"start":{"line":522,"column":4},"end":{"line":522,"column":14}},"297":{"start":{"line":523,"column":4},"end":{"line":523,"column":39}},"298":{"start":{"line":524,"column":4},"end":{"line":524,"column":54}},"299":{"start":{"line":525,"column":4},"end":{"line":525,"column":47}},"300":{"start":{"line":526,"column":24},"end":{"line":530,"column":25}},"301":{"start":{"line":527,"column":4},"end":{"line":527,"column":97}},"302":{"start":{"line":529,"column":4},"end":{"line":529,"column":99}},"303":{"start":{"line":531,"column":4},"end":{"line":531,"column":98}},"304":{"start":{"line":532,"column":4},"end":{"line":532,"column":31}},"305":{"start":{"line":533,"column":4},"end":{"line":533,"column":161}},"306":{"start":{"line":534,"column":4},"end":{"line":534,"column":28}},"307":{"start":{"line":535,"column":4},"end":{"line":535,"column":155}},"308":{"start":{"line":536,"column":24},"end":{"line":538,"column":27}},"309":{"start":{"line":537,"column":4},"end":{"line":537,"column":234}},"310":{"start":{"line":539,"column":4},"end":{"line":539,"column":32}},"311":{"start":{"line":540,"column":4},"end":{"line":540,"column":25}},"312":{"start":{"line":541,"column":4},"end":{"line":541,"column":52}},"313":{"start":{"line":542,"column":4},"end":{"line":542,"column":197}},"314":{"start":{"line":543,"column":4},"end":{"line":543,"column":185}},"315":{"start":{"line":544,"column":4},"end":{"line":544,"column":194}},"316":{"start":{"line":545,"column":4},"end":{"line":545,"column":25}},"317":{"start":{"line":546,"column":4},"end":{"line":546,"column":21}},"318":{"start":{"line":547,"column":4},"end":{"line":547,"column":41}},"319":{"start":{"line":548,"column":4},"end":{"line":548,"column":151}},"320":{"start":{"line":549,"column":4},"end":{"line":549,"column":115}},"321":{"start":{"line":550,"column":4},"end":{"line":550,"column":21}},"322":{"start":{"line":552,"column":4},"end":{"line":552,"column":16}},"323":{"start":{"line":556,"column":4},"end":{"line":556,"column":62}},"324":{"start":{"line":557,"column":4},"end":{"line":557,"column":68}},"325":{"start":{"line":558,"column":4},"end":{"line":562,"column":5}},"326":{"start":{"line":559,"column":8},"end":{"line":559,"column":49}},"327":{"start":{"line":561,"column":8},"end":{"line":561,"column":35}},"328":{"start":{"line":563,"column":4},"end":{"line":565,"column":5}},"329":{"start":{"line":564,"column":8},"end":{"line":564,"column":37}},"330":{"start":{"line":567,"column":4},"end":{"line":567,"column":14}},"331":{"start":{"line":568,"column":4},"end":{"line":568,"column":39}},"332":{"start":{"line":570,"column":4},"end":{"line":570,"column":36}},"333":{"start":{"line":571,"column":4},"end":{"line":571,"column":47}},"334":{"start":{"line":573,"column":4},"end":{"line":573,"column":63}},"335":{"start":{"line":574,"column":4},"end":{"line":574,"column":100}},"336":{"start":{"line":575,"column":4},"end":{"line":575,"column":31}},"337":{"start":{"line":576,"column":4},"end":{"line":576,"column":29}},"338":{"start":{"line":577,"column":20},"end":{"line":593,"column":23}},"339":{"start":{"line":578,"column":4},"end":{"line":578,"column":61}},"340":{"start":{"line":579,"column":4},"end":{"line":579,"column":97}},"341":{"start":{"line":580,"column":4},"end":{"line":580,"column":98}},"342":{"start":{"line":581,"column":4},"end":{"line":581,"column":39}},"343":{"start":{"line":582,"column":4},"end":{"line":582,"column":137}},"344":{"start":{"line":583,"column":4},"end":{"line":583,"column":37}},"345":{"start":{"line":584,"column":4},"end":{"line":584,"column":56}},"346":{"start":{"line":585,"column":4},"end":{"line":585,"column":101}},"347":{"start":{"line":586,"column":4},"end":{"line":586,"column":152}},"348":{"start":{"line":587,"column":4},"end":{"line":587,"column":200}},"349":{"start":{"line":588,"column":4},"end":{"line":588,"column":173}},"350":{"start":{"line":589,"column":4},"end":{"line":589,"column":197}},"351":{"start":{"line":590,"column":4},"end":{"line":590,"column":41}},"352":{"start":{"line":591,"column":4},"end":{"line":591,"column":37}},"353":{"start":{"line":592,"column":4},"end":{"line":592,"column":33}},"354":{"start":{"line":595,"column":4},"end":{"line":595,"column":47}},"355":{"start":{"line":596,"column":4},"end":{"line":596,"column":31}},"356":{"start":{"line":597,"column":4},"end":{"line":597,"column":31}},"357":{"start":{"line":598,"column":4},"end":{"line":598,"column":65}},"358":{"start":{"line":599,"column":4},"end":{"line":599,"column":104}},"359":{"start":{"line":600,"column":4},"end":{"line":600,"column":43}},"360":{"start":{"line":601,"column":4},"end":{"line":601,"column":29}},"361":{"start":{"line":602,"column":20},"end":{"line":619,"column":23}},"362":{"start":{"line":603,"column":4},"end":{"line":603,"column":61}},"363":{"start":{"line":604,"column":4},"end":{"line":604,"column":110}},"364":{"start":{"line":605,"column":4},"end":{"line":605,"column":107}},"365":{"start":{"line":606,"column":4},"end":{"line":606,"column":39}},"366":{"start":{"line":607,"column":4},"end":{"line":607,"column":159}},"367":{"start":{"line":608,"column":4},"end":{"line":608,"column":37}},"368":{"start":{"line":609,"column":4},"end":{"line":609,"column":56}},"369":{"start":{"line":610,"column":4},"end":{"line":610,"column":114}},"370":{"start":{"line":611,"column":4},"end":{"line":611,"column":165}},"371":{"start":{"line":612,"column":4},"end":{"line":612,"column":213}},"372":{"start":{"line":613,"column":4},"end":{"line":613,"column":186}},"373":{"start":{"line":614,"column":4},"end":{"line":614,"column":210}},"374":{"start":{"line":615,"column":4},"end":{"line":615,"column":41}},"375":{"start":{"line":616,"column":4},"end":{"line":616,"column":37}},"376":{"start":{"line":617,"column":4},"end":{"line":617,"column":35}},"377":{"start":{"line":618,"column":4},"end":{"line":618,"column":33}},"378":{"start":{"line":621,"column":4},"end":{"line":621,"column":47}},"379":{"start":{"line":622,"column":4},"end":{"line":622,"column":31}},"380":{"start":{"line":623,"column":4},"end":{"line":623,"column":40}},"381":{"start":{"line":624,"column":4},"end":{"line":624,"column":29}},"382":{"start":{"line":625,"column":20},"end":{"line":642,"column":23}},"383":{"start":{"line":626,"column":4},"end":{"line":626,"column":61}},"384":{"start":{"line":627,"column":4},"end":{"line":627,"column":107}},"385":{"start":{"line":628,"column":4},"end":{"line":628,"column":104}},"386":{"start":{"line":629,"column":4},"end":{"line":629,"column":39}},"387":{"start":{"line":630,"column":4},"end":{"line":630,"column":153}},"388":{"start":{"line":631,"column":4},"end":{"line":631,"column":37}},"389":{"start":{"line":632,"column":4},"end":{"line":632,"column":56}},"390":{"start":{"line":633,"column":4},"end":{"line":633,"column":111}},"391":{"start":{"line":634,"column":4},"end":{"line":634,"column":162}},"392":{"start":{"line":635,"column":4},"end":{"line":635,"column":209}},"393":{"start":{"line":636,"column":4},"end":{"line":636,"column":182}},"394":{"start":{"line":637,"column":4},"end":{"line":637,"column":206}},"395":{"start":{"line":638,"column":4},"end":{"line":638,"column":41}},"396":{"start":{"line":639,"column":4},"end":{"line":639,"column":37}},"397":{"start":{"line":640,"column":4},"end":{"line":640,"column":35}},"398":{"start":{"line":641,"column":4},"end":{"line":641,"column":33}},"399":{"start":{"line":644,"column":4},"end":{"line":644,"column":47}},"400":{"start":{"line":645,"column":4},"end":{"line":645,"column":27}},"401":{"start":{"line":646,"column":4},"end":{"line":646,"column":38}},"402":{"start":{"line":647,"column":4},"end":{"line":647,"column":29}},"403":{"start":{"line":648,"column":20},"end":{"line":665,"column":23}},"404":{"start":{"line":649,"column":4},"end":{"line":649,"column":61}},"405":{"start":{"line":650,"column":4},"end":{"line":650,"column":109}},"406":{"start":{"line":651,"column":4},"end":{"line":651,"column":106}},"407":{"start":{"line":652,"column":4},"end":{"line":652,"column":39}},"408":{"start":{"line":653,"column":4},"end":{"line":653,"column":157}},"409":{"start":{"line":654,"column":4},"end":{"line":654,"column":37}},"410":{"start":{"line":655,"column":4},"end":{"line":655,"column":56}},"411":{"start":{"line":656,"column":4},"end":{"line":656,"column":113}},"412":{"start":{"line":657,"column":4},"end":{"line":657,"column":164}},"413":{"start":{"line":658,"column":4},"end":{"line":658,"column":212}},"414":{"start":{"line":659,"column":4},"end":{"line":659,"column":185}},"415":{"start":{"line":660,"column":4},"end":{"line":660,"column":209}},"416":{"start":{"line":661,"column":4},"end":{"line":661,"column":41}},"417":{"start":{"line":662,"column":4},"end":{"line":662,"column":37}},"418":{"start":{"line":663,"column":4},"end":{"line":663,"column":35}},"419":{"start":{"line":664,"column":4},"end":{"line":664,"column":33}},"420":{"start":{"line":667,"column":16},"end":{"line":716,"column":17}},"421":{"start":{"line":668,"column":20},"end":{"line":668,"column":113}},"422":{"start":{"line":669,"column":4},"end":{"line":669,"column":47}},"423":{"start":{"line":670,"column":4},"end":{"line":670,"column":31}},"424":{"start":{"line":671,"column":4},"end":{"line":671,"column":64}},"425":{"start":{"line":672,"column":4},"end":{"line":672,"column":102}},"426":{"start":{"line":673,"column":4},"end":{"line":673,"column":31}},"427":{"start":{"line":674,"column":4},"end":{"line":674,"column":29}},"428":{"start":{"line":675,"column":20},"end":{"line":715,"column":23}},"429":{"start":{"line":676,"column":24},"end":{"line":714,"column":25}},"430":{"start":{"line":677,"column":4},"end":{"line":677,"column":65}},"431":{"start":{"line":678,"column":4},"end":{"line":678,"column":129}},"432":{"start":{"line":679,"column":4},"end":{"line":679,"column":108}},"433":{"start":{"line":680,"column":4},"end":{"line":680,"column":86}},"434":{"start":{"line":681,"column":4},"end":{"line":681,"column":158}},"435":{"start":{"line":682,"column":4},"end":{"line":682,"column":186}},"436":{"start":{"line":683,"column":4},"end":{"line":683,"column":110}},"437":{"start":{"line":690,"column":44},"end":{"line":690,"column":66}},"438":{"start":{"line":691,"column":44},"end":{"line":693,"column":47}},"439":{"start":{"line":692,"column":4},"end":{"line":692,"column":121}},"440":{"start":{"line":694,"column":4},"end":{"line":694,"column":52}},"441":{"start":{"line":695,"column":4},"end":{"line":695,"column":45}},"442":{"start":{"line":696,"column":4},"end":{"line":696,"column":41}},"443":{"start":{"line":697,"column":4},"end":{"line":697,"column":60}},"444":{"start":{"line":698,"column":4},"end":{"line":698,"column":113}},"445":{"start":{"line":699,"column":4},"end":{"line":699,"column":41}},"446":{"start":{"line":700,"column":4},"end":{"line":700,"column":37}},"447":{"start":{"line":702,"column":4},"end":{"line":702,"column":65}},"448":{"start":{"line":703,"column":4},"end":{"line":703,"column":109}},"449":{"start":{"line":704,"column":4},"end":{"line":704,"column":108}},"450":{"start":{"line":705,"column":4},"end":{"line":705,"column":43}},"451":{"start":{"line":707,"column":36},"end":{"line":707,"column":100}},"452":{"start":{"line":708,"column":4},"end":{"line":708,"column":176}},"453":{"start":{"line":709,"column":4},"end":{"line":709,"column":41}},"454":{"start":{"line":710,"column":4},"end":{"line":710,"column":60}},"455":{"start":{"line":711,"column":4},"end":{"line":711,"column":113}},"456":{"start":{"line":712,"column":4},"end":{"line":712,"column":41}},"457":{"start":{"line":713,"column":4},"end":{"line":713,"column":37}},"458":{"start":{"line":718,"column":4},"end":{"line":718,"column":53}},"459":{"start":{"line":719,"column":4},"end":{"line":719,"column":60}},"460":{"start":{"line":720,"column":4},"end":{"line":720,"column":205}},"461":{"start":{"line":721,"column":4},"end":{"line":721,"column":218}},"462":{"start":{"line":722,"column":4},"end":{"line":722,"column":202}},"463":{"start":{"line":723,"column":4},"end":{"line":723,"column":33}},"464":{"start":{"line":724,"column":4},"end":{"line":724,"column":29}},"465":{"start":{"line":726,"column":4},"end":{"line":726,"column":25}},"466":{"start":{"line":727,"column":4},"end":{"line":727,"column":21}},"467":{"start":{"line":728,"column":4},"end":{"line":728,"column":19}},"468":{"start":{"line":729,"column":4},"end":{"line":729,"column":41}},"469":{"start":{"line":730,"column":4},"end":{"line":730,"column":151}},"470":{"start":{"line":731,"column":4},"end":{"line":731,"column":115}},"471":{"start":{"line":732,"column":4},"end":{"line":732,"column":21}},"472":{"start":{"line":733,"column":4},"end":{"line":733,"column":16}},"473":{"start":{"line":737,"column":15},"end":{"line":737,"column":17}},"474":{"start":{"line":738,"column":4},"end":{"line":738,"column":39}},"475":{"start":{"line":739,"column":4},"end":{"line":739,"column":54}},"476":{"start":{"line":740,"column":4},"end":{"line":740,"column":48}},"477":{"start":{"line":741,"column":4},"end":{"line":741,"column":25}},"478":{"start":{"line":742,"column":4},"end":{"line":742,"column":21}},"479":{"start":{"line":743,"column":4},"end":{"line":743,"column":41}},"480":{"start":{"line":744,"column":4},"end":{"line":744,"column":108}},"481":{"start":{"line":745,"column":4},"end":{"line":745,"column":21}},"482":{"start":{"line":746,"column":4},"end":{"line":746,"column":16}},"483":{"start":{"line":749,"column":0},"end":{"line":775,"column":2}},"484":{"start":{"line":749,"column":35},"end":{"line":775,"column":2}}},"fnMap":{"0":{"name":"retrieveId","decl":{"start":{"line":3,"column":9},"end":{"line":3,"column":19}},"loc":{"start":{"line":4,"column":0},"end":{"line":10,"column":1}},"line":4},"1":{"name":"retrieveProductIdForCartButtons","decl":{"start":{"line":12,"column":9},"end":{"line":12,"column":40}},"loc":{"start":{"line":13,"column":0},"end":{"line":21,"column":1}},"line":13},"2":{"name":"retrieveSerialNumberForCartButtons","decl":{"start":{"line":23,"column":9},"end":{"line":23,"column":43}},"loc":{"start":{"line":24,"column":0},"end":{"line":32,"column":1}},"line":24},"3":{"name":"loadPriceDetailElements","decl":{"start":{"line":34,"column":9},"end":{"line":34,"column":32}},"loc":{"start":{"line":35,"column":0},"end":{"line":61,"column":1}},"line":35},"4":{"name":"loadCartCountElements","decl":{"start":{"line":63,"column":9},"end":{"line":63,"column":30}},"loc":{"start":{"line":64,"column":0},"end":{"line":69,"column":1}},"line":64},"5":{"name":"loadCheckoutMenuElement","decl":{"start":{"line":71,"column":9},"end":{"line":71,"column":32}},"loc":{"start":{"line":72,"column":0},"end":{"line":77,"column":1}},"line":72},"6":{"name":"loadOrderListElements","decl":{"start":{"line":79,"column":9},"end":{"line":79,"column":30}},"loc":{"start":{"line":80,"column":0},"end":{"line":108,"column":1}},"line":80},"7":{"name":"(anonymous_7)","decl":{"start":{"line":84,"column":31},"end":{"line":84,"column":32}},"loc":{"start":{"line":84,"column":52},"end":{"line":92,"column":5}},"line":84},"8":{"name":"orderListElement","decl":{"start":{"line":110,"column":9},"end":{"line":110,"column":25}},"loc":{"start":{"line":111,"column":0},"end":{"line":154,"column":1}},"line":111},"9":{"name":"retrieveSummary","decl":{"start":{"line":156,"column":9},"end":{"line":156,"column":24}},"loc":{"start":{"line":157,"column":0},"end":{"line":231,"column":1}},"line":157},"10":{"name":"(anonymous_10)","decl":{"start":{"line":164,"column":34},"end":{"line":164,"column":35}},"loc":{"start":{"line":164,"column":54},"end":{"line":215,"column":5}},"line":164},"11":{"name":"retrieveExtraCharge","decl":{"start":{"line":233,"column":9},"end":{"line":233,"column":28}},"loc":{"start":{"line":234,"column":0},"end":{"line":253,"column":1}},"line":234},"12":{"name":"(anonymous_12)","decl":{"start":{"line":238,"column":34},"end":{"line":238,"column":35}},"loc":{"start":{"line":238,"column":55},"end":{"line":251,"column":5}},"line":238},"13":{"name":"retrieveImageFromSubItems","decl":{"start":{"line":255,"column":9},"end":{"line":255,"column":34}},"loc":{"start":{"line":255,"column":45},"end":{"line":278,"column":1}},"line":255},"14":{"name":"(anonymous_14)","decl":{"start":{"line":272,"column":38},"end":{"line":272,"column":39}},"loc":{"start":{"line":272,"column":59},"end":{"line":275,"column":9}},"line":272},"15":{"name":"enableAddToCartButtonForCombos","decl":{"start":{"line":289,"column":9},"end":{"line":289,"column":39}},"loc":{"start":{"line":289,"column":97},"end":{"line":341,"column":1}},"line":289},"16":{"name":"retrieveTotalSideQuantity","decl":{"start":{"line":343,"column":9},"end":{"line":343,"column":34}},"loc":{"start":{"line":343,"column":38},"end":{"line":358,"column":1}},"line":343},"17":{"name":"(anonymous_17)","decl":{"start":{"line":346,"column":25},"end":{"line":346,"column":26}},"loc":{"start":{"line":346,"column":47},"end":{"line":356,"column":5}},"line":346},"18":{"name":"retrieveTotalEntreeQuantity","decl":{"start":{"line":360,"column":9},"end":{"line":360,"column":36}},"loc":{"start":{"line":360,"column":40},"end":{"line":373,"column":1}},"line":360},"19":{"name":"(anonymous_19)","decl":{"start":{"line":363,"column":27},"end":{"line":363,"column":28}},"loc":{"start":{"line":363,"column":51},"end":{"line":371,"column":5}},"line":363},"20":{"name":"retrieveTotalDrinkQuantity","decl":{"start":{"line":375,"column":9},"end":{"line":375,"column":35}},"loc":{"start":{"line":375,"column":39},"end":{"line":392,"column":1}},"line":375},"21":{"name":"(anonymous_21)","decl":{"start":{"line":378,"column":26},"end":{"line":378,"column":27}},"loc":{"start":{"line":378,"column":49},"end":{"line":383,"column":5}},"line":378},"22":{"name":"(anonymous_22)","decl":{"start":{"line":385,"column":36},"end":{"line":385,"column":37}},"loc":{"start":{"line":385,"column":69},"end":{"line":390,"column":5}},"line":385},"23":{"name":"enableAddToCartButtonForDrinkOnly","decl":{"start":{"line":394,"column":9},"end":{"line":394,"column":42}},"loc":{"start":{"line":394,"column":55},"end":{"line":412,"column":1}},"line":394},"24":{"name":"loadEditModalForAppetizers","decl":{"start":{"line":414,"column":9},"end":{"line":414,"column":35}},"loc":{"start":{"line":414,"column":69},"end":{"line":438,"column":1}},"line":414},"25":{"name":"loadEditModalForDrinksWithoutSelectBox","decl":{"start":{"line":440,"column":9},"end":{"line":440,"column":47}},"loc":{"start":{"line":440,"column":88},"end":{"line":465,"column":1}},"line":440},"26":{"name":"loadEditModalForDrinksWithSelectDrinksOrSelectSizes","decl":{"start":{"line":467,"column":9},"end":{"line":467,"column":60}},"loc":{"start":{"line":467,"column":142},"end":{"line":519,"column":1}},"line":467},"27":{"name":"(anonymous_27)","decl":{"start":{"line":469,"column":25},"end":{"line":469,"column":26}},"loc":{"start":{"line":469,"column":47},"end":{"line":471,"column":5}},"line":469},"28":{"name":"(anonymous_28)","decl":{"start":{"line":490,"column":57},"end":{"line":490,"column":58}},"loc":{"start":{"line":490,"column":76},"end":{"line":492,"column":33}},"line":490},"29":{"name":"(anonymous_29)","decl":{"start":{"line":499,"column":57},"end":{"line":499,"column":58}},"loc":{"start":{"line":499,"column":79},"end":{"line":501,"column":37}},"line":499},"30":{"name":"loadEditModalForSingleSideEntree","decl":{"start":{"line":521,"column":9},"end":{"line":521,"column":41}},"loc":{"start":{"line":521,"column":112},"end":{"line":553,"column":1}},"line":521},"31":{"name":"(anonymous_31)","decl":{"start":{"line":536,"column":54},"end":{"line":536,"column":55}},"loc":{"start":{"line":536,"column":83},"end":{"line":538,"column":25}},"line":536},"32":{"name":"loadEditModalForCombo","decl":{"start":{"line":555,"column":9},"end":{"line":555,"column":30}},"loc":{"start":{"line":555,"column":146},"end":{"line":734,"column":1}},"line":555},"33":{"name":"(anonymous_33)","decl":{"start":{"line":577,"column":34},"end":{"line":577,"column":35}},"loc":{"start":{"line":577,"column":49},"end":{"line":593,"column":21}},"line":577},"34":{"name":"(anonymous_34)","decl":{"start":{"line":602,"column":43},"end":{"line":602,"column":44}},"loc":{"start":{"line":602,"column":67},"end":{"line":619,"column":21}},"line":602},"35":{"name":"(anonymous_35)","decl":{"start":{"line":625,"column":40},"end":{"line":625,"column":41}},"loc":{"start":{"line":625,"column":61},"end":{"line":642,"column":21}},"line":625},"36":{"name":"(anonymous_36)","decl":{"start":{"line":648,"column":42},"end":{"line":648,"column":43}},"loc":{"start":{"line":648,"column":65},"end":{"line":665,"column":21}},"line":648},"37":{"name":"(anonymous_37)","decl":{"start":{"line":675,"column":40},"end":{"line":675,"column":41}},"loc":{"start":{"line":675,"column":61},"end":{"line":715,"column":21}},"line":675},"38":{"name":"(anonymous_38)","decl":{"start":{"line":691,"column":62},"end":{"line":691,"column":63}},"loc":{"start":{"line":691,"column":81},"end":{"line":693,"column":45}},"line":691},"39":{"name":"loadMessage","decl":{"start":{"line":736,"column":9},"end":{"line":736,"column":20}},"loc":{"start":{"line":736,"column":31},"end":{"line":747,"column":1}},"line":736}},"branchMap":{"0":{"loc":{"start":{"line":37,"column":24},"end":{"line":37,"column":70}},"type":"cond-expr","locations":[{"start":{"line":37,"column":57},"end":{"line":37,"column":59}},{"start":{"line":37,"column":60},"end":{"line":37,"column":70}}],"line":37},"1":{"loc":{"start":{"line":74,"column":40},"end":{"line":74,"column":64}},"type":"cond-expr","locations":[{"start":{"line":74,"column":53},"end":{"line":74,"column":61}},{"start":{"line":74,"column":62},"end":{"line":74,"column":64}}],"line":74},"2":{"loc":{"start":{"line":74,"column":101},"end":{"line":74,"column":147}},"type":"cond-expr","locations":[{"start":{"line":74,"column":114},"end":{"line":74,"column":125}},{"start":{"line":74,"column":126},"end":{"line":74,"column":147}}],"line":74},"3":{"loc":{"start":{"line":115,"column":4},"end":{"line":119,"column":5}},"type":"if","locations":[{"start":{"line":115,"column":4},"end":{"line":119,"column":5}},{"start":{"line":117,"column":11},"end":{"line":119,"column":5}}],"line":115},"4":{"loc":{"start":{"line":123,"column":4},"end":{"line":125,"column":5}},"type":"if","locations":[{"start":{"line":123,"column":4},"end":{"line":125,"column":5}},{"start":{},"end":{}}],"line":123},"5":{"loc":{"start":{"line":173,"column":8},"end":{"line":175,"column":9}},"type":"if","locations":[{"start":{"line":173,"column":8},"end":{"line":175,"column":9}},{"start":{},"end":{}}],"line":173},"6":{"loc":{"start":{"line":176,"column":8},"end":{"line":182,"column":9}},"type":"if","locations":[{"start":{"line":176,"column":8},"end":{"line":182,"column":9}},{"start":{},"end":{}}],"line":176},"7":{"loc":{"start":{"line":177,"column":12},"end":{"line":181,"column":13}},"type":"if","locations":[{"start":{"line":177,"column":12},"end":{"line":181,"column":13}},{"start":{"line":179,"column":19},"end":{"line":181,"column":13}}],"line":177},"8":{"loc":{"start":{"line":183,"column":8},"end":{"line":190,"column":9}},"type":"if","locations":[{"start":{"line":183,"column":8},"end":{"line":190,"column":9}},{"start":{},"end":{}}],"line":183},"9":{"loc":{"start":{"line":184,"column":12},"end":{"line":188,"column":13}},"type":"if","locations":[{"start":{"line":184,"column":12},"end":{"line":188,"column":13}},{"start":{"line":186,"column":19},"end":{"line":188,"column":13}}],"line":184},"10":{"loc":{"start":{"line":191,"column":8},"end":{"line":204,"column":9}},"type":"if","locations":[{"start":{"line":191,"column":8},"end":{"line":204,"column":9}},{"start":{},"end":{}}],"line":191},"11":{"loc":{"start":{"line":194,"column":12},"end":{"line":198,"column":13}},"type":"if","locations":[{"start":{"line":194,"column":12},"end":{"line":198,"column":13}},{"start":{},"end":{}}],"line":194},"12":{"loc":{"start":{"line":199,"column":12},"end":{"line":203,"column":13}},"type":"if","locations":[{"start":{"line":199,"column":12},"end":{"line":203,"column":13}},{"start":{"line":201,"column":19},"end":{"line":203,"column":13}}],"line":199},"13":{"loc":{"start":{"line":205,"column":8},"end":{"line":214,"column":9}},"type":"if","locations":[{"start":{"line":205,"column":8},"end":{"line":214,"column":9}},{"start":{},"end":{}}],"line":205},"14":{"loc":{"start":{"line":208,"column":12},"end":{"line":213,"column":13}},"type":"if","locations":[{"start":{"line":208,"column":12},"end":{"line":213,"column":13}},{"start":{},"end":{}}],"line":208},"15":{"loc":{"start":{"line":217,"column":4},"end":{"line":219,"column":5}},"type":"if","locations":[{"start":{"line":217,"column":4},"end":{"line":219,"column":5}},{"start":{},"end":{}}],"line":217},"16":{"loc":{"start":{"line":220,"column":4},"end":{"line":222,"column":5}},"type":"if","locations":[{"start":{"line":220,"column":4},"end":{"line":222,"column":5}},{"start":{},"end":{}}],"line":220},"17":{"loc":{"start":{"line":223,"column":4},"end":{"line":225,"column":5}},"type":"if","locations":[{"start":{"line":223,"column":4},"end":{"line":225,"column":5}},{"start":{},"end":{}}],"line":223},"18":{"loc":{"start":{"line":226,"column":4},"end":{"line":228,"column":5}},"type":"if","locations":[{"start":{"line":226,"column":4},"end":{"line":228,"column":5}},{"start":{},"end":{}}],"line":226},"19":{"loc":{"start":{"line":246,"column":8},"end":{"line":250,"column":9}},"type":"if","locations":[{"start":{"line":246,"column":8},"end":{"line":250,"column":9}},{"start":{},"end":{}}],"line":246},"20":{"loc":{"start":{"line":247,"column":12},"end":{"line":249,"column":13}},"type":"if","locations":[{"start":{"line":247,"column":12},"end":{"line":249,"column":13}},{"start":{},"end":{}}],"line":247},"21":{"loc":{"start":{"line":271,"column":4},"end":{"line":276,"column":5}},"type":"if","locations":[{"start":{"line":271,"column":4},"end":{"line":276,"column":5}},{"start":{},"end":{}}],"line":271},"22":{"loc":{"start":{"line":271,"column":8},"end":{"line":271,"column":52}},"type":"binary-expr","locations":[{"start":{"line":271,"column":9},"end":{"line":271,"column":25}},{"start":{"line":271,"column":31},"end":{"line":271,"column":51}}],"line":271},"23":{"loc":{"start":{"line":304,"column":4},"end":{"line":309,"column":5}},"type":"if","locations":[{"start":{"line":304,"column":4},"end":{"line":309,"column":5}},{"start":{},"end":{}}],"line":304},"24":{"loc":{"start":{"line":317,"column":4},"end":{"line":340,"column":5}},"type":"if","locations":[{"start":{"line":317,"column":4},"end":{"line":340,"column":5}},{"start":{"line":327,"column":11},"end":{"line":340,"column":5}}],"line":317},"25":{"loc":{"start":{"line":318,"column":8},"end":{"line":326,"column":9}},"type":"if","locations":[{"start":{"line":318,"column":8},"end":{"line":326,"column":9}},{"start":{"line":322,"column":15},"end":{"line":326,"column":9}}],"line":318},"26":{"loc":{"start":{"line":318,"column":12},"end":{"line":318,"column":96}},"type":"binary-expr","locations":[{"start":{"line":318,"column":13},"end":{"line":318,"column":49}},{"start":{"line":318,"column":55},"end":{"line":318,"column":95}}],"line":318},"27":{"loc":{"start":{"line":331,"column":8},"end":{"line":339,"column":9}},"type":"if","locations":[{"start":{"line":331,"column":8},"end":{"line":339,"column":9}},{"start":{"line":335,"column":15},"end":{"line":339,"column":9}}],"line":331},"28":{"loc":{"start":{"line":331,"column":12},"end":{"line":331,"column":140}},"type":"binary-expr","locations":[{"start":{"line":331,"column":13},"end":{"line":331,"column":49}},{"start":{"line":331,"column":55},"end":{"line":331,"column":95}},{"start":{"line":331,"column":101},"end":{"line":331,"column":139}}],"line":331},"29":{"loc":{"start":{"line":349,"column":8},"end":{"line":355,"column":9}},"type":"if","locations":[{"start":{"line":349,"column":8},"end":{"line":355,"column":9}},{"start":{"line":351,"column":15},"end":{"line":355,"column":9}}],"line":349},"30":{"loc":{"start":{"line":351,"column":15},"end":{"line":355,"column":9}},"type":"if","locations":[{"start":{"line":351,"column":15},"end":{"line":355,"column":9}},{"start":{"line":353,"column":15},"end":{"line":355,"column":9}}],"line":351},"31":{"loc":{"start":{"line":353,"column":15},"end":{"line":355,"column":9}},"type":"if","locations":[{"start":{"line":353,"column":15},"end":{"line":355,"column":9}},{"start":{},"end":{}}],"line":353},"32":{"loc":{"start":{"line":366,"column":8},"end":{"line":370,"column":9}},"type":"if","locations":[{"start":{"line":366,"column":8},"end":{"line":370,"column":9}},{"start":{"line":368,"column":15},"end":{"line":370,"column":9}}],"line":366},"33":{"loc":{"start":{"line":368,"column":15},"end":{"line":370,"column":9}},"type":"if","locations":[{"start":{"line":368,"column":15},"end":{"line":370,"column":9}},{"start":{},"end":{}}],"line":368},"34":{"loc":{"start":{"line":380,"column":8},"end":{"line":382,"column":9}},"type":"if","locations":[{"start":{"line":380,"column":8},"end":{"line":382,"column":9}},{"start":{},"end":{}}],"line":380},"35":{"loc":{"start":{"line":387,"column":8},"end":{"line":389,"column":9}},"type":"if","locations":[{"start":{"line":387,"column":8},"end":{"line":389,"column":9}},{"start":{},"end":{}}],"line":387},"36":{"loc":{"start":{"line":395,"column":4},"end":{"line":411,"column":5}},"type":"if","locations":[{"start":{"line":395,"column":4},"end":{"line":411,"column":5}},{"start":{"line":401,"column":11},"end":{"line":411,"column":5}}],"line":395},"37":{"loc":{"start":{"line":396,"column":8},"end":{"line":400,"column":9}},"type":"if","locations":[{"start":{"line":396,"column":8},"end":{"line":400,"column":9}},{"start":{"line":398,"column":15},"end":{"line":400,"column":9}}],"line":396},"38":{"loc":{"start":{"line":402,"column":8},"end":{"line":410,"column":9}},"type":"if","locations":[{"start":{"line":402,"column":8},"end":{"line":410,"column":9}},{"start":{"line":408,"column":15},"end":{"line":410,"column":9}}],"line":402},"39":{"loc":{"start":{"line":403,"column":12},"end":{"line":407,"column":13}},"type":"if","locations":[{"start":{"line":403,"column":12},"end":{"line":407,"column":13}},{"start":{"line":405,"column":19},"end":{"line":407,"column":13}}],"line":403},"40":{"loc":{"start":{"line":481,"column":24},"end":{"line":485,"column":25}},"type":"if","locations":[{"start":{"line":481,"column":24},"end":{"line":485,"column":25}},{"start":{"line":483,"column":31},"end":{"line":485,"column":25}}],"line":481},"41":{"loc":{"start":{"line":491,"column":79},"end":{"line":491,"column":132}},"type":"cond-expr","locations":[{"start":{"line":491,"column":117},"end":{"line":491,"column":127}},{"start":{"line":491,"column":130},"end":{"line":491,"column":132}}],"line":491},"42":{"loc":{"start":{"line":496,"column":24},"end":{"line":504,"column":25}},"type":"if","locations":[{"start":{"line":496,"column":24},"end":{"line":504,"column":25}},{"start":{},"end":{}}],"line":496},"43":{"loc":{"start":{"line":500,"column":86},"end":{"line":500,"column":138}},"type":"cond-expr","locations":[{"start":{"line":500,"column":123},"end":{"line":500,"column":133}},{"start":{"line":500,"column":136},"end":{"line":500,"column":138}}],"line":500},"44":{"loc":{"start":{"line":526,"column":24},"end":{"line":530,"column":25}},"type":"if","locations":[{"start":{"line":526,"column":24},"end":{"line":530,"column":25}},{"start":{"line":528,"column":31},"end":{"line":530,"column":25}}],"line":526},"45":{"loc":{"start":{"line":537,"column":82},"end":{"line":537,"column":142}},"type":"cond-expr","locations":[{"start":{"line":537,"column":127},"end":{"line":537,"column":137}},{"start":{"line":537,"column":140},"end":{"line":537,"column":142}}],"line":537},"46":{"loc":{"start":{"line":558,"column":4},"end":{"line":562,"column":5}},"type":"if","locations":[{"start":{"line":558,"column":4},"end":{"line":562,"column":5}},{"start":{"line":560,"column":11},"end":{"line":562,"column":5}}],"line":558},"47":{"loc":{"start":{"line":563,"column":4},"end":{"line":565,"column":5}},"type":"if","locations":[{"start":{"line":563,"column":4},"end":{"line":565,"column":5}},{"start":{},"end":{}}],"line":563},"48":{"loc":{"start":{"line":667,"column":16},"end":{"line":716,"column":17}},"type":"if","locations":[{"start":{"line":667,"column":16},"end":{"line":716,"column":17}},{"start":{},"end":{}}],"line":667},"49":{"loc":{"start":{"line":676,"column":24},"end":{"line":714,"column":25}},"type":"if","locations":[{"start":{"line":676,"column":24},"end":{"line":714,"column":25}},{"start":{"line":701,"column":31},"end":{"line":714,"column":25}}],"line":676},"50":{"loc":{"start":{"line":749,"column":0},"end":{"line":775,"column":2}},"type":"if","locations":[{"start":{"line":749,"column":0},"end":{"line":775,"column":2}},{"start":{},"end":{}}],"line":749}},"s":{"0":15,"1":15,"2":15,"3":15,"4":1,"5":1,"6":1,"7":1,"8":1,"9":1,"10":1,"11":1,"12":1,"13":1,"14":1,"15":1,"16":2,"17":2,"18":2,"19":2,"20":2,"21":2,"22":2,"23":2,"24":2,"25":2,"26":2,"27":2,"28":2,"29":2,"30":2,"31":2,"32":2,"33":2,"34":2,"35":2,"36":2,"37":2,"38":2,"39":1,"40":1,"41":2,"42":2,"43":6,"44":6,"45":6,"46":6,"47":6,"48":6,"49":6,"50":6,"51":6,"52":6,"53":6,"54":6,"55":1,"56":5,"57":6,"58":6,"59":3,"60":6,"61":6,"62":6,"63":6,"64":6,"65":6,"66":6,"67":6,"68":6,"69":6,"70":6,"71":6,"72":6,"73":6,"74":6,"75":6,"76":6,"77":6,"78":6,"79":6,"80":6,"81":6,"82":6,"83":6,"84":6,"85":6,"86":6,"87":7,"88":7,"89":7,"90":7,"91":7,"92":7,"93":11,"94":11,"95":11,"96":11,"97":3,"98":11,"99":4,"100":3,"101":1,"102":11,"103":3,"104":2,"105":1,"106":11,"107":2,"108":2,"109":1,"110":1,"111":2,"112":1,"113":1,"114":11,"115":2,"116":2,"117":1,"118":1,"119":1,"120":7,"121":3,"122":7,"123":3,"124":7,"125":2,"126":7,"127":1,"128":7,"129":6,"130":6,"131":10,"132":10,"133":10,"134":10,"135":2,"136":1,"137":6,"138":4,"139":4,"140":3,"141":3,"142":3,"143":4,"144":5,"145":5,"146":1,"147":1,"148":1,"149":4,"150":4,"151":4,"152":2,"153":1,"154":1,"155":1,"156":1,"157":1,"158":1,"159":2,"160":2,"161":1,"162":1,"163":1,"164":1,"165":1,"166":1,"167":3,"168":3,"169":3,"170":6,"171":6,"172":6,"173":2,"174":4,"175":1,"176":3,"177":2,"178":3,"179":2,"180":2,"181":2,"182":4,"183":4,"184":4,"185":1,"186":3,"187":2,"188":2,"189":2,"190":2,"191":2,"192":2,"193":2,"194":1,"195":2,"196":2,"197":2,"198":2,"199":1,"200":2,"201":5,"202":2,"203":1,"204":1,"205":3,"206":2,"207":1,"208":1,"209":1,"210":1,"211":1,"212":1,"213":1,"214":1,"215":1,"216":1,"217":1,"218":1,"219":1,"220":1,"221":1,"222":1,"223":1,"224":1,"225":1,"226":1,"227":1,"228":1,"229":1,"230":1,"231":1,"232":1,"233":1,"234":1,"235":1,"236":1,"237":1,"238":1,"239":1,"240":1,"241":1,"242":1,"243":1,"244":1,"245":1,"246":1,"247":1,"248":1,"249":1,"250":1,"251":1,"252":1,"253":1,"254":1,"255":1,"256":1,"257":2,"258":2,"259":4,"260":2,"261":2,"262":2,"263":2,"264":2,"265":2,"266":2,"267":2,"268":1,"269":1,"270":2,"271":2,"272":2,"273":12,"274":2,"275":2,"276":2,"277":1,"278":1,"279":1,"280":3,"281":1,"282":1,"283":2,"284":2,"285":2,"286":2,"287":2,"288":2,"289":2,"290":2,"291":2,"292":2,"293":2,"294":2,"295":2,"296":2,"297":2,"298":2,"299":2,"300":2,"301":1,"302":1,"303":2,"304":2,"305":2,"306":2,"307":2,"308":2,"309":6,"310":2,"311":2,"312":2,"313":2,"314":2,"315":2,"316":2,"317":2,"318":2,"319":2,"320":2,"321":2,"322":2,"323":2,"324":2,"325":2,"326":1,"327":1,"328":2,"329":1,"330":2,"331":2,"332":2,"333":2,"334":2,"335":2,"336":2,"337":2,"338":2,"339":6,"340":6,"341":6,"342":6,"343":6,"344":6,"345":6,"346":6,"347":6,"348":6,"349":6,"350":6,"351":6,"352":6,"353":6,"354":2,"355":2,"356":2,"357":2,"358":2,"359":2,"360":2,"361":2,"362":18,"363":18,"364":18,"365":18,"366":18,"367":18,"368":18,"369":18,"370":18,"371":18,"372":18,"373":18,"374":18,"375":18,"376":18,"377":18,"378":2,"379":2,"380":2,"381":2,"382":2,"383":6,"384":6,"385":6,"386":6,"387":6,"388":6,"389":6,"390":6,"391":6,"392":6,"393":6,"394":6,"395":6,"396":6,"397":6,"398":6,"399":2,"400":2,"401":2,"402":2,"403":2,"404":4,"405":4,"406":4,"407":4,"408":4,"409":4,"410":4,"411":4,"412":4,"413":4,"414":4,"415":4,"416":4,"417":4,"418":4,"419":4,"420":2,"421":1,"422":1,"423":1,"424":1,"425":1,"426":1,"427":1,"428":1,"429":2,"430":1,"431":1,"432":1,"433":1,"434":1,"435":1,"436":1,"437":1,"438":1,"439":8,"440":1,"441":1,"442":1,"443":1,"444":1,"445":1,"446":1,"447":1,"448":1,"449":1,"450":1,"451":1,"452":1,"453":1,"454":1,"455":1,"456":1,"457":1,"458":2,"459":2,"460":2,"461":2,"462":2,"463":2,"464":2,"465":2,"466":2,"467":2,"468":2,"469":2,"470":2,"471":2,"472":2,"473":1,"474":1,"475":1,"476":1,"477":1,"478":1,"479":1,"480":1,"481":1,"482":1,"483":1,"484":1},"f":{"0":15,"1":1,"2":1,"3":2,"4":1,"5":2,"6":6,"7":6,"8":6,"9":7,"10":11,"11":6,"12":10,"13":4,"14":3,"15":5,"16":3,"17":6,"18":2,"19":4,"20":2,"21":2,"22":2,"23":5,"24":1,"25":1,"26":2,"27":4,"28":12,"29":3,"30":2,"31":6,"32":2,"33":6,"34":18,"35":6,"36":4,"37":2,"38":8,"39":1},"b":{"0":[1,1],"1":[1,1],"2":[1,1],"3":[1,5],"4":[3,3],"5":[3,8],"6":[4,7],"7":[3,1],"8":[3,8],"9":[2,1],"10":[2,9],"11":[1,1],"12":[1,1],"13":[2,9],"14":[1,1],"15":[3,4],"16":[3,4],"17":[2,5],"18":[1,6],"19":[2,8],"20":[1,1],"21":[3,1],"22":[4,3],"23":[1,4],"24":[2,2],"25":[1,1],"26":[2,1],"27":[1,1],"28":[2,1,1],"29":[2,4],"30":[1,3],"31":[2,1],"32":[1,3],"33":[2,1],"34":[1,1],"35":[1,1],"36":[2,3],"37":[1,1],"38":[2,1],"39":[1,1],"40":[1,1],"41":[2,10],"42":[1,1],"43":[1,2],"44":[1,1],"45":[2,4],"46":[1,1],"47":[1,1],"48":[1,1],"49":[1,1],"50":[1,0]},"_coverageSchema":"1a1c01bbd47fc00a2c39e90264f33305004495a9","hash":"2745da368980035eca8f4885d59030bb90348594"}
}
