TN:
SF:public\js\common.js
FN:3,retrieveId
FN:12,retrieveProductIdForCartButtons
FN:23,retrieveSerialNumberForCartButtons
FN:34,loadPriceDetailElements
FN:63,loadCartCountElements
FN:71,loadCheckoutMenuElement
FN:79,loadOrderListElements
FN:84,(anonymous_7)
FN:110,orderListElement
FN:156,retrieveSummary
FN:164,(anonymous_10)
FN:233,retrieveExtraCharge
FN:238,(anonymous_12)
FN:255,retrieveImageFromSubItems
FN:272,(anonymous_14)
FN:289,enableAddToCartButtonForCombos
FN:343,retrieveTotalSideQuantity
FN:346,(anonymous_17)
FN:360,retrieveTotalEntreeQuantity
FN:363,(anonymous_19)
FN:375,retrieveTotalDrinkQuantity
FN:378,(anonymous_21)
FN:385,(anonymous_22)
FN:394,enableAddToCartButtonForDrinkOnly
FN:414,loadEditModalForAppetizers
FN:440,loadEditModalForDrinksWithoutSelectBox
FN:467,loadEditModalForDrinksWithSelectDrinksOrSelectSizes
FN:469,(anonymous_27)
FN:490,(anonymous_28)
FN:499,(anonymous_29)
FN:521,loadEditModalForSingleSideEntree
FN:536,(anonymous_31)
FN:555,loadEditModalForCombo
FN:577,(anonymous_33)
FN:602,(anonymous_34)
FN:625,(anonymous_35)
FN:648,(anonymous_36)
FN:675,(anonymous_37)
FN:691,(anonymous_38)
FN:736,loadMessage
FNF:40
FNH:40
FNDA:15,retrieveId
FNDA:1,retrieveProductIdForCartButtons
FNDA:1,retrieveSerialNumberForCartButtons
FNDA:2,loadPriceDetailElements
FNDA:1,loadCartCountElements
FNDA:2,loadCheckoutMenuElement
FNDA:6,loadOrderListElements
FNDA:6,(anonymous_7)
FNDA:6,orderListElement
FNDA:7,retrieveSummary
FNDA:11,(anonymous_10)
FNDA:6,retrieveExtraCharge
FNDA:10,(anonymous_12)
FNDA:4,retrieveImageFromSubItems
FNDA:3,(anonymous_14)
FNDA:5,enableAddToCartButtonForCombos
FNDA:3,retrieveTotalSideQuantity
FNDA:6,(anonymous_17)
FNDA:2,retrieveTotalEntreeQuantity
FNDA:4,(anonymous_19)
FNDA:2,retrieveTotalDrinkQuantity
FNDA:2,(anonymous_21)
FNDA:2,(anonymous_22)
FNDA:5,enableAddToCartButtonForDrinkOnly
FNDA:1,loadEditModalForAppetizers
FNDA:1,loadEditModalForDrinksWithoutSelectBox
FNDA:2,loadEditModalForDrinksWithSelectDrinksOrSelectSizes
FNDA:4,(anonymous_27)
FNDA:12,(anonymous_28)
FNDA:3,(anonymous_29)
FNDA:2,loadEditModalForSingleSideEntree
FNDA:6,(anonymous_31)
FNDA:2,loadEditModalForCombo
FNDA:6,(anonymous_33)
FNDA:18,(anonymous_34)
FNDA:6,(anonymous_35)
FNDA:4,(anonymous_36)
FNDA:2,(anonymous_37)
FNDA:8,(anonymous_38)
FNDA:1,loadMessage
DA:6,15
DA:7,15
DA:8,15
DA:9,15
DA:15,1
DA:16,1
DA:17,1
DA:18,1
DA:19,1
DA:20,1
DA:26,1
DA:27,1
DA:28,1
DA:29,1
DA:30,1
DA:31,1
DA:37,2
DA:38,2
DA:39,2
DA:40,2
DA:41,2
DA:42,2
DA:43,2
DA:44,2
DA:45,2
DA:46,2
DA:47,2
DA:48,2
DA:49,2
DA:50,2
DA:51,2
DA:52,2
DA:53,2
DA:54,2
DA:55,2
DA:56,2
DA:57,2
DA:58,2
DA:60,2
DA:66,1
DA:68,1
DA:74,2
DA:76,2
DA:83,6
DA:84,6
DA:85,6
DA:86,6
DA:87,6
DA:88,6
DA:90,6
DA:93,6
DA:112,6
DA:113,6
DA:114,6
DA:115,6
DA:116,1
DA:118,5
DA:122,6
DA:123,6
DA:124,3
DA:127,6
DA:128,6
DA:129,6
DA:130,6
DA:131,6
DA:132,6
DA:133,6
DA:134,6
DA:135,6
DA:136,6
DA:137,6
DA:138,6
DA:139,6
DA:140,6
DA:141,6
DA:142,6
DA:143,6
DA:144,6
DA:145,6
DA:146,6
DA:147,6
DA:148,6
DA:149,6
DA:150,6
DA:151,6
DA:152,6
DA:153,6
DA:158,7
DA:159,7
DA:160,7
DA:161,7
DA:162,7
DA:164,7
DA:169,11
DA:170,11
DA:171,11
DA:173,11
DA:174,3
DA:176,11
DA:177,4
DA:178,3
DA:180,1
DA:183,11
DA:184,3
DA:185,2
DA:187,1
DA:191,11
DA:192,2
DA:194,2
DA:196,1
DA:197,1
DA:199,2
DA:200,1
DA:202,1
DA:205,11
DA:206,2
DA:208,2
DA:210,1
DA:211,1
DA:212,1
DA:217,7
DA:218,3
DA:220,7
DA:221,3
DA:223,7
DA:224,2
DA:226,7
DA:227,1
DA:230,7
DA:235,6
DA:238,6
DA:242,10
DA:243,10
DA:244,10
DA:246,10
DA:247,2
DA:248,1
DA:252,6
DA:261,4
DA:271,4
DA:272,3
DA:273,3
DA:274,3
DA:277,4
DA:303,5
DA:304,5
DA:305,1
DA:306,1
DA:308,1
DA:312,4
DA:315,4
DA:317,4
DA:318,2
DA:319,1
DA:320,1
DA:321,1
DA:323,1
DA:324,1
DA:325,1
DA:329,2
DA:331,2
DA:332,1
DA:333,1
DA:334,1
DA:336,1
DA:337,1
DA:338,1
DA:344,3
DA:345,3
DA:346,3
DA:347,6
DA:348,6
DA:349,6
DA:350,2
DA:351,4
DA:352,1
DA:353,3
DA:354,2
DA:357,3
DA:361,2
DA:362,2
DA:363,2
DA:364,4
DA:365,4
DA:366,4
DA:367,1
DA:368,3
DA:369,2
DA:372,2
DA:376,2
DA:377,2
DA:378,2
DA:379,2
DA:380,2
DA:381,1
DA:384,2
DA:385,2
DA:386,2
DA:387,2
DA:388,1
DA:391,2
DA:395,5
DA:396,2
DA:397,1
DA:399,1
DA:402,3
DA:403,2
DA:404,1
DA:406,1
DA:409,1
DA:415,1
DA:416,1
DA:417,1
DA:418,1
DA:419,1
DA:420,1
DA:421,1
DA:422,1
DA:423,1
DA:424,1
DA:425,1
DA:426,1
DA:427,1
DA:428,1
DA:429,1
DA:430,1
DA:431,1
DA:432,1
DA:433,1
DA:434,1
DA:435,1
DA:436,1
DA:437,1
DA:441,1
DA:442,1
DA:443,1
DA:444,1
DA:445,1
DA:446,1
DA:447,1
DA:448,1
DA:449,1
DA:450,1
DA:451,1
DA:452,1
DA:453,1
DA:454,1
DA:455,1
DA:456,1
DA:457,1
DA:458,1
DA:459,1
DA:460,1
DA:461,1
DA:462,1
DA:463,1
DA:464,1
DA:468,2
DA:469,2
DA:470,4
DA:473,2
DA:474,2
DA:475,2
DA:476,2
DA:477,2
DA:478,2
DA:479,2
DA:481,2
DA:482,1
DA:484,1
DA:487,2
DA:488,2
DA:490,2
DA:491,12
DA:493,2
DA:494,2
DA:496,2
DA:497,1
DA:498,1
DA:499,1
DA:500,3
DA:502,1
DA:503,1
DA:506,2
DA:507,2
DA:508,2
DA:509,2
DA:510,2
DA:511,2
DA:512,2
DA:513,2
DA:514,2
DA:515,2
DA:516,2
DA:517,2
DA:518,2
DA:522,2
DA:523,2
DA:524,2
DA:525,2
DA:526,2
DA:527,1
DA:529,1
DA:531,2
DA:532,2
DA:533,2
DA:534,2
DA:535,2
DA:536,2
DA:537,6
DA:539,2
DA:540,2
DA:541,2
DA:542,2
DA:543,2
DA:544,2
DA:545,2
DA:546,2
DA:547,2
DA:548,2
DA:549,2
DA:550,2
DA:552,2
DA:556,2
DA:557,2
DA:558,2
DA:559,1
DA:561,1
DA:563,2
DA:564,1
DA:567,2
DA:568,2
DA:570,2
DA:571,2
DA:573,2
DA:574,2
DA:575,2
DA:576,2
DA:577,2
DA:578,6
DA:579,6
DA:580,6
DA:581,6
DA:582,6
DA:583,6
DA:584,6
DA:585,6
DA:586,6
DA:587,6
DA:588,6
DA:589,6
DA:590,6
DA:591,6
DA:592,6
DA:595,2
DA:596,2
DA:597,2
DA:598,2
DA:599,2
DA:600,2
DA:601,2
DA:602,2
DA:603,18
DA:604,18
DA:605,18
DA:606,18
DA:607,18
DA:608,18
DA:609,18
DA:610,18
DA:611,18
DA:612,18
DA:613,18
DA:614,18
DA:615,18
DA:616,18
DA:617,18
DA:618,18
DA:621,2
DA:622,2
DA:623,2
DA:624,2
DA:625,2
DA:626,6
DA:627,6
DA:628,6
DA:629,6
DA:630,6
DA:631,6
DA:632,6
DA:633,6
DA:634,6
DA:635,6
DA:636,6
DA:637,6
DA:638,6
DA:639,6
DA:640,6
DA:641,6
DA:644,2
DA:645,2
DA:646,2
DA:647,2
DA:648,2
DA:649,4
DA:650,4
DA:651,4
DA:652,4
DA:653,4
DA:654,4
DA:655,4
DA:656,4
DA:657,4
DA:658,4
DA:659,4
DA:660,4
DA:661,4
DA:662,4
DA:663,4
DA:664,4
DA:667,2
DA:668,1
DA:669,1
DA:670,1
DA:671,1
DA:672,1
DA:673,1
DA:674,1
DA:675,1
DA:676,2
DA:677,1
DA:678,1
DA:679,1
DA:680,1
DA:681,1
DA:682,1
DA:683,1
DA:690,1
DA:691,1
DA:692,8
DA:694,1
DA:695,1
DA:696,1
DA:697,1
DA:698,1
DA:699,1
DA:700,1
DA:702,1
DA:703,1
DA:704,1
DA:705,1
DA:707,1
DA:708,1
DA:709,1
DA:710,1
DA:711,1
DA:712,1
DA:713,1
DA:718,2
DA:719,2
DA:720,2
DA:721,2
DA:722,2
DA:723,2
DA:724,2
DA:726,2
DA:727,2
DA:728,2
DA:729,2
DA:730,2
DA:731,2
DA:732,2
DA:733,2
DA:737,1
DA:738,1
DA:739,1
DA:740,1
DA:741,1
DA:742,1
DA:743,1
DA:744,1
DA:745,1
DA:746,1
DA:749,1
LF:484
LH:484
BRDA:37,0,0,1
BRDA:37,0,1,1
BRDA:74,1,0,1
BRDA:74,1,1,1
BRDA:74,2,0,1
BRDA:74,2,1,1
BRDA:115,3,0,1
BRDA:115,3,1,5
BRDA:123,4,0,3
BRDA:123,4,1,3
BRDA:173,5,0,3
BRDA:173,5,1,8
BRDA:176,6,0,4
BRDA:176,6,1,7
BRDA:177,7,0,3
BRDA:177,7,1,1
BRDA:183,8,0,3
BRDA:183,8,1,8
BRDA:184,9,0,2
BRDA:184,9,1,1
BRDA:191,10,0,2
BRDA:191,10,1,9
BRDA:194,11,0,1
BRDA:194,11,1,1
BRDA:199,12,0,1
BRDA:199,12,1,1
BRDA:205,13,0,2
BRDA:205,13,1,9
BRDA:208,14,0,1
BRDA:208,14,1,1
BRDA:217,15,0,3
BRDA:217,15,1,4
BRDA:220,16,0,3
BRDA:220,16,1,4
BRDA:223,17,0,2
BRDA:223,17,1,5
BRDA:226,18,0,1
BRDA:226,18,1,6
BRDA:246,19,0,2
BRDA:246,19,1,8
BRDA:247,20,0,1
BRDA:247,20,1,1
BRDA:271,21,0,3
BRDA:271,21,1,1
BRDA:271,22,0,4
BRDA:271,22,1,3
BRDA:304,23,0,1
BRDA:304,23,1,4
BRDA:317,24,0,2
BRDA:317,24,1,2
BRDA:318,25,0,1
BRDA:318,25,1,1
BRDA:318,26,0,2
BRDA:318,26,1,1
BRDA:331,27,0,1
BRDA:331,27,1,1
BRDA:331,28,0,2
BRDA:331,28,1,1
BRDA:331,28,2,1
BRDA:349,29,0,2
BRDA:349,29,1,4
BRDA:351,30,0,1
BRDA:351,30,1,3
BRDA:353,31,0,2
BRDA:353,31,1,1
BRDA:366,32,0,1
BRDA:366,32,1,3
BRDA:368,33,0,2
BRDA:368,33,1,1
BRDA:380,34,0,1
BRDA:380,34,1,1
BRDA:387,35,0,1
BRDA:387,35,1,1
BRDA:395,36,0,2
BRDA:395,36,1,3
BRDA:396,37,0,1
BRDA:396,37,1,1
BRDA:402,38,0,2
BRDA:402,38,1,1
BRDA:403,39,0,1
BRDA:403,39,1,1
BRDA:481,40,0,1
BRDA:481,40,1,1
BRDA:491,41,0,2
BRDA:491,41,1,10
BRDA:496,42,0,1
BRDA:496,42,1,1
BRDA:500,43,0,1
BRDA:500,43,1,2
BRDA:526,44,0,1
BRDA:526,44,1,1
BRDA:537,45,0,2
BRDA:537,45,1,4
BRDA:558,46,0,1
BRDA:558,46,1,1
BRDA:563,47,0,1
BRDA:563,47,1,1
BRDA:667,48,0,1
BRDA:667,48,1,1
BRDA:676,49,0,1
BRDA:676,49,1,1
BRDA:749,50,0,1
BRDA:749,50,1,0
BRF:103
BRH:102
end_of_record
