TN:
SF:public\js\ChoiceSelection.js
FN:4,(anonymous_0)
FN:26,(anonymous_1)
FN:61,(anonymous_2)
FN:66,(anonymous_3)
FN:70,(anonymous_4)
FN:85,(anonymous_5)
FN:106,(anonymous_6)
FN:120,(anonymous_7)
FN:125,(anonymous_8)
FN:136,(anonymous_9)
FN:140,(anonymous_10)
FN:149,(anonymous_11)
FN:153,(anonymous_12)
FN:163,(anonymous_13)
FN:205,(anonymous_14)
FN:237,(anonymous_15)
FN:241,(anonymous_16)
FN:258,(anonymous_17)
FN:303,(anonymous_18)
FN:307,(anonymous_19)
FN:317,(anonymous_20)
FN:321,(anonymous_21)
FN:332,(anonymous_22)
FN:338,(anonymous_23)
FN:355,(anonymous_24)
FN:359,(anonymous_25)
FN:376,(anonymous_26)
FN:380,(anonymous_27)
FN:391,(anonymous_28)
FN:395,(anonymous_29)
FN:408,(anonymous_30)
FNF:31
FNH:31
FNDA:26,(anonymous_0)
FNDA:26,(anonymous_1)
FNDA:5,(anonymous_2)
FNDA:3,(anonymous_3)
FNDA:11,(anonymous_4)
FNDA:4,(anonymous_5)
FNDA:2,(anonymous_6)
FNDA:2,(anonymous_7)
FNDA:6,(anonymous_8)
FNDA:1,(anonymous_9)
FNDA:3,(anonymous_10)
FNDA:1,(anonymous_11)
FNDA:3,(anonymous_12)
FNDA:4,(anonymous_13)
FNDA:5,(anonymous_14)
FNDA:2,(anonymous_15)
FNDA:6,(anonymous_16)
FNDA:8,(anonymous_17)
FNDA:9,(anonymous_18)
FNDA:33,(anonymous_19)
FNDA:5,(anonymous_20)
FNDA:20,(anonymous_21)
FNDA:4,(anonymous_22)
FNDA:16,(anonymous_23)
FNDA:3,(anonymous_24)
FNDA:12,(anonymous_25)
FNDA:4,(anonymous_26)
FNDA:15,(anonymous_27)
FNDA:4,(anonymous_28)
FNDA:14,(anonymous_29)
FNDA:139,(anonymous_30)
DA:12,26
DA:13,26
DA:14,26
DA:15,26
DA:16,26
DA:17,26
DA:18,26
DA:19,16
DA:20,16
DA:21,16
DA:28,26
DA:29,23
DA:30,10
DA:31,4
DA:32,6
DA:33,2
DA:34,4
DA:35,4
DA:37,13
DA:38,5
DA:39,8
DA:40,8
DA:42,3
DA:43,2
DA:44,1
DA:45,1
DA:48,1
DA:49,1
DA:50,1
DA:51,1
DA:52,1
DA:53,1
DA:55,1
DA:56,1
DA:62,5
DA:63,5
DA:67,3
DA:68,3
DA:69,3
DA:70,3
DA:71,11
DA:72,11
DA:73,11
DA:75,3
DA:76,1
DA:78,2
DA:86,4
DA:87,1
DA:88,1
DA:89,3
DA:90,2
DA:91,1
DA:92,1
DA:93,1
DA:95,1
DA:96,1
DA:98,1
DA:99,1
DA:100,1
DA:101,1
DA:102,1
DA:107,2
DA:108,1
DA:109,1
DA:112,1
DA:113,1
DA:115,1
DA:116,1
DA:121,2
DA:122,2
DA:123,2
DA:124,2
DA:125,2
DA:126,6
DA:127,6
DA:128,6
DA:129,1
DA:130,1
DA:133,2
DA:137,1
DA:138,1
DA:139,1
DA:140,1
DA:141,3
DA:142,3
DA:143,3
DA:144,1
DA:150,1
DA:151,1
DA:152,1
DA:153,1
DA:154,3
DA:155,3
DA:156,3
DA:157,1
DA:158,1
DA:164,4
DA:165,4
DA:166,2
DA:167,1
DA:168,1
DA:169,1
DA:172,1
DA:173,1
DA:176,2
DA:178,1
DA:179,1
DA:180,1
DA:181,1
DA:183,1
DA:184,1
DA:187,1
DA:188,1
DA:189,1
DA:190,1
DA:192,1
DA:193,1
DA:206,5
DA:208,3
DA:209,1
DA:210,1
DA:211,1
DA:212,2
DA:213,1
DA:214,1
DA:215,1
DA:216,1
DA:217,1
DA:218,1
DA:219,1
DA:220,1
DA:221,1
DA:222,1
DA:225,2
DA:226,2
DA:227,2
DA:228,2
DA:229,2
DA:230,2
DA:231,1
DA:232,1
DA:238,2
DA:239,2
DA:240,2
DA:241,2
DA:242,6
DA:243,6
DA:244,6
DA:245,1
DA:246,1
DA:249,2
DA:259,8
DA:261,6
DA:262,1
DA:263,1
DA:264,1
DA:265,5
DA:266,1
DA:267,1
DA:268,1
DA:269,4
DA:270,1
DA:271,1
DA:272,1
DA:273,1
DA:274,3
DA:277,1
DA:278,1
DA:279,1
DA:280,1
DA:285,2
DA:286,2
DA:287,2
DA:289,2
DA:290,2
DA:291,2
DA:292,2
DA:293,2
DA:294,2
DA:295,2
DA:297,2
DA:298,2
DA:304,9
DA:305,9
DA:306,9
DA:307,9
DA:308,33
DA:309,33
DA:310,33
DA:311,9
DA:314,9
DA:318,5
DA:319,5
DA:320,5
DA:321,5
DA:322,20
DA:323,20
DA:324,20
DA:325,1
DA:326,1
DA:329,5
DA:333,4
DA:334,4
DA:335,4
DA:336,4
DA:337,4
DA:338,4
DA:339,16
DA:340,16
DA:341,16
DA:342,4
DA:344,16
DA:345,2
DA:346,2
DA:349,4
DA:350,1
DA:352,4
DA:356,3
DA:357,3
DA:358,3
DA:359,3
DA:360,12
DA:361,12
DA:362,12
DA:363,3
DA:365,12
DA:366,1
DA:369,3
DA:370,1
DA:372,2
DA:377,4
DA:378,4
DA:379,4
DA:380,4
DA:381,15
DA:382,15
DA:383,15
DA:384,4
DA:385,4
DA:386,4
DA:392,4
DA:393,4
DA:394,4
DA:395,4
DA:396,14
DA:397,14
DA:398,14
DA:399,4
DA:400,4
DA:410,139
DA:411,139
DA:412,139
DA:413,139
DA:417,2
LF:254
LH:254
BRDA:18,0,0,16
BRDA:18,0,1,10
BRDA:28,1,0,23
BRDA:28,1,1,3
BRDA:29,2,0,10
BRDA:29,2,1,13
BRDA:30,3,0,4
BRDA:30,3,1,6
BRDA:32,4,0,2
BRDA:32,4,1,4
BRDA:34,5,0,4
BRDA:34,5,1,0
BRDA:37,6,0,5
BRDA:37,6,1,8
BRDA:39,7,0,8
BRDA:39,7,1,0
BRDA:42,8,0,2
BRDA:42,8,1,1
BRDA:43,9,0,1
BRDA:43,9,1,1
BRDA:48,10,0,1
BRDA:48,10,1,0
BRDA:51,11,0,1
BRDA:51,11,1,0
BRDA:75,12,0,1
BRDA:75,12,1,2
BRDA:86,13,0,1
BRDA:86,13,1,3
BRDA:89,14,0,2
BRDA:89,14,1,1
BRDA:90,15,0,1
BRDA:90,15,1,1
BRDA:98,16,0,1
BRDA:98,16,1,0
BRDA:107,17,0,1
BRDA:107,17,1,1
BRDA:128,18,0,1
BRDA:128,18,1,5
BRDA:143,19,0,1
BRDA:143,19,1,2
BRDA:156,20,0,1
BRDA:156,20,1,2
BRDA:165,21,0,2
BRDA:165,21,1,2
BRDA:166,22,0,1
BRDA:166,22,1,1
BRDA:167,23,0,1
BRDA:167,23,1,0
BRDA:176,24,0,1
BRDA:176,24,1,1
BRDA:206,25,0,3
BRDA:206,25,1,2
BRDA:208,26,0,1
BRDA:208,26,1,2
BRDA:212,27,0,1
BRDA:212,27,1,1
BRDA:217,28,0,1
BRDA:217,28,1,0
BRDA:221,29,0,1
BRDA:221,29,1,0
BRDA:225,30,0,2
BRDA:225,30,1,0
BRDA:230,31,0,1
BRDA:230,31,1,1
BRDA:244,32,0,1
BRDA:244,32,1,5
BRDA:259,33,0,6
BRDA:259,33,1,2
BRDA:261,34,0,1
BRDA:261,34,1,5
BRDA:265,35,0,1
BRDA:265,35,1,4
BRDA:269,36,0,1
BRDA:269,36,1,3
BRDA:274,37,0,1
BRDA:274,37,1,2
BRDA:289,38,0,2
BRDA:289,38,1,0
BRDA:294,39,0,2
BRDA:294,39,1,0
BRDA:297,40,0,2
BRDA:297,40,1,0
BRDA:310,41,0,9
BRDA:310,41,1,24
BRDA:324,42,0,1
BRDA:324,42,1,19
BRDA:341,43,0,4
BRDA:341,43,1,12
BRDA:344,44,0,2
BRDA:344,44,1,14
BRDA:349,45,0,1
BRDA:349,45,1,3
BRDA:349,46,0,4
BRDA:349,46,1,3
BRDA:352,47,0,4
BRDA:352,47,1,3
BRDA:362,48,0,3
BRDA:362,48,1,9
BRDA:365,49,0,1
BRDA:365,49,1,11
BRDA:369,50,0,1
BRDA:369,50,1,2
BRDA:383,51,0,4
BRDA:383,51,1,11
BRDA:383,52,0,15
BRDA:383,52,1,4
BRDA:398,53,0,4
BRDA:398,53,1,10
BRDA:417,54,0,2
BRDA:417,54,1,0
BRF:110
BRH:97
end_of_record
TN:
SF:public\js\ajax.js
FN:1,(anonymous_0)
FN:4,(anonymous_1)
FN:12,(anonymous_2)
FN:15,(anonymous_3)
FN:20,(anonymous_4)
FNF:5
FNH:5
FNDA:1,(anonymous_0)
FNDA:1,(anonymous_1)
FNDA:1,(anonymous_2)
FNDA:1,(anonymous_3)
FNDA:1,(anonymous_4)
DA:1,1
DA:2,1
DA:3,1
DA:4,1
DA:5,1
DA:12,1
DA:13,1
DA:15,1
DA:16,1
DA:17,1
DA:18,1
DA:20,1
DA:21,1
DA:23,1
DA:29,1
DA:32,1
LF:16
LH:16
BRF:0
BRH:0
end_of_record
TN:
SF:public\js\ajaxAddNewItemToCart.js
FN:1,(anonymous_0)
FN:3,(anonymous_1)
FN:13,(anonymous_2)
FN:16,(anonymous_3)
FN:20,(anonymous_4)
FNF:5
FNH:5
FNDA:1,(anonymous_0)
FNDA:1,(anonymous_1)
FNDA:1,(anonymous_2)
FNDA:2,(anonymous_3)
FNDA:2,(anonymous_4)
DA:1,1
DA:2,1
DA:3,1
DA:4,1
DA:13,1
DA:14,1
DA:16,1
DA:17,2
DA:18,2
DA:20,1
DA:21,2
DA:22,1
DA:25,1
DA:29,1
DA:32,1
DA:38,1
DA:62,1
DA:63,1
LF:18
LH:18
BRDA:21,0,0,1
BRDA:21,0,1,1
BRDA:62,1,0,1
BRDA:62,1,1,0
BRF:4
BRH:3
end_of_record
TN:
SF:public\js\ajaxRetrieveChoices.js
FN:1,(anonymous_0)
FN:3,(anonymous_1)
FN:12,(anonymous_2)
FN:15,(anonymous_3)
FN:19,(anonymous_4)
FNF:5
FNH:5
FNDA:1,(anonymous_0)
FNDA:1,(anonymous_1)
FNDA:1,(anonymous_2)
FNDA:1,(anonymous_3)
FNDA:1,(anonymous_4)
DA:1,1
DA:2,1
DA:3,1
DA:4,1
DA:12,1
DA:13,1
DA:15,1
DA:16,1
DA:17,1
DA:19,1
DA:21,1
DA:23,1
DA:29,1
DA:43,1
DA:44,1
LF:15
LH:15
BRDA:43,0,0,1
BRDA:43,0,1,0
BRF:2
BRH:1
end_of_record
TN:
SF:public\js\choiceitem.js
FN:3,checkSelectedSideItem
FN:22,showSelectedFromChoiceItem
FN:35,checkSelectedEntreeItem
FNF:3
FNH:2
FNDA:2,checkSelectedSideItem
FNDA:0,showSelectedFromChoiceItem
FNDA:2,checkSelectedEntreeItem
DA:4,2
DA:5,2
DA:13,2
DA:15,2
DA:16,2
DA:17,2
DA:23,0
DA:24,0
DA:25,0
DA:28,0
DA:29,0
DA:36,2
DA:37,2
DA:45,2
DA:47,2
DA:48,2
DA:49,2
DA:54,1
DA:55,1
LF:19
LH:14
BRDA:4,0,0,2
BRDA:4,0,1,0
BRDA:4,1,0,2
BRDA:4,1,1,2
BRDA:23,2,0,0
BRDA:23,2,1,0
BRDA:36,3,0,2
BRDA:36,3,1,0
BRDA:36,4,0,2
BRDA:36,4,1,2
BRDA:54,5,0,1
BRDA:54,5,1,0
BRF:12
BRH:7
end_of_record
TN:
SF:public\js\common.js
FN:3,retrieveId
FN:12,retrieveProductIdForCartButtons
FN:23,retrieveSerialNumberForCartButtons
FN:34,loadPriceDetailElements
FN:63,loadCartCountElements
FN:71,loadCheckoutMenuElement
FN:79,loadOrderListElements
FN:84,(anonymous_7)
FN:110,orderListElement
FN:156,retrieveSummary
FN:164,(anonymous_10)
FN:233,retrieveExtraCharge
FN:238,(anonymous_12)
FN:255,retrieveImageFromSubItems
FN:272,(anonymous_14)
FN:289,enableAddToCartButtonForCombos
FN:343,retrieveTotalSideQuantity
FN:346,(anonymous_17)
FN:360,retrieveTotalEntreeQuantity
FN:363,(anonymous_19)
FN:375,retrieveTotalDrinkQuantity
FN:378,(anonymous_21)
FN:385,(anonymous_22)
FN:394,enableAddToCartButtonForDrinkOnly
FN:414,changeColorAddToCartButtonForDrinkOnly
FN:434,loadEditModalForAppetizers
FN:460,loadEditModalForDrinksWithoutSelectBox
FN:487,loadEditModalForDrinksWithSelectDrinksOrSelectSizes
FN:489,(anonymous_28)
FN:510,(anonymous_29)
FN:519,(anonymous_30)
FN:541,loadEditModalForSingleSideEntree
FN:556,(anonymous_32)
FN:575,loadEditModalForCombo
FN:597,(anonymous_34)
FN:622,(anonymous_35)
FN:645,(anonymous_36)
FN:668,(anonymous_37)
FN:695,(anonymous_38)
FN:711,(anonymous_39)
FN:756,loadMessage
FN:769,retrieveSubItemsForCombo
FN:774,(anonymous_42)
FN:791,(anonymous_43)
FN:806,(anonymous_44)
FN:814,(anonymous_45)
FNF:46
FNH:46
FNDA:29,retrieveId
FNDA:1,retrieveProductIdForCartButtons
FNDA:1,retrieveSerialNumberForCartButtons
FNDA:2,loadPriceDetailElements
FNDA:1,loadCartCountElements
FNDA:2,loadCheckoutMenuElement
FNDA:6,loadOrderListElements
FNDA:6,(anonymous_7)
FNDA:6,orderListElement
FNDA:7,retrieveSummary
FNDA:11,(anonymous_10)
FNDA:6,retrieveExtraCharge
FNDA:10,(anonymous_12)
FNDA:4,retrieveImageFromSubItems
FNDA:3,(anonymous_14)
FNDA:5,enableAddToCartButtonForCombos
FNDA:3,retrieveTotalSideQuantity
FNDA:6,(anonymous_17)
FNDA:2,retrieveTotalEntreeQuantity
FNDA:4,(anonymous_19)
FNDA:2,retrieveTotalDrinkQuantity
FNDA:1,(anonymous_21)
FNDA:3,(anonymous_22)
FNDA:5,enableAddToCartButtonForDrinkOnly
FNDA:5,changeColorAddToCartButtonForDrinkOnly
FNDA:1,loadEditModalForAppetizers
FNDA:1,loadEditModalForDrinksWithoutSelectBox
FNDA:2,loadEditModalForDrinksWithSelectDrinksOrSelectSizes
FNDA:4,(anonymous_28)
FNDA:12,(anonymous_29)
FNDA:3,(anonymous_30)
FNDA:2,loadEditModalForSingleSideEntree
FNDA:6,(anonymous_32)
FNDA:2,loadEditModalForCombo
FNDA:6,(anonymous_34)
FNDA:18,(anonymous_35)
FNDA:6,(anonymous_36)
FNDA:4,(anonymous_37)
FNDA:2,(anonymous_38)
FNDA:8,(anonymous_39)
FNDA:1,loadMessage
FNDA:7,retrieveSubItemsForCombo
FNDA:6,(anonymous_42)
FNDA:4,(anonymous_43)
FNDA:2,(anonymous_44)
FNDA:2,(anonymous_45)
DA:6,29
DA:7,29
DA:8,29
DA:9,29
DA:15,1
DA:16,1
DA:17,1
DA:18,1
DA:19,1
DA:20,1
DA:26,1
DA:27,1
DA:28,1
DA:29,1
DA:30,1
DA:31,1
DA:37,2
DA:38,2
DA:39,2
DA:40,2
DA:41,2
DA:42,2
DA:43,2
DA:44,2
DA:45,2
DA:46,2
DA:47,2
DA:48,2
DA:49,2
DA:50,2
DA:51,2
DA:52,2
DA:53,2
DA:54,2
DA:55,2
DA:56,2
DA:57,2
DA:58,2
DA:60,2
DA:66,1
DA:68,1
DA:74,2
DA:76,2
DA:83,6
DA:84,6
DA:85,6
DA:86,6
DA:87,6
DA:88,6
DA:90,6
DA:93,6
DA:112,6
DA:113,6
DA:114,6
DA:115,6
DA:116,1
DA:118,5
DA:122,6
DA:123,6
DA:124,3
DA:127,6
DA:128,6
DA:129,6
DA:130,6
DA:131,6
DA:132,6
DA:133,6
DA:134,6
DA:135,6
DA:136,6
DA:137,6
DA:138,6
DA:139,6
DA:140,6
DA:141,6
DA:142,6
DA:143,6
DA:144,6
DA:145,6
DA:146,6
DA:147,6
DA:148,6
DA:149,6
DA:150,6
DA:151,6
DA:152,6
DA:153,6
DA:158,7
DA:159,7
DA:160,7
DA:161,7
DA:162,7
DA:164,7
DA:169,11
DA:170,11
DA:171,11
DA:173,11
DA:174,3
DA:176,11
DA:177,4
DA:178,3
DA:180,1
DA:183,11
DA:184,3
DA:185,2
DA:187,1
DA:191,11
DA:192,2
DA:194,2
DA:196,1
DA:197,1
DA:199,2
DA:200,1
DA:202,1
DA:205,11
DA:206,2
DA:208,2
DA:210,1
DA:211,1
DA:212,1
DA:217,7
DA:218,3
DA:220,7
DA:221,3
DA:223,7
DA:224,2
DA:226,7
DA:227,1
DA:230,7
DA:235,6
DA:238,6
DA:242,10
DA:243,10
DA:244,10
DA:246,10
DA:247,2
DA:248,1
DA:252,6
DA:261,4
DA:271,4
DA:272,3
DA:273,3
DA:274,3
DA:277,4
DA:303,5
DA:304,5
DA:305,1
DA:306,1
DA:308,1
DA:312,4
DA:315,4
DA:317,4
DA:318,2
DA:319,1
DA:320,1
DA:321,1
DA:323,1
DA:324,1
DA:325,1
DA:329,2
DA:331,2
DA:332,1
DA:333,1
DA:334,1
DA:336,1
DA:337,1
DA:338,1
DA:344,3
DA:345,3
DA:346,3
DA:347,6
DA:348,6
DA:349,6
DA:350,2
DA:351,4
DA:352,1
DA:353,3
DA:354,2
DA:357,3
DA:361,2
DA:362,2
DA:363,2
DA:364,4
DA:365,4
DA:366,4
DA:367,1
DA:368,3
DA:369,2
DA:372,2
DA:376,2
DA:377,2
DA:378,2
DA:379,1
DA:380,1
DA:381,1
DA:384,2
DA:385,2
DA:386,3
DA:387,3
DA:388,1
DA:391,2
DA:395,5
DA:396,2
DA:397,1
DA:399,1
DA:402,3
DA:403,2
DA:404,1
DA:406,1
DA:409,1
DA:415,5
DA:416,2
DA:417,1
DA:419,1
DA:422,3
DA:423,2
DA:424,1
DA:426,1
DA:429,1
DA:435,1
DA:436,1
DA:437,1
DA:438,1
DA:439,1
DA:440,1
DA:441,1
DA:442,1
DA:443,1
DA:444,1
DA:445,1
DA:446,1
DA:447,1
DA:448,1
DA:449,1
DA:450,1
DA:451,1
DA:452,1
DA:453,1
DA:454,1
DA:455,1
DA:456,1
DA:457,1
DA:461,1
DA:462,1
DA:463,1
DA:464,1
DA:465,1
DA:466,1
DA:467,1
DA:468,1
DA:469,1
DA:470,1
DA:471,1
DA:472,1
DA:473,1
DA:474,1
DA:475,1
DA:476,1
DA:477,1
DA:478,1
DA:479,1
DA:480,1
DA:481,1
DA:482,1
DA:483,1
DA:484,1
DA:488,2
DA:489,2
DA:490,4
DA:493,2
DA:494,2
DA:495,2
DA:496,2
DA:497,2
DA:498,2
DA:499,2
DA:501,2
DA:502,1
DA:504,1
DA:507,2
DA:508,2
DA:510,2
DA:511,12
DA:513,2
DA:514,2
DA:516,2
DA:517,1
DA:518,1
DA:519,1
DA:520,3
DA:522,1
DA:523,1
DA:526,2
DA:527,2
DA:528,2
DA:529,2
DA:530,2
DA:531,2
DA:532,2
DA:533,2
DA:534,2
DA:535,2
DA:536,2
DA:537,2
DA:538,2
DA:542,2
DA:543,2
DA:544,2
DA:545,2
DA:546,2
DA:547,1
DA:549,1
DA:551,2
DA:552,2
DA:553,2
DA:554,2
DA:555,2
DA:556,2
DA:557,6
DA:559,2
DA:560,2
DA:561,2
DA:562,2
DA:563,2
DA:564,2
DA:565,2
DA:566,2
DA:567,2
DA:568,2
DA:569,2
DA:570,2
DA:572,2
DA:576,2
DA:577,2
DA:578,2
DA:579,1
DA:581,1
DA:583,2
DA:584,1
DA:587,2
DA:588,2
DA:590,2
DA:591,2
DA:593,2
DA:594,2
DA:595,2
DA:596,2
DA:597,2
DA:598,6
DA:599,6
DA:600,6
DA:601,6
DA:602,6
DA:603,6
DA:604,6
DA:605,6
DA:606,6
DA:607,6
DA:608,6
DA:609,6
DA:610,6
DA:611,6
DA:612,6
DA:615,2
DA:616,2
DA:617,2
DA:618,2
DA:619,2
DA:620,2
DA:621,2
DA:622,2
DA:623,18
DA:624,18
DA:625,18
DA:626,18
DA:627,18
DA:628,18
DA:629,18
DA:630,18
DA:631,18
DA:632,18
DA:633,18
DA:634,18
DA:635,18
DA:636,18
DA:637,18
DA:638,18
DA:641,2
DA:642,2
DA:643,2
DA:644,2
DA:645,2
DA:646,6
DA:647,6
DA:648,6
DA:649,6
DA:650,6
DA:651,6
DA:652,6
DA:653,6
DA:654,6
DA:655,6
DA:656,6
DA:657,6
DA:658,6
DA:659,6
DA:660,6
DA:661,6
DA:664,2
DA:665,2
DA:666,2
DA:667,2
DA:668,2
DA:669,4
DA:670,4
DA:671,4
DA:672,4
DA:673,4
DA:674,4
DA:675,4
DA:676,4
DA:677,4
DA:678,4
DA:679,4
DA:680,4
DA:681,4
DA:682,4
DA:683,4
DA:684,4
DA:687,2
DA:688,1
DA:689,1
DA:690,1
DA:691,1
DA:692,1
DA:693,1
DA:694,1
DA:695,1
DA:696,2
DA:697,1
DA:698,1
DA:699,1
DA:700,1
DA:701,1
DA:702,1
DA:703,1
DA:710,1
DA:711,1
DA:712,8
DA:714,1
DA:715,1
DA:716,1
DA:717,1
DA:718,1
DA:719,1
DA:720,1
DA:722,1
DA:723,1
DA:724,1
DA:725,1
DA:727,1
DA:728,1
DA:729,1
DA:730,1
DA:731,1
DA:732,1
DA:733,1
DA:738,2
DA:739,2
DA:740,2
DA:741,2
DA:742,2
DA:743,2
DA:744,2
DA:746,2
DA:747,2
DA:748,2
DA:749,2
DA:750,2
DA:751,2
DA:752,2
DA:753,2
DA:757,1
DA:758,1
DA:759,1
DA:760,1
DA:761,1
DA:762,1
DA:763,1
DA:764,1
DA:765,1
DA:766,1
DA:770,7
DA:773,7
DA:774,7
DA:775,6
DA:776,6
DA:777,6
DA:778,2
DA:779,2
DA:780,4
DA:781,1
DA:782,1
DA:783,3
DA:784,2
DA:785,2
DA:790,7
DA:791,7
DA:792,4
DA:793,4
DA:794,4
DA:795,1
DA:796,1
DA:797,3
DA:798,2
DA:799,2
DA:804,7
DA:805,2
DA:806,2
DA:807,2
DA:808,2
DA:809,1
DA:810,1
DA:813,2
DA:814,2
DA:815,2
DA:816,2
DA:817,1
DA:818,1
DA:819,1
DA:823,7
DA:826,1
LF:532
LH:532
BRDA:37,0,0,1
BRDA:37,0,1,1
BRDA:74,1,0,1
BRDA:74,1,1,1
BRDA:74,2,0,1
BRDA:74,2,1,1
BRDA:115,3,0,1
BRDA:115,3,1,5
BRDA:123,4,0,3
BRDA:123,4,1,3
BRDA:173,5,0,3
BRDA:173,5,1,8
BRDA:176,6,0,4
BRDA:176,6,1,7
BRDA:177,7,0,3
BRDA:177,7,1,1
BRDA:183,8,0,3
BRDA:183,8,1,8
BRDA:184,9,0,2
BRDA:184,9,1,1
BRDA:191,10,0,2
BRDA:191,10,1,9
BRDA:194,11,0,1
BRDA:194,11,1,1
BRDA:199,12,0,1
BRDA:199,12,1,1
BRDA:205,13,0,2
BRDA:205,13,1,9
BRDA:208,14,0,1
BRDA:208,14,1,1
BRDA:217,15,0,3
BRDA:217,15,1,4
BRDA:220,16,0,3
BRDA:220,16,1,4
BRDA:223,17,0,2
BRDA:223,17,1,5
BRDA:226,18,0,1
BRDA:226,18,1,6
BRDA:246,19,0,2
BRDA:246,19,1,8
BRDA:247,20,0,1
BRDA:247,20,1,1
BRDA:271,21,0,3
BRDA:271,21,1,1
BRDA:271,22,0,4
BRDA:271,22,1,3
BRDA:304,23,0,1
BRDA:304,23,1,4
BRDA:317,24,0,2
BRDA:317,24,1,2
BRDA:318,25,0,1
BRDA:318,25,1,1
BRDA:318,26,0,2
BRDA:318,26,1,1
BRDA:331,27,0,1
BRDA:331,27,1,1
BRDA:331,28,0,2
BRDA:331,28,1,1
BRDA:331,28,2,1
BRDA:349,29,0,2
BRDA:349,29,1,4
BRDA:351,30,0,1
BRDA:351,30,1,3
BRDA:353,31,0,2
BRDA:353,31,1,1
BRDA:366,32,0,1
BRDA:366,32,1,3
BRDA:368,33,0,2
BRDA:368,33,1,1
BRDA:380,34,0,1
BRDA:380,34,1,0
BRDA:387,35,0,1
BRDA:387,35,1,2
BRDA:395,36,0,2
BRDA:395,36,1,3
BRDA:396,37,0,1
BRDA:396,37,1,1
BRDA:402,38,0,2
BRDA:402,38,1,1
BRDA:403,39,0,1
BRDA:403,39,1,1
BRDA:415,40,0,2
BRDA:415,40,1,3
BRDA:416,41,0,1
BRDA:416,41,1,1
BRDA:422,42,0,2
BRDA:422,42,1,1
BRDA:423,43,0,1
BRDA:423,43,1,1
BRDA:501,44,0,1
BRDA:501,44,1,1
BRDA:511,45,0,2
BRDA:511,45,1,10
BRDA:516,46,0,1
BRDA:516,46,1,1
BRDA:520,47,0,1
BRDA:520,47,1,2
BRDA:546,48,0,1
BRDA:546,48,1,1
BRDA:557,49,0,2
BRDA:557,49,1,4
BRDA:578,50,0,1
BRDA:578,50,1,1
BRDA:583,51,0,1
BRDA:583,51,1,1
BRDA:687,52,0,1
BRDA:687,52,1,1
BRDA:696,53,0,1
BRDA:696,53,1,1
BRDA:777,54,0,2
BRDA:777,54,1,4
BRDA:780,55,0,1
BRDA:780,55,1,3
BRDA:783,56,0,2
BRDA:783,56,1,1
BRDA:794,57,0,1
BRDA:794,57,1,3
BRDA:797,58,0,2
BRDA:797,58,1,1
BRDA:804,59,0,2
BRDA:804,59,1,5
BRDA:808,60,0,1
BRDA:808,60,1,1
BRDA:816,61,0,1
BRDA:816,61,1,1
BRDA:826,62,0,1
BRDA:826,62,1,0
BRF:127
BRH:125
end_of_record
